-- The C compiler identification is GNU 9.4.0
-- The CXX compiler identification is GNU 9.4.0
-- Check for working C compiler: /usr/bin/cc
-- Check for working C compiler: /usr/bin/cc -- works
-- Detecting C compiler ABI info
-- Detecting C compiler ABI info - done
-- Detecting C compile features
-- Detecting C compile features - done
-- Check for working CXX compiler: /usr/bin/c++
-- Check for working CXX compiler: /usr/bin/c++ -- works
-- Detecting CXX compiler ABI info
-- Detecting CXX compiler ABI info - done
-- Detecting CXX compile features
-- Detecting CXX compile features - done
-- Found ament_cmake: 0.9.12 (/opt/ros/foxy/share/ament_cmake/cmake)
-- Found PythonInterp: /usr/bin/python3 (found suitable version "3.8.10", minimum required is "3") 
-- Using PYTHON_EXECUTABLE: /usr/bin/python3
-- Override CMake install command with custom implementation using symlinks instead of copying resources
-- Found rclcpp: 2.4.3 (/opt/ros/foxy/share/rclcpp/cmake)
-- Using all available rosidl_typesupport_c: rosidl_typesupport_fastrtps_c;rosidl_typesupport_introspection_c
-- Found rosidl_adapter: 1.3.1 (/opt/ros/foxy/share/rosidl_adapter/cmake)
-- Found OpenSSL: /usr/lib/x86_64-linux-gnu/libcrypto.so (found version "1.1.1f")  
-- Found FastRTPS: /opt/ros/foxy/include  
-- Using all available rosidl_typesupport_cpp: rosidl_typesupport_fastrtps_cpp;rosidl_typesupport_introspection_cpp
-- Found rmw_implementation_cmake: 1.0.4 (/opt/ros/foxy/share/rmw_implementation_cmake/cmake)
-- Using RMW implementation 'rmw_fastrtps_cpp' as default
-- Looking for pthread.h
-- Looking for pthread.h - found
-- Performing Test CMAKE_HAVE_LIBC_PTHREAD
-- Performing Test CMAKE_HAVE_LIBC_PTHREAD - Failed
-- Looking for pthread_create in pthreads
-- Looking for pthread_create in pthreads - not found
-- Looking for pthread_create in pthread
-- Looking for pthread_create in pthread - found
-- Found Threads: TRUE  
-- Found sensor_msgs: 2.0.5 (/opt/ros/foxy/share/sensor_msgs/cmake)
-- Found urdf: 2.4.0 (/opt/ros/foxy/share/urdf/cmake)
-- Found kdl_parser: 2.4.1 (/opt/ros/foxy/share/kdl_parser/cmake)
-- Found eigen3_cmake_module: 0.1.1 (/opt/ros/foxy/share/eigen3_cmake_module/cmake)
-- Found Eigen3: TRUE (found version "3.3.7") 
-- Found ament_lint_auto: 0.9.8 (/opt/ros/foxy/share/ament_lint_auto/cmake)
-- Added test 'copyright' to check source files copyright and LICENSE
-- Added test 'cppcheck' to perform static code analysis on C / C++ code
-- Configured cppcheck include dirs: /home/hsh/forestry_ws/src/forestry_control/include
-- Configured cppcheck exclude dirs and/or files: 
-- Added test 'cpplint' to check C / C++ code against the Google style
-- Configured cpplint exclude dirs and/or files: 
-- Added test 'lint_cmake' to check CMake code style
-- Added test 'uncrustify' to check C / C++ code style
-- Configured uncrustify additional arguments: 
-- Added test 'xmllint' to check XML markup files
-- Configuring done
-- Generating done
-- Build files have been written to: /home/hsh/forestry_ws/build/forestry_control
[35m[1mScanning dependencies of target forestry_dynamics[0m
[ 50%] [32mBuilding CXX object CMakeFiles/forestry_dynamics.dir/src/joint_state_subscriber.cpp.o[0m
[100%] [32m[1mLinking CXX executable forestry_dynamics[0m
[100%] Built target forestry_dynamics
-- Install configuration: ""
-- Execute custom install script
-- Symlinking: /home/hsh/forestry_ws/install/forestry_control/lib/forestry_control/forestry_dynamics
-- Symlinking: /home/hsh/forestry_ws/install/forestry_control/share/ament_index/resource_index/package_run_dependencies/forestry_control
-- Symlinking: /home/hsh/forestry_ws/install/forestry_control/share/ament_index/resource_index/parent_prefix_path/forestry_control
-- Symlinking: /home/hsh/forestry_ws/install/forestry_control/share/forestry_control/environment/ament_prefix_path.sh
-- Symlinking: /home/hsh/forestry_ws/install/forestry_control/share/forestry_control/environment/ament_prefix_path.dsv
-- Symlinking: /home/hsh/forestry_ws/install/forestry_control/share/forestry_control/environment/path.sh
-- Symlinking: /home/hsh/forestry_ws/install/forestry_control/share/forestry_control/environment/path.dsv
-- Symlinking: /home/hsh/forestry_ws/install/forestry_control/share/forestry_control/local_setup.bash
-- Symlinking: /home/hsh/forestry_ws/install/forestry_control/share/forestry_control/local_setup.sh
-- Symlinking: /home/hsh/forestry_ws/install/forestry_control/share/forestry_control/local_setup.zsh
-- Symlinking: /home/hsh/forestry_ws/install/forestry_control/share/forestry_control/local_setup.dsv
-- Symlinking: /home/hsh/forestry_ws/install/forestry_control/share/forestry_control/package.dsv
-- Symlinking: /home/hsh/forestry_ws/install/forestry_control/share/ament_index/resource_index/packages/forestry_control
-- Symlinking: /home/hsh/forestry_ws/install/forestry_control/share/forestry_control/cmake/forestry_controlConfig.cmake
-- Symlinking: /home/hsh/forestry_ws/install/forestry_control/share/forestry_control/cmake/forestry_controlConfig-version.cmake
-- Symlinking: /home/hsh/forestry_ws/install/forestry_control/share/forestry_control/package.xml
