[1.213s] DEBUG:colcon:Command line arguments: ['/usr/bin/colcon', 'build', '--packages-select', 'ecvt_controller']
[1.213s] DEBUG:colcon:Parsed command line arguments: Namespace(allow_overriding=[], ament_cmake_args=None, base_paths=['.'], build_base='build', catkin_cmake_args=None, catkin_skip_building_tests=False, cmake_args=None, cmake_clean_cache=False, cmake_clean_first=False, cmake_force_configure=False, cmake_target=None, cmake_target_skip_unavailable=False, continue_on_error=False, event_handlers=None, executor='parallel', ignore_user_meta=False, install_base='install', log_base=None, log_level=None, main=<bound method BuildVerb.main of <colcon_core.verb.build.BuildVerb object at 0x7f9843b11f40>>, merge_install=False, metas=['./colcon.meta'], mixin=None, mixin_files=None, mixin_verb=('build',), packages_above=None, packages_above_and_dependencies=None, packages_above_depth=None, packages_end=None, packages_ignore=None, packages_ignore_regex=None, packages_select=['ecvt_controller'], packages_select_build_failed=False, packages_select_by_dep=None, packages_select_regex=None, packages_select_test_failures=False, packages_skip=None, packages_skip_build_finished=False, packages_skip_by_dep=None, packages_skip_regex=None, packages_skip_test_passed=False, packages_skip_up_to=None, packages_start=None, packages_up_to=None, packages_up_to_regex=None, parallel_workers=20, paths=None, symlink_install=False, test_result_base=None, verb_extension=<colcon_core.verb.build.BuildVerb object at 0x7f9843b11f40>, verb_name='build', verb_parser=<colcon_mixin.mixin.mixin_argument.MixinArgumentDecorator object at 0x7f9843a61dc0>)
[1.309s] Level 1:colcon.colcon_core.package_discovery:discover_packages(colcon_meta) check parameters
[1.309s] Level 1:colcon.colcon_core.package_discovery:discover_packages(recursive) check parameters
[1.309s] Level 1:colcon.colcon_core.package_discovery:discover_packages(ignore) check parameters
[1.309s] Level 1:colcon.colcon_core.package_discovery:discover_packages(path) check parameters
[1.309s] Level 1:colcon.colcon_core.package_discovery:discover_packages(colcon_meta) discover
[1.309s] Level 1:colcon.colcon_core.package_discovery:discover_packages(recursive) discover
[1.309s] INFO:colcon.colcon_core.package_discovery:Crawling recursively for packages in '/home/hsh/forestry_ws'
[1.309s] Level 1:colcon.colcon_core.package_identification:_identify(.) by extensions ['ignore', 'ignore_ament_install']
[1.309s] Level 1:colcon.colcon_core.package_identification:_identify(.) by extension 'ignore'
[1.309s] Level 1:colcon.colcon_core.package_identification:_identify(.) by extension 'ignore_ament_install'
[1.309s] Level 1:colcon.colcon_core.package_identification:_identify(.) by extensions ['colcon_pkg']
[1.309s] Level 1:colcon.colcon_core.package_identification:_identify(.) by extension 'colcon_pkg'
[1.309s] Level 1:colcon.colcon_core.package_identification:_identify(.) by extensions ['colcon_meta']
[1.309s] Level 1:colcon.colcon_core.package_identification:_identify(.) by extension 'colcon_meta'
[1.309s] Level 1:colcon.colcon_core.package_identification:_identify(.) by extensions ['ros']
[1.309s] Level 1:colcon.colcon_core.package_identification:_identify(.) by extension 'ros'
[1.315s] Level 1:colcon.colcon_core.package_identification:_identify(.) by extensions ['cmake', 'python']
[1.315s] Level 1:colcon.colcon_core.package_identification:_identify(.) by extension 'cmake'
[1.315s] Level 1:colcon.colcon_core.package_identification:_identify(.) by extension 'python'
[1.315s] Level 1:colcon.colcon_core.package_identification:_identify(.) by extensions ['python_setup_py']
[1.315s] Level 1:colcon.colcon_core.package_identification:_identify(.) by extension 'python_setup_py'
[1.316s] Level 1:colcon.colcon_core.package_identification:_identify(build) by extensions ['ignore', 'ignore_ament_install']
[1.316s] Level 1:colcon.colcon_core.package_identification:_identify(build) by extension 'ignore'
[1.316s] Level 1:colcon.colcon_core.package_identification:_identify(build) ignored
[1.316s] Level 1:colcon.colcon_core.package_identification:_identify(install) by extensions ['ignore', 'ignore_ament_install']
[1.316s] Level 1:colcon.colcon_core.package_identification:_identify(install) by extension 'ignore'
[1.316s] Level 1:colcon.colcon_core.package_identification:_identify(install) ignored
[1.316s] Level 1:colcon.colcon_core.package_identification:_identify(log) by extensions ['ignore', 'ignore_ament_install']
[1.316s] Level 1:colcon.colcon_core.package_identification:_identify(log) by extension 'ignore'
[1.316s] Level 1:colcon.colcon_core.package_identification:_identify(log) ignored
[1.316s] Level 1:colcon.colcon_core.package_identification:_identify(src) by extensions ['ignore', 'ignore_ament_install']
[1.316s] Level 1:colcon.colcon_core.package_identification:_identify(src) by extension 'ignore'
[1.316s] Level 1:colcon.colcon_core.package_identification:_identify(src) by extension 'ignore_ament_install'
[1.316s] Level 1:colcon.colcon_core.package_identification:_identify(src) by extensions ['colcon_pkg']
[1.316s] Level 1:colcon.colcon_core.package_identification:_identify(src) by extension 'colcon_pkg'
[1.316s] Level 1:colcon.colcon_core.package_identification:_identify(src) by extensions ['colcon_meta']
[1.316s] Level 1:colcon.colcon_core.package_identification:_identify(src) by extension 'colcon_meta'
[1.316s] Level 1:colcon.colcon_core.package_identification:_identify(src) by extensions ['ros']
[1.316s] Level 1:colcon.colcon_core.package_identification:_identify(src) by extension 'ros'
[1.316s] Level 1:colcon.colcon_core.package_identification:_identify(src) by extensions ['cmake', 'python']
[1.316s] Level 1:colcon.colcon_core.package_identification:_identify(src) by extension 'cmake'
[1.316s] Level 1:colcon.colcon_core.package_identification:_identify(src) by extension 'python'
[1.316s] Level 1:colcon.colcon_core.package_identification:_identify(src) by extensions ['python_setup_py']
[1.316s] Level 1:colcon.colcon_core.package_identification:_identify(src) by extension 'python_setup_py'
[1.316s] Level 1:colcon.colcon_core.package_identification:_identify(src/ecvt_controller) by extensions ['ignore', 'ignore_ament_install']
[1.316s] Level 1:colcon.colcon_core.package_identification:_identify(src/ecvt_controller) by extension 'ignore'
[1.316s] Level 1:colcon.colcon_core.package_identification:_identify(src/ecvt_controller) by extension 'ignore_ament_install'
[1.316s] Level 1:colcon.colcon_core.package_identification:_identify(src/ecvt_controller) by extensions ['colcon_pkg']
[1.316s] Level 1:colcon.colcon_core.package_identification:_identify(src/ecvt_controller) by extension 'colcon_pkg'
[1.316s] Level 1:colcon.colcon_core.package_identification:_identify(src/ecvt_controller) by extensions ['colcon_meta']
[1.316s] Level 1:colcon.colcon_core.package_identification:_identify(src/ecvt_controller) by extension 'colcon_meta'
[1.316s] Level 1:colcon.colcon_core.package_identification:_identify(src/ecvt_controller) by extensions ['ros']
[1.316s] Level 1:colcon.colcon_core.package_identification:_identify(src/ecvt_controller) by extension 'ros'
[1.316s] Level 1:colcon.colcon_core.package_identification:_identify(src/ecvt_controller) by extensions ['cmake', 'python']
[1.316s] Level 1:colcon.colcon_core.package_identification:_identify(src/ecvt_controller) by extension 'cmake'
[1.316s] Level 1:colcon.colcon_core.package_identification:_identify(src/ecvt_controller) by extension 'python'
[1.316s] Level 1:colcon.colcon_core.package_identification:_identify(src/ecvt_controller) by extensions ['python_setup_py']
[1.316s] Level 1:colcon.colcon_core.package_identification:_identify(src/ecvt_controller) by extension 'python_setup_py'
[1.316s] Level 1:colcon.colcon_core.package_identification:_identify(src/ecvt_controller/ecvt_controller) by extensions ['ignore', 'ignore_ament_install']
[1.316s] Level 1:colcon.colcon_core.package_identification:_identify(src/ecvt_controller/ecvt_controller) by extension 'ignore'
[1.316s] Level 1:colcon.colcon_core.package_identification:_identify(src/ecvt_controller/ecvt_controller) by extension 'ignore_ament_install'
[1.316s] Level 1:colcon.colcon_core.package_identification:_identify(src/ecvt_controller/ecvt_controller) by extensions ['colcon_pkg']
[1.316s] Level 1:colcon.colcon_core.package_identification:_identify(src/ecvt_controller/ecvt_controller) by extension 'colcon_pkg'
[1.316s] Level 1:colcon.colcon_core.package_identification:_identify(src/ecvt_controller/ecvt_controller) by extensions ['colcon_meta']
[1.317s] Level 1:colcon.colcon_core.package_identification:_identify(src/ecvt_controller/ecvt_controller) by extension 'colcon_meta'
[1.317s] Level 1:colcon.colcon_core.package_identification:_identify(src/ecvt_controller/ecvt_controller) by extensions ['ros']
[1.317s] Level 1:colcon.colcon_core.package_identification:_identify(src/ecvt_controller/ecvt_controller) by extension 'ros'
[1.318s] DEBUG:colcon.colcon_core.package_identification:Package 'src/ecvt_controller/ecvt_controller' with type 'ros.ament_cmake' and name 'ecvt_controller'
[1.318s] Level 1:colcon.colcon_core.package_identification:_identify(src/forestry_control) by extensions ['ignore', 'ignore_ament_install']
[1.318s] Level 1:colcon.colcon_core.package_identification:_identify(src/forestry_control) by extension 'ignore'
[1.318s] Level 1:colcon.colcon_core.package_identification:_identify(src/forestry_control) by extension 'ignore_ament_install'
[1.318s] Level 1:colcon.colcon_core.package_identification:_identify(src/forestry_control) by extensions ['colcon_pkg']
[1.318s] Level 1:colcon.colcon_core.package_identification:_identify(src/forestry_control) by extension 'colcon_pkg'
[1.318s] Level 1:colcon.colcon_core.package_identification:_identify(src/forestry_control) by extensions ['colcon_meta']
[1.318s] Level 1:colcon.colcon_core.package_identification:_identify(src/forestry_control) by extension 'colcon_meta'
[1.318s] Level 1:colcon.colcon_core.package_identification:_identify(src/forestry_control) by extensions ['ros']
[1.318s] Level 1:colcon.colcon_core.package_identification:_identify(src/forestry_control) by extension 'ros'
[1.318s] DEBUG:colcon.colcon_core.package_identification:Package 'src/forestry_control' with type 'ros.ament_cmake' and name 'forestry_control'
[1.319s] Level 1:colcon.colcon_core.package_identification:_identify(src/forestry_description) by extensions ['ignore', 'ignore_ament_install']
[1.319s] Level 1:colcon.colcon_core.package_identification:_identify(src/forestry_description) by extension 'ignore'
[1.319s] Level 1:colcon.colcon_core.package_identification:_identify(src/forestry_description) by extension 'ignore_ament_install'
[1.319s] Level 1:colcon.colcon_core.package_identification:_identify(src/forestry_description) by extensions ['colcon_pkg']
[1.319s] Level 1:colcon.colcon_core.package_identification:_identify(src/forestry_description) by extension 'colcon_pkg'
[1.319s] Level 1:colcon.colcon_core.package_identification:_identify(src/forestry_description) by extensions ['colcon_meta']
[1.319s] Level 1:colcon.colcon_core.package_identification:_identify(src/forestry_description) by extension 'colcon_meta'
[1.319s] Level 1:colcon.colcon_core.package_identification:_identify(src/forestry_description) by extensions ['ros']
[1.319s] Level 1:colcon.colcon_core.package_identification:_identify(src/forestry_description) by extension 'ros'
[1.319s] DEBUG:colcon.colcon_core.package_identification:Package 'src/forestry_description' with type 'ros.catkin' and name 'forestry_description'
[1.319s] Level 1:colcon.colcon_core.package_discovery:discover_packages(recursive) using defaults
[1.319s] Level 1:colcon.colcon_core.package_discovery:discover_packages(ignore) discover
[1.319s] Level 1:colcon.colcon_core.package_discovery:discover_packages(ignore) using defaults
[1.319s] Level 1:colcon.colcon_core.package_discovery:discover_packages(path) discover
[1.319s] Level 1:colcon.colcon_core.package_discovery:discover_packages(path) using defaults
[1.329s] INFO:colcon.colcon_core.package_selection:Skipping not selected package 'forestry_control' in 'src/forestry_control'
[1.329s] INFO:colcon.colcon_core.package_selection:Skipping not selected package 'forestry_description' in 'src/forestry_description'
[1.329s] Level 1:colcon.colcon_core.package_discovery:discover_packages(prefix_path) check parameters
[1.329s] Level 1:colcon.colcon_core.package_discovery:discover_packages(prefix_path) discover
[1.367s] DEBUG:colcon.colcon_installed_package_information.package_discovery:Found 336 installed packages in /opt/ros/foxy
[1.371s] Level 1:colcon.colcon_core.package_discovery:discover_packages(prefix_path) using defaults
[1.427s] Level 5:colcon.colcon_core.verb:set package 'ecvt_controller' build argument 'cmake_args' from command line to 'None'
[1.427s] Level 5:colcon.colcon_core.verb:set package 'ecvt_controller' build argument 'cmake_target' from command line to 'None'
[1.427s] Level 5:colcon.colcon_core.verb:set package 'ecvt_controller' build argument 'cmake_target_skip_unavailable' from command line to 'False'
[1.427s] Level 5:colcon.colcon_core.verb:set package 'ecvt_controller' build argument 'cmake_clean_cache' from command line to 'False'
[1.427s] Level 5:colcon.colcon_core.verb:set package 'ecvt_controller' build argument 'cmake_clean_first' from command line to 'False'
[1.427s] Level 5:colcon.colcon_core.verb:set package 'ecvt_controller' build argument 'cmake_force_configure' from command line to 'False'
[1.427s] Level 5:colcon.colcon_core.verb:set package 'ecvt_controller' build argument 'ament_cmake_args' from command line to 'None'
[1.427s] Level 5:colcon.colcon_core.verb:set package 'ecvt_controller' build argument 'catkin_cmake_args' from command line to 'None'
[1.427s] Level 5:colcon.colcon_core.verb:set package 'ecvt_controller' build argument 'catkin_skip_building_tests' from command line to 'False'
[1.427s] DEBUG:colcon.colcon_core.verb:Building package 'ecvt_controller' with the following arguments: {'ament_cmake_args': None, 'build_base': '/home/hsh/forestry_ws/build/ecvt_controller', 'catkin_cmake_args': None, 'catkin_skip_building_tests': False, 'cmake_args': None, 'cmake_clean_cache': False, 'cmake_clean_first': False, 'cmake_force_configure': False, 'cmake_target': None, 'cmake_target_skip_unavailable': False, 'install_base': '/home/hsh/forestry_ws/install/ecvt_controller', 'merge_install': False, 'path': '/home/hsh/forestry_ws/src/ecvt_controller/ecvt_controller', 'symlink_install': False, 'test_result_base': None}
[1.427s] INFO:colcon.colcon_core.executor:Executing jobs using 'parallel' executor
[1.428s] DEBUG:colcon.colcon_parallel_executor.executor.parallel:run_until_complete
[1.428s] INFO:colcon.colcon_ros.task.ament_cmake.build:Building ROS package in '/home/hsh/forestry_ws/src/ecvt_controller/ecvt_controller' with build type 'ament_cmake'
[1.428s] INFO:colcon.colcon_cmake.task.cmake.build:Building CMake package in '/home/hsh/forestry_ws/src/ecvt_controller/ecvt_controller'
[1.429s] INFO:colcon.colcon_core.plugin_system:Skipping extension 'colcon_core.shell.bat': Not used on non-Windows systems
[1.429s] INFO:colcon.colcon_core.shell:Skip shell extension 'powershell' for command environment: Not usable outside of PowerShell
[1.429s] DEBUG:colcon.colcon_core.shell:Skip shell extension 'dsv' for command environment
[1.446s] DEBUG:colcon.colcon_core.event_handler.log_command:Invoking command in '/home/hsh/forestry_ws/build/ecvt_controller': CMAKE_PREFIX_PATH=${CMAKE_PREFIX_PATH}:/opt/ros/foxy /usr/bin/cmake /home/hsh/forestry_ws/src/ecvt_controller/ecvt_controller -DCMAKE_INSTALL_PREFIX=/home/hsh/forestry_ws/install/ecvt_controller
[3.902s] DEBUG:colcon.colcon_core.event_handler.log_command:Invoked command in '/home/hsh/forestry_ws/build/ecvt_controller' returned '0': CMAKE_PREFIX_PATH=${CMAKE_PREFIX_PATH}:/opt/ros/foxy /usr/bin/cmake /home/hsh/forestry_ws/src/ecvt_controller/ecvt_controller -DCMAKE_INSTALL_PREFIX=/home/hsh/forestry_ws/install/ecvt_controller
[3.903s] DEBUG:colcon.colcon_core.event_handler.log_command:Invoking command in '/home/hsh/forestry_ws/build/ecvt_controller': CMAKE_PREFIX_PATH=${CMAKE_PREFIX_PATH}:/opt/ros/foxy /usr/bin/cmake --build /home/hsh/forestry_ws/build/ecvt_controller -- -j20 -l20
[7.029s] DEBUG:colcon.colcon_core.event_handler.log_command:Invoked command in '/home/hsh/forestry_ws/build/ecvt_controller' returned '0': CMAKE_PREFIX_PATH=${CMAKE_PREFIX_PATH}:/opt/ros/foxy /usr/bin/cmake --build /home/hsh/forestry_ws/build/ecvt_controller -- -j20 -l20
[7.064s] DEBUG:colcon.colcon_core.event_handler.log_command:Invoking command in '/home/hsh/forestry_ws/build/ecvt_controller': CMAKE_PREFIX_PATH=${CMAKE_PREFIX_PATH}:/opt/ros/foxy /usr/bin/cmake --install /home/hsh/forestry_ws/build/ecvt_controller
[7.074s] Level 1:colcon.colcon_core.environment:create_environment_scripts_only(ecvt_controller)
[7.076s] DEBUG:colcon.colcon_core.event_handler.log_command:Invoked command in '/home/hsh/forestry_ws/build/ecvt_controller' returned '0': CMAKE_PREFIX_PATH=${CMAKE_PREFIX_PATH}:/opt/ros/foxy /usr/bin/cmake --install /home/hsh/forestry_ws/build/ecvt_controller
[7.077s] Level 1:colcon.colcon_core.environment:checking '/home/hsh/forestry_ws/install/ecvt_controller' for CMake module files
[7.077s] Level 1:colcon.colcon_core.environment:checking '/home/hsh/forestry_ws/install/ecvt_controller' for CMake config files
[7.077s] Level 1:colcon.colcon_core.shell:create_environment_hook('ecvt_controller', 'cmake_prefix_path')
[7.077s] INFO:colcon.colcon_core.shell:Creating environment hook '/home/hsh/forestry_ws/install/ecvt_controller/share/ecvt_controller/hook/cmake_prefix_path.ps1'
[7.089s] INFO:colcon.colcon_core.shell:Creating environment descriptor '/home/hsh/forestry_ws/install/ecvt_controller/share/ecvt_controller/hook/cmake_prefix_path.dsv'
[7.105s] INFO:colcon.colcon_core.shell:Creating environment hook '/home/hsh/forestry_ws/install/ecvt_controller/share/ecvt_controller/hook/cmake_prefix_path.sh'
[7.107s] Level 1:colcon.colcon_core.environment:checking '/home/hsh/forestry_ws/install/ecvt_controller/lib'
[7.108s] Level 1:colcon.colcon_core.environment:checking '/home/hsh/forestry_ws/install/ecvt_controller/bin'
[7.108s] Level 1:colcon.colcon_core.environment:checking '/home/hsh/forestry_ws/install/ecvt_controller/lib/pkgconfig/ecvt_controller.pc'
[7.109s] Level 1:colcon.colcon_core.environment:checking '/home/hsh/forestry_ws/install/ecvt_controller/lib/python3.8/site-packages'
[7.109s] Level 1:colcon.colcon_core.environment:checking '/home/hsh/forestry_ws/install/ecvt_controller/bin'
[7.110s] INFO:colcon.colcon_core.shell:Creating package script '/home/hsh/forestry_ws/install/ecvt_controller/share/ecvt_controller/package.ps1'
[7.111s] INFO:colcon.colcon_core.shell:Creating package descriptor '/home/hsh/forestry_ws/install/ecvt_controller/share/ecvt_controller/package.dsv'
[7.113s] INFO:colcon.colcon_core.shell:Creating package script '/home/hsh/forestry_ws/install/ecvt_controller/share/ecvt_controller/package.sh'
[7.114s] INFO:colcon.colcon_core.shell:Creating package script '/home/hsh/forestry_ws/install/ecvt_controller/share/ecvt_controller/package.bash'
[7.115s] INFO:colcon.colcon_core.shell:Creating package script '/home/hsh/forestry_ws/install/ecvt_controller/share/ecvt_controller/package.zsh'
[7.116s] Level 1:colcon.colcon_core.environment:create_file_with_runtime_dependencies(/home/hsh/forestry_ws/install/ecvt_controller/share/colcon-core/packages/ecvt_controller)
[7.163s] Level 1:colcon.colcon_core.environment:create_environment_scripts_only(ecvt_controller)
[7.164s] Level 1:colcon.colcon_core.environment:checking '/home/hsh/forestry_ws/install/ecvt_controller' for CMake module files
[7.165s] Level 1:colcon.colcon_core.environment:checking '/home/hsh/forestry_ws/install/ecvt_controller' for CMake config files
[7.166s] Level 1:colcon.colcon_core.shell:create_environment_hook('ecvt_controller', 'cmake_prefix_path')
[7.166s] INFO:colcon.colcon_core.shell:Creating environment hook '/home/hsh/forestry_ws/install/ecvt_controller/share/ecvt_controller/hook/cmake_prefix_path.ps1'
[7.168s] INFO:colcon.colcon_core.shell:Creating environment descriptor '/home/hsh/forestry_ws/install/ecvt_controller/share/ecvt_controller/hook/cmake_prefix_path.dsv'
[7.168s] INFO:colcon.colcon_core.shell:Creating environment hook '/home/hsh/forestry_ws/install/ecvt_controller/share/ecvt_controller/hook/cmake_prefix_path.sh'
[7.170s] Level 1:colcon.colcon_core.environment:checking '/home/hsh/forestry_ws/install/ecvt_controller/lib'
[7.170s] Level 1:colcon.colcon_core.environment:checking '/home/hsh/forestry_ws/install/ecvt_controller/bin'
[7.170s] Level 1:colcon.colcon_core.environment:checking '/home/hsh/forestry_ws/install/ecvt_controller/lib/pkgconfig/ecvt_controller.pc'
[7.171s] Level 1:colcon.colcon_core.environment:checking '/home/hsh/forestry_ws/install/ecvt_controller/lib/python3.8/site-packages'
[7.171s] Level 1:colcon.colcon_core.environment:checking '/home/hsh/forestry_ws/install/ecvt_controller/bin'
[7.172s] INFO:colcon.colcon_core.shell:Creating package script '/home/hsh/forestry_ws/install/ecvt_controller/share/ecvt_controller/package.ps1'
[7.173s] INFO:colcon.colcon_core.shell:Creating package descriptor '/home/hsh/forestry_ws/install/ecvt_controller/share/ecvt_controller/package.dsv'
[7.174s] INFO:colcon.colcon_core.shell:Creating package script '/home/hsh/forestry_ws/install/ecvt_controller/share/ecvt_controller/package.sh'
[7.175s] INFO:colcon.colcon_core.shell:Creating package script '/home/hsh/forestry_ws/install/ecvt_controller/share/ecvt_controller/package.bash'
[7.175s] INFO:colcon.colcon_core.shell:Creating package script '/home/hsh/forestry_ws/install/ecvt_controller/share/ecvt_controller/package.zsh'
[7.176s] Level 1:colcon.colcon_core.environment:create_file_with_runtime_dependencies(/home/hsh/forestry_ws/install/ecvt_controller/share/colcon-core/packages/ecvt_controller)
[7.176s] DEBUG:colcon.colcon_parallel_executor.executor.parallel:closing loop
[7.177s] DEBUG:colcon.colcon_parallel_executor.executor.parallel:loop closed
[7.177s] DEBUG:colcon.colcon_parallel_executor.executor.parallel:run_until_complete finished with '0'
[7.177s] DEBUG:colcon.colcon_core.event_reactor:joining thread
[7.186s] INFO:colcon.colcon_core.plugin_system:Skipping extension 'colcon_notification.desktop_notification.terminal_notifier': Not used on non-Darwin systems
[7.187s] INFO:colcon.colcon_core.plugin_system:Skipping extension 'colcon_notification.desktop_notification.win32': Not used on non-Windows systems
[7.187s] INFO:colcon.colcon_notification.desktop_notification:Sending desktop notification using 'notify2'
[7.213s] DEBUG:colcon.colcon_core.event_reactor:joined thread
[7.214s] INFO:colcon.colcon_core.shell:Creating prefix script '/home/hsh/forestry_ws/install/local_setup.ps1'
[7.214s] INFO:colcon.colcon_core.shell:Creating prefix util module '/home/hsh/forestry_ws/install/_local_setup_util_ps1.py'
[7.215s] INFO:colcon.colcon_core.shell:Creating prefix chain script '/home/hsh/forestry_ws/install/setup.ps1'
[7.216s] INFO:colcon.colcon_core.shell:Creating prefix script '/home/hsh/forestry_ws/install/local_setup.sh'
[7.216s] INFO:colcon.colcon_core.shell:Creating prefix util module '/home/hsh/forestry_ws/install/_local_setup_util_sh.py'
[7.216s] INFO:colcon.colcon_core.shell:Creating prefix chain script '/home/hsh/forestry_ws/install/setup.sh'
[7.217s] INFO:colcon.colcon_core.shell:Creating prefix script '/home/hsh/forestry_ws/install/local_setup.bash'
[7.221s] INFO:colcon.colcon_core.shell:Creating prefix chain script '/home/hsh/forestry_ws/install/setup.bash'
[7.222s] INFO:colcon.colcon_core.shell:Creating prefix script '/home/hsh/forestry_ws/install/local_setup.zsh'
[7.222s] INFO:colcon.colcon_core.shell:Creating prefix chain script '/home/hsh/forestry_ws/install/setup.zsh'
