[0.012s] Invoking command in '/home/hsh/forestry_ws/build/forestry_control': CMAKE_PREFIX_PATH=/opt/ros/foxy:${CMAKE_PREFIX_PATH} /usr/bin/cmake --build /home/hsh/forestry_ws/build/forestry_control -- -j20 -l20
[0.047s] [100%] Built target forestry_dynamics
[0.051s] Invoked command in '/home/hsh/forestry_ws/build/forestry_control' returned '0': CMAKE_PREFIX_PATH=/opt/ros/foxy:${CMAKE_PREFIX_PATH} /usr/bin/cmake --build /home/hsh/forestry_ws/build/forestry_control -- -j20 -l20
[0.065s] Invoking command in '/home/hsh/forestry_ws/build/forestry_control': CMAKE_PREFIX_PATH=/opt/ros/foxy:${CMAKE_PREFIX_PATH} /usr/bin/cmake --install /home/hsh/forestry_ws/build/forestry_control
[0.073s] -- Install configuration: ""
[0.073s] -- Execute custom install script
[0.073s] -- Up-to-date symlink: /home/hsh/forestry_ws/install/forestry_control/lib/forestry_control/forestry_dynamics
[0.073s] -- Up-to-date symlink: /home/hsh/forestry_ws/install/forestry_control/share/ament_index/resource_index/package_run_dependencies/forestry_control
[0.073s] -- Up-to-date symlink: /home/hsh/forestry_ws/install/forestry_control/share/ament_index/resource_index/parent_prefix_path/forestry_control
[0.073s] -- Up-to-date symlink: /home/hsh/forestry_ws/install/forestry_control/share/forestry_control/environment/ament_prefix_path.sh
[0.073s] -- Up-to-date symlink: /home/hsh/forestry_ws/install/forestry_control/share/forestry_control/environment/ament_prefix_path.dsv
[0.073s] -- Up-to-date symlink: /home/hsh/forestry_ws/install/forestry_control/share/forestry_control/environment/path.sh
[0.073s] -- Up-to-date symlink: /home/hsh/forestry_ws/install/forestry_control/share/forestry_control/environment/path.dsv
[0.073s] -- Up-to-date symlink: /home/hsh/forestry_ws/install/forestry_control/share/forestry_control/local_setup.bash
[0.074s] -- Up-to-date symlink: /home/hsh/forestry_ws/install/forestry_control/share/forestry_control/local_setup.sh
[0.074s] -- Up-to-date symlink: /home/hsh/forestry_ws/install/forestry_control/share/forestry_control/local_setup.zsh
[0.074s] -- Up-to-date symlink: /home/hsh/forestry_ws/install/forestry_control/share/forestry_control/local_setup.dsv
[0.074s] -- Symlinking: /home/hsh/forestry_ws/install/forestry_control/share/forestry_control/package.dsv
[0.076s] -- Up-to-date symlink: /home/hsh/forestry_ws/install/forestry_control/share/ament_index/resource_index/packages/forestry_control
[0.076s] -- Up-to-date symlink: /home/hsh/forestry_ws/install/forestry_control/share/forestry_control/cmake/forestry_controlConfig.cmake
[0.076s] -- Up-to-date symlink: /home/hsh/forestry_ws/install/forestry_control/share/forestry_control/cmake/forestry_controlConfig-version.cmake
[0.077s] -- Up-to-date symlink: /home/hsh/forestry_ws/install/forestry_control/share/forestry_control/package.xml
[0.078s] Invoked command in '/home/hsh/forestry_ws/build/forestry_control' returned '0': CMAKE_PREFIX_PATH=/opt/ros/foxy:${CMAKE_PREFIX_PATH} /usr/bin/cmake --install /home/hsh/forestry_ws/build/forestry_control
