[6.625s] DEBUG:colcon:Command line arguments: ['/usr/bin/colcon', 'build', '--packages-select', 'ecvt_controller']
[6.626s] DEBUG:colcon:Parsed command line arguments: Namespace(allow_overriding=[], ament_cmake_args=None, base_paths=['.'], build_base='build', catkin_cmake_args=None, catkin_skip_building_tests=False, cmake_args=None, cmake_clean_cache=False, cmake_clean_first=False, cmake_force_configure=False, cmake_target=None, cmake_target_skip_unavailable=False, continue_on_error=False, event_handlers=None, executor='parallel', ignore_user_meta=False, install_base='install', log_base=None, log_level=None, main=<bound method BuildVerb.main of <colcon_core.verb.build.BuildVerb object at 0x7f97c38c8eb0>>, merge_install=False, metas=['./colcon.meta'], mixin=None, mixin_files=None, mixin_verb=('build',), packages_above=None, packages_above_and_dependencies=None, packages_above_depth=None, packages_end=None, packages_ignore=None, packages_ignore_regex=None, packages_select=['ecvt_controller'], packages_select_build_failed=False, packages_select_by_dep=None, packages_select_regex=None, packages_select_test_failures=False, packages_skip=None, packages_skip_build_finished=False, packages_skip_by_dep=None, packages_skip_regex=None, packages_skip_test_passed=False, packages_skip_up_to=None, packages_start=None, packages_up_to=None, packages_up_to_regex=None, parallel_workers=20, paths=None, symlink_install=False, test_result_base=None, verb_extension=<colcon_core.verb.build.BuildVerb object at 0x7f97c38c8eb0>, verb_name='build', verb_parser=<colcon_mixin.mixin.mixin_argument.MixinArgumentDecorator object at 0x7f97c378fca0>)
[6.973s] Level 1:colcon.colcon_core.package_discovery:discover_packages(colcon_meta) check parameters
[6.974s] Level 1:colcon.colcon_core.package_discovery:discover_packages(recursive) check parameters
[6.974s] Level 1:colcon.colcon_core.package_discovery:discover_packages(ignore) check parameters
[6.974s] Level 1:colcon.colcon_core.package_discovery:discover_packages(path) check parameters
[6.974s] Level 1:colcon.colcon_core.package_discovery:discover_packages(colcon_meta) discover
[6.974s] Level 1:colcon.colcon_core.package_discovery:discover_packages(recursive) discover
[6.974s] INFO:colcon.colcon_core.package_discovery:Crawling recursively for packages in '/home/hsh/forestry_ws'
[6.974s] Level 1:colcon.colcon_core.package_identification:_identify(.) by extensions ['ignore', 'ignore_ament_install']
[6.974s] Level 1:colcon.colcon_core.package_identification:_identify(.) by extension 'ignore'
[6.975s] Level 1:colcon.colcon_core.package_identification:_identify(.) by extension 'ignore_ament_install'
[6.975s] Level 1:colcon.colcon_core.package_identification:_identify(.) by extensions ['colcon_pkg']
[6.975s] Level 1:colcon.colcon_core.package_identification:_identify(.) by extension 'colcon_pkg'
[6.975s] Level 1:colcon.colcon_core.package_identification:_identify(.) by extensions ['colcon_meta']
[6.975s] Level 1:colcon.colcon_core.package_identification:_identify(.) by extension 'colcon_meta'
[6.975s] Level 1:colcon.colcon_core.package_identification:_identify(.) by extensions ['ros']
[6.975s] Level 1:colcon.colcon_core.package_identification:_identify(.) by extension 'ros'
[7.032s] Level 1:colcon.colcon_core.package_identification:_identify(.) by extensions ['cmake', 'python']
[7.032s] Level 1:colcon.colcon_core.package_identification:_identify(.) by extension 'cmake'
[7.032s] Level 1:colcon.colcon_core.package_identification:_identify(.) by extension 'python'
[7.032s] Level 1:colcon.colcon_core.package_identification:_identify(.) by extensions ['python_setup_py']
[7.032s] Level 1:colcon.colcon_core.package_identification:_identify(.) by extension 'python_setup_py'
[7.033s] Level 1:colcon.colcon_core.package_identification:_identify(build) by extensions ['ignore', 'ignore_ament_install']
[7.033s] Level 1:colcon.colcon_core.package_identification:_identify(build) by extension 'ignore'
[7.033s] Level 1:colcon.colcon_core.package_identification:_identify(build) ignored
[7.033s] Level 1:colcon.colcon_core.package_identification:_identify(install) by extensions ['ignore', 'ignore_ament_install']
[7.033s] Level 1:colcon.colcon_core.package_identification:_identify(install) by extension 'ignore'
[7.033s] Level 1:colcon.colcon_core.package_identification:_identify(install) ignored
[7.033s] Level 1:colcon.colcon_core.package_identification:_identify(log) by extensions ['ignore', 'ignore_ament_install']
[7.033s] Level 1:colcon.colcon_core.package_identification:_identify(log) by extension 'ignore'
[7.033s] Level 1:colcon.colcon_core.package_identification:_identify(log) ignored
[7.033s] Level 1:colcon.colcon_core.package_identification:_identify(src) by extensions ['ignore', 'ignore_ament_install']
[7.033s] Level 1:colcon.colcon_core.package_identification:_identify(src) by extension 'ignore'
[7.033s] Level 1:colcon.colcon_core.package_identification:_identify(src) by extension 'ignore_ament_install'
[7.034s] Level 1:colcon.colcon_core.package_identification:_identify(src) by extensions ['colcon_pkg']
[7.034s] Level 1:colcon.colcon_core.package_identification:_identify(src) by extension 'colcon_pkg'
[7.034s] Level 1:colcon.colcon_core.package_identification:_identify(src) by extensions ['colcon_meta']
[7.034s] Level 1:colcon.colcon_core.package_identification:_identify(src) by extension 'colcon_meta'
[7.034s] Level 1:colcon.colcon_core.package_identification:_identify(src) by extensions ['ros']
[7.034s] Level 1:colcon.colcon_core.package_identification:_identify(src) by extension 'ros'
[7.034s] Level 1:colcon.colcon_core.package_identification:_identify(src) by extensions ['cmake', 'python']
[7.034s] Level 1:colcon.colcon_core.package_identification:_identify(src) by extension 'cmake'
[7.034s] Level 1:colcon.colcon_core.package_identification:_identify(src) by extension 'python'
[7.034s] Level 1:colcon.colcon_core.package_identification:_identify(src) by extensions ['python_setup_py']
[7.034s] Level 1:colcon.colcon_core.package_identification:_identify(src) by extension 'python_setup_py'
[7.034s] Level 1:colcon.colcon_core.package_identification:_identify(src/ecvt_controller) by extensions ['ignore', 'ignore_ament_install']
[7.034s] Level 1:colcon.colcon_core.package_identification:_identify(src/ecvt_controller) by extension 'ignore'
[7.034s] Level 1:colcon.colcon_core.package_identification:_identify(src/ecvt_controller) by extension 'ignore_ament_install'
[7.034s] Level 1:colcon.colcon_core.package_identification:_identify(src/ecvt_controller) by extensions ['colcon_pkg']
[7.034s] Level 1:colcon.colcon_core.package_identification:_identify(src/ecvt_controller) by extension 'colcon_pkg'
[7.034s] Level 1:colcon.colcon_core.package_identification:_identify(src/ecvt_controller) by extensions ['colcon_meta']
[7.034s] Level 1:colcon.colcon_core.package_identification:_identify(src/ecvt_controller) by extension 'colcon_meta'
[7.034s] Level 1:colcon.colcon_core.package_identification:_identify(src/ecvt_controller) by extensions ['ros']
[7.034s] Level 1:colcon.colcon_core.package_identification:_identify(src/ecvt_controller) by extension 'ros'
[7.034s] Level 1:colcon.colcon_core.package_identification:_identify(src/ecvt_controller) by extensions ['cmake', 'python']
[7.034s] Level 1:colcon.colcon_core.package_identification:_identify(src/ecvt_controller) by extension 'cmake'
[7.034s] Level 1:colcon.colcon_core.package_identification:_identify(src/ecvt_controller) by extension 'python'
[7.035s] Level 1:colcon.colcon_core.package_identification:_identify(src/ecvt_controller) by extensions ['python_setup_py']
[7.035s] Level 1:colcon.colcon_core.package_identification:_identify(src/ecvt_controller) by extension 'python_setup_py'
[7.035s] Level 1:colcon.colcon_core.package_identification:_identify(src/ecvt_controller/ecvt_controller) by extensions ['ignore', 'ignore_ament_install']
[7.035s] Level 1:colcon.colcon_core.package_identification:_identify(src/ecvt_controller/ecvt_controller) by extension 'ignore'
[7.035s] Level 1:colcon.colcon_core.package_identification:_identify(src/ecvt_controller/ecvt_controller) by extension 'ignore_ament_install'
[7.035s] Level 1:colcon.colcon_core.package_identification:_identify(src/ecvt_controller/ecvt_controller) by extensions ['colcon_pkg']
[7.035s] Level 1:colcon.colcon_core.package_identification:_identify(src/ecvt_controller/ecvt_controller) by extension 'colcon_pkg'
[7.035s] Level 1:colcon.colcon_core.package_identification:_identify(src/ecvt_controller/ecvt_controller) by extensions ['colcon_meta']
[7.035s] Level 1:colcon.colcon_core.package_identification:_identify(src/ecvt_controller/ecvt_controller) by extension 'colcon_meta'
[7.035s] Level 1:colcon.colcon_core.package_identification:_identify(src/ecvt_controller/ecvt_controller) by extensions ['ros']
[7.035s] Level 1:colcon.colcon_core.package_identification:_identify(src/ecvt_controller/ecvt_controller) by extension 'ros'
[7.053s] DEBUG:colcon.colcon_core.package_identification:Package 'src/ecvt_controller/ecvt_controller' with type 'ros.ament_cmake' and name 'ecvt_controller'
[7.064s] Level 1:colcon.colcon_core.package_identification:_identify(src/forestry_control) by extensions ['ignore', 'ignore_ament_install']
[7.064s] Level 1:colcon.colcon_core.package_identification:_identify(src/forestry_control) by extension 'ignore'
[7.064s] Level 1:colcon.colcon_core.package_identification:_identify(src/forestry_control) by extension 'ignore_ament_install'
[7.064s] Level 1:colcon.colcon_core.package_identification:_identify(src/forestry_control) by extensions ['colcon_pkg']
[7.064s] Level 1:colcon.colcon_core.package_identification:_identify(src/forestry_control) by extension 'colcon_pkg'
[7.064s] Level 1:colcon.colcon_core.package_identification:_identify(src/forestry_control) by extensions ['colcon_meta']
[7.065s] Level 1:colcon.colcon_core.package_identification:_identify(src/forestry_control) by extension 'colcon_meta'
[7.065s] Level 1:colcon.colcon_core.package_identification:_identify(src/forestry_control) by extensions ['ros']
[7.065s] Level 1:colcon.colcon_core.package_identification:_identify(src/forestry_control) by extension 'ros'
[7.074s] DEBUG:colcon.colcon_core.package_identification:Package 'src/forestry_control' with type 'ros.ament_cmake' and name 'forestry_control'
[7.088s] Level 1:colcon.colcon_core.package_identification:_identify(src/forestry_description) by extensions ['ignore', 'ignore_ament_install']
[7.089s] Level 1:colcon.colcon_core.package_identification:_identify(src/forestry_description) by extension 'ignore'
[7.089s] Level 1:colcon.colcon_core.package_identification:_identify(src/forestry_description) by extension 'ignore_ament_install'
[7.089s] Level 1:colcon.colcon_core.package_identification:_identify(src/forestry_description) by extensions ['colcon_pkg']
[7.089s] Level 1:colcon.colcon_core.package_identification:_identify(src/forestry_description) by extension 'colcon_pkg'
[7.089s] Level 1:colcon.colcon_core.package_identification:_identify(src/forestry_description) by extensions ['colcon_meta']
[7.089s] Level 1:colcon.colcon_core.package_identification:_identify(src/forestry_description) by extension 'colcon_meta'
[7.089s] Level 1:colcon.colcon_core.package_identification:_identify(src/forestry_description) by extensions ['ros']
[7.089s] Level 1:colcon.colcon_core.package_identification:_identify(src/forestry_description) by extension 'ros'
[7.101s] DEBUG:colcon.colcon_core.package_identification:Package 'src/forestry_description' with type 'ros.catkin' and name 'forestry_description'
[7.102s] Level 1:colcon.colcon_core.package_discovery:discover_packages(recursive) using defaults
[7.102s] Level 1:colcon.colcon_core.package_discovery:discover_packages(ignore) discover
[7.102s] Level 1:colcon.colcon_core.package_discovery:discover_packages(ignore) using defaults
[7.102s] Level 1:colcon.colcon_core.package_discovery:discover_packages(path) discover
[7.102s] Level 1:colcon.colcon_core.package_discovery:discover_packages(path) using defaults
[7.307s] INFO:colcon.colcon_core.package_selection:Skipping not selected package 'forestry_control' in 'src/forestry_control'
[7.307s] INFO:colcon.colcon_core.package_selection:Skipping not selected package 'forestry_description' in 'src/forestry_description'
[7.308s] Level 1:colcon.colcon_core.package_discovery:discover_packages(prefix_path) check parameters
[7.308s] Level 1:colcon.colcon_core.package_discovery:discover_packages(prefix_path) discover
[7.309s] Level 1:colcon.colcon_core.package_discovery:discover_packages(prefix_path) using defaults
[7.310s] Level 5:colcon.colcon_core.verb:set package 'ecvt_controller' build argument 'cmake_args' from command line to 'None'
[7.310s] Level 5:colcon.colcon_core.verb:set package 'ecvt_controller' build argument 'cmake_target' from command line to 'None'
[7.310s] Level 5:colcon.colcon_core.verb:set package 'ecvt_controller' build argument 'cmake_target_skip_unavailable' from command line to 'False'
[7.310s] Level 5:colcon.colcon_core.verb:set package 'ecvt_controller' build argument 'cmake_clean_cache' from command line to 'False'
[7.310s] Level 5:colcon.colcon_core.verb:set package 'ecvt_controller' build argument 'cmake_clean_first' from command line to 'False'
[7.310s] Level 5:colcon.colcon_core.verb:set package 'ecvt_controller' build argument 'cmake_force_configure' from command line to 'False'
[7.310s] Level 5:colcon.colcon_core.verb:set package 'ecvt_controller' build argument 'ament_cmake_args' from command line to 'None'
[7.310s] Level 5:colcon.colcon_core.verb:set package 'ecvt_controller' build argument 'catkin_cmake_args' from command line to 'None'
[7.310s] Level 5:colcon.colcon_core.verb:set package 'ecvt_controller' build argument 'catkin_skip_building_tests' from command line to 'False'
[7.310s] DEBUG:colcon.colcon_core.verb:Building package 'ecvt_controller' with the following arguments: {'ament_cmake_args': None, 'build_base': '/home/hsh/forestry_ws/build/ecvt_controller', 'catkin_cmake_args': None, 'catkin_skip_building_tests': False, 'cmake_args': None, 'cmake_clean_cache': False, 'cmake_clean_first': False, 'cmake_force_configure': False, 'cmake_target': None, 'cmake_target_skip_unavailable': False, 'install_base': '/home/hsh/forestry_ws/install/ecvt_controller', 'merge_install': False, 'path': '/home/hsh/forestry_ws/src/ecvt_controller/ecvt_controller', 'symlink_install': False, 'test_result_base': None}
[7.310s] INFO:colcon.colcon_core.executor:Executing jobs using 'parallel' executor
[7.310s] DEBUG:colcon.colcon_parallel_executor.executor.parallel:run_until_complete
[7.310s] INFO:colcon.colcon_ros.task.ament_cmake.build:Building ROS package in '/home/hsh/forestry_ws/src/ecvt_controller/ecvt_controller' with build type 'ament_cmake'
[7.311s] INFO:colcon.colcon_cmake.task.cmake.build:Building CMake package in '/home/hsh/forestry_ws/src/ecvt_controller/ecvt_controller'
[7.338s] INFO:colcon.colcon_core.plugin_system:Skipping extension 'colcon_core.shell.bat': Not used on non-Windows systems
[7.338s] INFO:colcon.colcon_core.shell:Skip shell extension 'powershell' for command environment: Not usable outside of PowerShell
[7.338s] DEBUG:colcon.colcon_core.shell:Skip shell extension 'dsv' for command environment
[7.363s] DEBUG:colcon.colcon_core.event_handler.log_command:Invoking command in '/home/hsh/forestry_ws/build/ecvt_controller': /usr/bin/cmake /home/hsh/forestry_ws/src/ecvt_controller/ecvt_controller -DCMAKE_INSTALL_PREFIX=/home/hsh/forestry_ws/install/ecvt_controller
[10.046s] DEBUG:colcon.colcon_core.event_handler.log_command:Invoked command in '/home/hsh/forestry_ws/build/ecvt_controller' returned '1': /usr/bin/cmake /home/hsh/forestry_ws/src/ecvt_controller/ecvt_controller -DCMAKE_INSTALL_PREFIX=/home/hsh/forestry_ws/install/ecvt_controller
[10.059s] Level 1:colcon.colcon_core.environment:create_environment_scripts_only(ecvt_controller)
[10.088s] Level 1:colcon.colcon_core.environment:checking '/home/hsh/forestry_ws/install/ecvt_controller' for CMake module files
[10.089s] Level 1:colcon.colcon_core.environment:checking '/home/hsh/forestry_ws/install/ecvt_controller' for CMake config files
[10.090s] Level 1:colcon.colcon_core.environment:checking '/home/hsh/forestry_ws/install/ecvt_controller/bin'
[10.090s] Level 1:colcon.colcon_core.environment:checking '/home/hsh/forestry_ws/install/ecvt_controller/lib/pkgconfig/ecvt_controller.pc'
[10.092s] Level 1:colcon.colcon_core.environment:checking '/home/hsh/forestry_ws/install/ecvt_controller/lib/python3.8/site-packages'
[10.092s] Level 1:colcon.colcon_core.environment:checking '/home/hsh/forestry_ws/install/ecvt_controller/bin'
[10.093s] INFO:colcon.colcon_core.shell:Creating package script '/home/hsh/forestry_ws/install/ecvt_controller/share/ecvt_controller/package.ps1'
[10.101s] INFO:colcon.colcon_core.shell:Creating package descriptor '/home/hsh/forestry_ws/install/ecvt_controller/share/ecvt_controller/package.dsv'
[10.102s] INFO:colcon.colcon_core.shell:Creating package script '/home/hsh/forestry_ws/install/ecvt_controller/share/ecvt_controller/package.sh'
[10.104s] INFO:colcon.colcon_core.shell:Creating package script '/home/hsh/forestry_ws/install/ecvt_controller/share/ecvt_controller/package.bash'
[10.119s] INFO:colcon.colcon_core.shell:Creating package script '/home/hsh/forestry_ws/install/ecvt_controller/share/ecvt_controller/package.zsh'
[10.132s] Level 1:colcon.colcon_core.environment:create_file_with_runtime_dependencies(/home/hsh/forestry_ws/install/ecvt_controller/share/colcon-core/packages/ecvt_controller)
[10.143s] DEBUG:colcon.colcon_parallel_executor.executor.parallel:closing loop
[10.143s] DEBUG:colcon.colcon_parallel_executor.executor.parallel:loop closed
[10.143s] DEBUG:colcon.colcon_parallel_executor.executor.parallel:run_until_complete finished with '1'
[10.143s] DEBUG:colcon.colcon_core.event_reactor:joining thread
[10.176s] INFO:colcon.colcon_core.plugin_system:Skipping extension 'colcon_notification.desktop_notification.terminal_notifier': Not used on non-Darwin systems
[10.177s] INFO:colcon.colcon_core.plugin_system:Skipping extension 'colcon_notification.desktop_notification.win32': Not used on non-Windows systems
[10.177s] INFO:colcon.colcon_notification.desktop_notification:Sending desktop notification using 'notify2'
[10.210s] DEBUG:colcon.colcon_core.event_reactor:joined thread
[10.210s] INFO:colcon.colcon_core.shell:Creating prefix script '/home/hsh/forestry_ws/install/local_setup.ps1'
[10.215s] INFO:colcon.colcon_core.shell:Creating prefix util module '/home/hsh/forestry_ws/install/_local_setup_util_ps1.py'
[10.216s] INFO:colcon.colcon_core.shell:Creating prefix chain script '/home/hsh/forestry_ws/install/setup.ps1'
[10.217s] INFO:colcon.colcon_core.shell:Creating prefix script '/home/hsh/forestry_ws/install/local_setup.sh'
[10.218s] INFO:colcon.colcon_core.shell:Creating prefix util module '/home/hsh/forestry_ws/install/_local_setup_util_sh.py'
[10.218s] INFO:colcon.colcon_core.shell:Creating prefix chain script '/home/hsh/forestry_ws/install/setup.sh'
[10.219s] INFO:colcon.colcon_core.shell:Creating prefix script '/home/hsh/forestry_ws/install/local_setup.bash'
[10.219s] INFO:colcon.colcon_core.shell:Creating prefix chain script '/home/hsh/forestry_ws/install/setup.bash'
[10.220s] INFO:colcon.colcon_core.shell:Creating prefix script '/home/hsh/forestry_ws/install/local_setup.zsh'
[10.230s] INFO:colcon.colcon_core.shell:Creating prefix chain script '/home/hsh/forestry_ws/install/setup.zsh'
