[0.018s] Invoking command in '/home/hsh/forestry_ws/build/ecvt_controller': CMAKE_PREFIX_PATH=${CMAKE_PREFIX_PATH}:/opt/ros/foxy /usr/bin/cmake /home/hsh/forestry_ws/src/ecvt_controller/ecvt_controller -DCMAKE_INSTALL_PREFIX=/home/hsh/forestry_ws/install/ecvt_controller
[0.091s] -- Found ament_cmake: 0.9.12 (/opt/ros/foxy/share/ament_cmake/cmake)
[0.154s] -- Found PythonInterp: /usr/bin/python3 (found suitable version "3.8.10", minimum required is "3") 
[0.154s] -- Using PYTHON_EXECUTABLE: /usr/bin/python3
[0.456s] -- Found rclcpp: 2.4.3 (/opt/ros/foxy/share/rclcpp/cmake)
[0.535s] -- Using all available rosidl_typesupport_c: rosidl_typesupport_fastrtps_c;rosidl_typesupport_introspection_c
[0.546s] -- Found rosidl_adapter: 1.3.1 (/opt/ros/foxy/share/rosidl_adapter/cmake)
[1.245s] -- Found OpenSSL: /usr/lib/x86_64-linux-gnu/libcrypto.so (found version "1.1.1f")  
[1.273s] -- Found FastRTPS: /opt/ros/foxy/include  
[1.335s] -- Using all available rosidl_typesupport_cpp: rosidl_typesupport_fastrtps_cpp;rosidl_typesupport_introspection_cpp
[1.370s] -- Found rmw_implementation_cmake: 1.0.4 (/opt/ros/foxy/share/rmw_implementation_cmake/cmake)
[1.386s] -- Using RMW implementation 'rmw_fastrtps_cpp' as default
[1.422s] -- Looking for pthread.h
[1.693s] -- Looking for pthread.h - found
[1.693s] -- Performing Test CMAKE_HAVE_LIBC_PTHREAD
[1.809s] -- Performing Test CMAKE_HAVE_LIBC_PTHREAD - Failed
[1.809s] -- Looking for pthread_create in pthreads
[1.929s] -- Looking for pthread_create in pthreads - not found
[1.929s] -- Looking for pthread_create in pthread
[2.027s] -- Looking for pthread_create in pthread - found
[2.028s] -- Found Threads: TRUE  
[2.273s] -- Found geometry_msgs: 2.0.5 (/opt/ros/foxy/share/geometry_msgs/cmake)
[2.292s] -- Found rclcpp_action: 2.4.3 (/opt/ros/foxy/share/rclcpp_action/cmake)
[2.353s] -- Found ament_lint_auto: 0.9.8 (/opt/ros/foxy/share/ament_lint_auto/cmake)
[2.407s] -- Added test 'cppcheck' to perform static code analysis on C / C++ code
[2.407s] -- Configured cppcheck include dirs: 
[2.408s] -- Configured cppcheck exclude dirs and/or files: 
[2.408s] -- Added test 'flake8' to check Python code syntax and style conventions
[2.409s] -- Added test 'lint_cmake' to check CMake code style
[2.410s] -- Added test 'pep257' to check Python code against some of the style conventions in PEP 257
[2.411s] -- Added test 'uncrustify' to check C / C++ code style
[2.412s] -- Configured uncrustify additional arguments: 
[2.412s] -- Added test 'xmllint' to check XML markup files
[2.452s] -- Configuring done
[2.463s] -- Generating done
[2.464s] -- Build files have been written to: /home/hsh/forestry_ws/build/ecvt_controller
[2.474s] Invoked command in '/home/hsh/forestry_ws/build/ecvt_controller' returned '0': CMAKE_PREFIX_PATH=${CMAKE_PREFIX_PATH}:/opt/ros/foxy /usr/bin/cmake /home/hsh/forestry_ws/src/ecvt_controller/ecvt_controller -DCMAKE_INSTALL_PREFIX=/home/hsh/forestry_ws/install/ecvt_controller
[2.475s] Invoking command in '/home/hsh/forestry_ws/build/ecvt_controller': CMAKE_PREFIX_PATH=${CMAKE_PREFIX_PATH}:/opt/ros/foxy /usr/bin/cmake --build /home/hsh/forestry_ws/build/ecvt_controller -- -j20 -l20
[2.531s] [35m[1mScanning dependencies of target ecvt_effort_controller[0m
[2.956s] [ 50%] [32mBuilding CXX object CMakeFiles/ecvt_effort_controller.dir/cpp/ecvt_effort.cpp.o[0m
[5.197s] [100%] [32m[1mLinking CXX executable ecvt_effort_controller[0m
[5.586s] [100%] Built target ecvt_effort_controller
[5.600s] Invoked command in '/home/hsh/forestry_ws/build/ecvt_controller' returned '0': CMAKE_PREFIX_PATH=${CMAKE_PREFIX_PATH}:/opt/ros/foxy /usr/bin/cmake --build /home/hsh/forestry_ws/build/ecvt_controller -- -j20 -l20
[5.636s] Invoking command in '/home/hsh/forestry_ws/build/ecvt_controller': CMAKE_PREFIX_PATH=${CMAKE_PREFIX_PATH}:/opt/ros/foxy /usr/bin/cmake --install /home/hsh/forestry_ws/build/ecvt_controller
[5.644s] -- Install configuration: ""
[5.644s] -- Installing: /home/hsh/forestry_ws/install/ecvt_controller/share/ecvt_controller//launch
[5.644s] -- Installing: /home/hsh/forestry_ws/install/ecvt_controller/share/ecvt_controller//launch/e_ecvt_gazebo_v2.launch.py
[5.644s] -- Installing: /home/hsh/forestry_ws/install/ecvt_controller/share/ecvt_controller//config
[5.644s] -- Installing: /home/hsh/forestry_ws/install/ecvt_controller/share/ecvt_controller//config/e_ecvt_controller_v2.yaml
[5.644s] -- Installing: /home/hsh/forestry_ws/install/ecvt_controller/share/ecvt_controller//urdf
[5.644s] -- Installing: /home/hsh/forestry_ws/install/ecvt_controller/share/ecvt_controller//urdf/e_ecvt_v2.xacro.urdf
[5.644s] -- Installing: /home/hsh/forestry_ws/install/ecvt_controller/lib/ecvt_controller/ecvt_effort_controller
[5.645s] -- Set runtime path of "/home/hsh/forestry_ws/install/ecvt_controller/lib/ecvt_controller/ecvt_effort_controller" to ""
[5.645s] -- Installing: /home/hsh/forestry_ws/install/ecvt_controller/share/ament_index/resource_index/package_run_dependencies/ecvt_controller
[5.645s] -- Installing: /home/hsh/forestry_ws/install/ecvt_controller/share/ament_index/resource_index/parent_prefix_path/ecvt_controller
[5.645s] -- Installing: /home/hsh/forestry_ws/install/ecvt_controller/share/ecvt_controller/environment/ament_prefix_path.sh
[5.645s] -- Installing: /home/hsh/forestry_ws/install/ecvt_controller/share/ecvt_controller/environment/ament_prefix_path.dsv
[5.645s] -- Installing: /home/hsh/forestry_ws/install/ecvt_controller/share/ecvt_controller/environment/path.sh
[5.645s] -- Installing: /home/hsh/forestry_ws/install/ecvt_controller/share/ecvt_controller/environment/path.dsv
[5.645s] -- Installing: /home/hsh/forestry_ws/install/ecvt_controller/share/ecvt_controller/local_setup.bash
[5.645s] -- Installing: /home/hsh/forestry_ws/install/ecvt_controller/share/ecvt_controller/local_setup.sh
[5.645s] -- Installing: /home/hsh/forestry_ws/install/ecvt_controller/share/ecvt_controller/local_setup.zsh
[5.645s] -- Installing: /home/hsh/forestry_ws/install/ecvt_controller/share/ecvt_controller/local_setup.dsv
[5.645s] -- Installing: /home/hsh/forestry_ws/install/ecvt_controller/share/ecvt_controller/package.dsv
[5.645s] -- Installing: /home/hsh/forestry_ws/install/ecvt_controller/share/ament_index/resource_index/packages/ecvt_controller
[5.645s] -- Installing: /home/hsh/forestry_ws/install/ecvt_controller/share/ecvt_controller/cmake/ecvt_controllerConfig.cmake
[5.645s] -- Installing: /home/hsh/forestry_ws/install/ecvt_controller/share/ecvt_controller/cmake/ecvt_controllerConfig-version.cmake
[5.645s] -- Installing: /home/hsh/forestry_ws/install/ecvt_controller/share/ecvt_controller/package.xml
[5.647s] Invoked command in '/home/hsh/forestry_ws/build/ecvt_controller' returned '0': CMAKE_PREFIX_PATH=${CMAKE_PREFIX_PATH}:/opt/ros/foxy /usr/bin/cmake --install /home/hsh/forestry_ws/build/ecvt_controller
