[0.211s] DEBUG:colcon:Command line arguments: ['/usr/bin/colcon', 'build']
[0.211s] DEBUG:colcon:Parsed command line arguments: Namespace(allow_overriding=[], ament_cmake_args=None, base_paths=['.'], build_base='build', catkin_cmake_args=None, catkin_skip_building_tests=False, cmake_args=None, cmake_clean_cache=False, cmake_clean_first=False, cmake_force_configure=False, cmake_target=None, cmake_target_skip_unavailable=False, continue_on_error=False, event_handlers=None, executor='parallel', ignore_user_meta=False, install_base='install', log_base=None, log_level=None, main=<bound method BuildVerb.main of <colcon_core.verb.build.BuildVerb object at 0x7fb8b3a516d0>>, merge_install=False, metas=['./colcon.meta'], mixin=None, mixin_files=None, mixin_verb=('build',), packages_above=None, packages_above_and_dependencies=None, packages_above_depth=None, packages_end=None, packages_ignore=None, packages_ignore_regex=None, packages_select=None, packages_select_build_failed=False, packages_select_by_dep=None, packages_select_regex=None, packages_select_test_failures=False, packages_skip=None, packages_skip_build_finished=False, packages_skip_by_dep=None, packages_skip_regex=None, packages_skip_test_passed=False, packages_skip_up_to=None, packages_start=None, packages_up_to=None, packages_up_to_regex=None, parallel_workers=20, paths=None, symlink_install=False, test_result_base=None, verb_extension=<colcon_core.verb.build.BuildVerb object at 0x7fb8b3a516d0>, verb_name='build', verb_parser=<colcon_mixin.mixin.mixin_argument.MixinArgumentDecorator object at 0x7fb8b39de0a0>)
[0.309s] Level 1:colcon.colcon_core.package_discovery:discover_packages(colcon_meta) check parameters
[0.309s] Level 1:colcon.colcon_core.package_discovery:discover_packages(recursive) check parameters
[0.309s] Level 1:colcon.colcon_core.package_discovery:discover_packages(ignore) check parameters
[0.309s] Level 1:colcon.colcon_core.package_discovery:discover_packages(path) check parameters
[0.309s] Level 1:colcon.colcon_core.package_discovery:discover_packages(colcon_meta) discover
[0.309s] Level 1:colcon.colcon_core.package_discovery:discover_packages(recursive) discover
[0.309s] INFO:colcon.colcon_core.package_discovery:Crawling recursively for packages in '/home/hsh/forestry_ws'
[0.309s] Level 1:colcon.colcon_core.package_identification:_identify(.) by extensions ['ignore', 'ignore_ament_install']
[0.309s] Level 1:colcon.colcon_core.package_identification:_identify(.) by extension 'ignore'
[0.309s] Level 1:colcon.colcon_core.package_identification:_identify(.) by extension 'ignore_ament_install'
[0.309s] Level 1:colcon.colcon_core.package_identification:_identify(.) by extensions ['colcon_pkg']
[0.309s] Level 1:colcon.colcon_core.package_identification:_identify(.) by extension 'colcon_pkg'
[0.310s] Level 1:colcon.colcon_core.package_identification:_identify(.) by extensions ['colcon_meta']
[0.310s] Level 1:colcon.colcon_core.package_identification:_identify(.) by extension 'colcon_meta'
[0.310s] Level 1:colcon.colcon_core.package_identification:_identify(.) by extensions ['ros']
[0.310s] Level 1:colcon.colcon_core.package_identification:_identify(.) by extension 'ros'
[0.315s] Level 1:colcon.colcon_core.package_identification:_identify(.) by extensions ['cmake', 'python']
[0.316s] Level 1:colcon.colcon_core.package_identification:_identify(.) by extension 'cmake'
[0.316s] Level 1:colcon.colcon_core.package_identification:_identify(.) by extension 'python'
[0.316s] Level 1:colcon.colcon_core.package_identification:_identify(.) by extensions ['python_setup_py']
[0.316s] Level 1:colcon.colcon_core.package_identification:_identify(.) by extension 'python_setup_py'
[0.316s] Level 1:colcon.colcon_core.package_identification:_identify(build) by extensions ['ignore', 'ignore_ament_install']
[0.316s] Level 1:colcon.colcon_core.package_identification:_identify(build) by extension 'ignore'
[0.316s] Level 1:colcon.colcon_core.package_identification:_identify(build) ignored
[0.316s] Level 1:colcon.colcon_core.package_identification:_identify(install) by extensions ['ignore', 'ignore_ament_install']
[0.316s] Level 1:colcon.colcon_core.package_identification:_identify(install) by extension 'ignore'
[0.316s] Level 1:colcon.colcon_core.package_identification:_identify(install) ignored
[0.316s] Level 1:colcon.colcon_core.package_identification:_identify(log) by extensions ['ignore', 'ignore_ament_install']
[0.316s] Level 1:colcon.colcon_core.package_identification:_identify(log) by extension 'ignore'
[0.316s] Level 1:colcon.colcon_core.package_identification:_identify(log) ignored
[0.316s] Level 1:colcon.colcon_core.package_identification:_identify(src) by extensions ['ignore', 'ignore_ament_install']
[0.316s] Level 1:colcon.colcon_core.package_identification:_identify(src) by extension 'ignore'
[0.316s] Level 1:colcon.colcon_core.package_identification:_identify(src) by extension 'ignore_ament_install'
[0.316s] Level 1:colcon.colcon_core.package_identification:_identify(src) by extensions ['colcon_pkg']
[0.316s] Level 1:colcon.colcon_core.package_identification:_identify(src) by extension 'colcon_pkg'
[0.316s] Level 1:colcon.colcon_core.package_identification:_identify(src) by extensions ['colcon_meta']
[0.316s] Level 1:colcon.colcon_core.package_identification:_identify(src) by extension 'colcon_meta'
[0.316s] Level 1:colcon.colcon_core.package_identification:_identify(src) by extensions ['ros']
[0.316s] Level 1:colcon.colcon_core.package_identification:_identify(src) by extension 'ros'
[0.316s] Level 1:colcon.colcon_core.package_identification:_identify(src) by extensions ['cmake', 'python']
[0.316s] Level 1:colcon.colcon_core.package_identification:_identify(src) by extension 'cmake'
[0.316s] Level 1:colcon.colcon_core.package_identification:_identify(src) by extension 'python'
[0.316s] Level 1:colcon.colcon_core.package_identification:_identify(src) by extensions ['python_setup_py']
[0.316s] Level 1:colcon.colcon_core.package_identification:_identify(src) by extension 'python_setup_py'
[0.316s] Level 1:colcon.colcon_core.package_identification:_identify(src/ecvt_controller) by extensions ['ignore', 'ignore_ament_install']
[0.316s] Level 1:colcon.colcon_core.package_identification:_identify(src/ecvt_controller) by extension 'ignore'
[0.316s] Level 1:colcon.colcon_core.package_identification:_identify(src/ecvt_controller) by extension 'ignore_ament_install'
[0.316s] Level 1:colcon.colcon_core.package_identification:_identify(src/ecvt_controller) by extensions ['colcon_pkg']
[0.316s] Level 1:colcon.colcon_core.package_identification:_identify(src/ecvt_controller) by extension 'colcon_pkg'
[0.316s] Level 1:colcon.colcon_core.package_identification:_identify(src/ecvt_controller) by extensions ['colcon_meta']
[0.317s] Level 1:colcon.colcon_core.package_identification:_identify(src/ecvt_controller) by extension 'colcon_meta'
[0.317s] Level 1:colcon.colcon_core.package_identification:_identify(src/ecvt_controller) by extensions ['ros']
[0.317s] Level 1:colcon.colcon_core.package_identification:_identify(src/ecvt_controller) by extension 'ros'
[0.317s] Level 1:colcon.colcon_core.package_identification:_identify(src/ecvt_controller) by extensions ['cmake', 'python']
[0.317s] Level 1:colcon.colcon_core.package_identification:_identify(src/ecvt_controller) by extension 'cmake'
[0.317s] Level 1:colcon.colcon_core.package_identification:_identify(src/ecvt_controller) by extension 'python'
[0.317s] Level 1:colcon.colcon_core.package_identification:_identify(src/ecvt_controller) by extensions ['python_setup_py']
[0.317s] Level 1:colcon.colcon_core.package_identification:_identify(src/ecvt_controller) by extension 'python_setup_py'
[0.317s] Level 1:colcon.colcon_core.package_identification:_identify(src/ecvt_controller/ecvt_controller) by extensions ['ignore', 'ignore_ament_install']
[0.317s] Level 1:colcon.colcon_core.package_identification:_identify(src/ecvt_controller/ecvt_controller) by extension 'ignore'
[0.317s] Level 1:colcon.colcon_core.package_identification:_identify(src/ecvt_controller/ecvt_controller) by extension 'ignore_ament_install'
[0.317s] Level 1:colcon.colcon_core.package_identification:_identify(src/ecvt_controller/ecvt_controller) by extensions ['colcon_pkg']
[0.317s] Level 1:colcon.colcon_core.package_identification:_identify(src/ecvt_controller/ecvt_controller) by extension 'colcon_pkg'
[0.317s] Level 1:colcon.colcon_core.package_identification:_identify(src/ecvt_controller/ecvt_controller) by extensions ['colcon_meta']
[0.317s] Level 1:colcon.colcon_core.package_identification:_identify(src/ecvt_controller/ecvt_controller) by extension 'colcon_meta'
[0.317s] Level 1:colcon.colcon_core.package_identification:_identify(src/ecvt_controller/ecvt_controller) by extensions ['ros']
[0.317s] Level 1:colcon.colcon_core.package_identification:_identify(src/ecvt_controller/ecvt_controller) by extension 'ros'
[0.318s] DEBUG:colcon.colcon_core.package_identification:Package 'src/ecvt_controller/ecvt_controller' with type 'ros.ament_cmake' and name 'ecvt_controller'
[0.318s] Level 1:colcon.colcon_core.package_identification:_identify(src/forestry_control) by extensions ['ignore', 'ignore_ament_install']
[0.318s] Level 1:colcon.colcon_core.package_identification:_identify(src/forestry_control) by extension 'ignore'
[0.318s] Level 1:colcon.colcon_core.package_identification:_identify(src/forestry_control) by extension 'ignore_ament_install'
[0.318s] Level 1:colcon.colcon_core.package_identification:_identify(src/forestry_control) by extensions ['colcon_pkg']
[0.318s] Level 1:colcon.colcon_core.package_identification:_identify(src/forestry_control) by extension 'colcon_pkg'
[0.318s] Level 1:colcon.colcon_core.package_identification:_identify(src/forestry_control) by extensions ['colcon_meta']
[0.318s] Level 1:colcon.colcon_core.package_identification:_identify(src/forestry_control) by extension 'colcon_meta'
[0.318s] Level 1:colcon.colcon_core.package_identification:_identify(src/forestry_control) by extensions ['ros']
[0.318s] Level 1:colcon.colcon_core.package_identification:_identify(src/forestry_control) by extension 'ros'
[0.319s] DEBUG:colcon.colcon_core.package_identification:Package 'src/forestry_control' with type 'ros.ament_cmake' and name 'forestry_control'
[0.319s] Level 1:colcon.colcon_core.package_identification:_identify(src/forestry_description) by extensions ['ignore', 'ignore_ament_install']
[0.319s] Level 1:colcon.colcon_core.package_identification:_identify(src/forestry_description) by extension 'ignore'
[0.319s] Level 1:colcon.colcon_core.package_identification:_identify(src/forestry_description) by extension 'ignore_ament_install'
[0.319s] Level 1:colcon.colcon_core.package_identification:_identify(src/forestry_description) by extensions ['colcon_pkg']
[0.319s] Level 1:colcon.colcon_core.package_identification:_identify(src/forestry_description) by extension 'colcon_pkg'
[0.319s] Level 1:colcon.colcon_core.package_identification:_identify(src/forestry_description) by extensions ['colcon_meta']
[0.319s] Level 1:colcon.colcon_core.package_identification:_identify(src/forestry_description) by extension 'colcon_meta'
[0.319s] Level 1:colcon.colcon_core.package_identification:_identify(src/forestry_description) by extensions ['ros']
[0.319s] Level 1:colcon.colcon_core.package_identification:_identify(src/forestry_description) by extension 'ros'
[0.319s] DEBUG:colcon.colcon_core.package_identification:Package 'src/forestry_description' with type 'ros.catkin' and name 'forestry_description'
[0.319s] Level 1:colcon.colcon_core.package_discovery:discover_packages(recursive) using defaults
[0.319s] Level 1:colcon.colcon_core.package_discovery:discover_packages(ignore) discover
[0.319s] Level 1:colcon.colcon_core.package_discovery:discover_packages(ignore) using defaults
[0.319s] Level 1:colcon.colcon_core.package_discovery:discover_packages(path) discover
[0.319s] Level 1:colcon.colcon_core.package_discovery:discover_packages(path) using defaults
[0.359s] Level 1:colcon.colcon_core.package_discovery:discover_packages(prefix_path) check parameters
[0.359s] Level 1:colcon.colcon_core.package_discovery:discover_packages(prefix_path) discover
[0.362s] DEBUG:colcon.colcon_installed_package_information.package_discovery:Found 3 installed packages in /home/hsh/forestry_ws/install
[0.364s] DEBUG:colcon.colcon_installed_package_information.package_discovery:Found 336 installed packages in /opt/ros/foxy
[0.377s] DEBUG:colcon.colcon_installed_package_information.package_discovery:Found 3 installed packages in /opt/ros/noetic
[0.377s] Level 1:colcon.colcon_core.package_discovery:discover_packages(prefix_path) using defaults
[1.433s] Level 5:colcon.colcon_core.verb:set package 'ecvt_controller' build argument 'cmake_args' from command line to 'None'
[1.433s] Level 5:colcon.colcon_core.verb:set package 'ecvt_controller' build argument 'cmake_target' from command line to 'None'
[1.433s] Level 5:colcon.colcon_core.verb:set package 'ecvt_controller' build argument 'cmake_target_skip_unavailable' from command line to 'False'
[1.433s] Level 5:colcon.colcon_core.verb:set package 'ecvt_controller' build argument 'cmake_clean_cache' from command line to 'False'
[1.433s] Level 5:colcon.colcon_core.verb:set package 'ecvt_controller' build argument 'cmake_clean_first' from command line to 'False'
[1.433s] Level 5:colcon.colcon_core.verb:set package 'ecvt_controller' build argument 'cmake_force_configure' from command line to 'False'
[1.434s] Level 5:colcon.colcon_core.verb:set package 'ecvt_controller' build argument 'ament_cmake_args' from command line to 'None'
[1.434s] Level 5:colcon.colcon_core.verb:set package 'ecvt_controller' build argument 'catkin_cmake_args' from command line to 'None'
[1.434s] Level 5:colcon.colcon_core.verb:set package 'ecvt_controller' build argument 'catkin_skip_building_tests' from command line to 'False'
[1.434s] DEBUG:colcon.colcon_core.verb:Building package 'ecvt_controller' with the following arguments: {'ament_cmake_args': None, 'build_base': '/home/hsh/forestry_ws/build/ecvt_controller', 'catkin_cmake_args': None, 'catkin_skip_building_tests': False, 'cmake_args': None, 'cmake_clean_cache': False, 'cmake_clean_first': False, 'cmake_force_configure': False, 'cmake_target': None, 'cmake_target_skip_unavailable': False, 'install_base': '/home/hsh/forestry_ws/install/ecvt_controller', 'merge_install': False, 'path': '/home/hsh/forestry_ws/src/ecvt_controller/ecvt_controller', 'symlink_install': False, 'test_result_base': None}
[1.434s] Level 5:colcon.colcon_core.verb:set package 'forestry_control' build argument 'cmake_args' from command line to 'None'
[1.434s] Level 5:colcon.colcon_core.verb:set package 'forestry_control' build argument 'cmake_target' from command line to 'None'
[1.434s] Level 5:colcon.colcon_core.verb:set package 'forestry_control' build argument 'cmake_target_skip_unavailable' from command line to 'False'
[1.434s] Level 5:colcon.colcon_core.verb:set package 'forestry_control' build argument 'cmake_clean_cache' from command line to 'False'
[1.434s] Level 5:colcon.colcon_core.verb:set package 'forestry_control' build argument 'cmake_clean_first' from command line to 'False'
[1.434s] Level 5:colcon.colcon_core.verb:set package 'forestry_control' build argument 'cmake_force_configure' from command line to 'False'
[1.434s] Level 5:colcon.colcon_core.verb:set package 'forestry_control' build argument 'ament_cmake_args' from command line to 'None'
[1.434s] Level 5:colcon.colcon_core.verb:set package 'forestry_control' build argument 'catkin_cmake_args' from command line to 'None'
[1.434s] Level 5:colcon.colcon_core.verb:set package 'forestry_control' build argument 'catkin_skip_building_tests' from command line to 'False'
[1.434s] DEBUG:colcon.colcon_core.verb:Building package 'forestry_control' with the following arguments: {'ament_cmake_args': None, 'build_base': '/home/hsh/forestry_ws/build/forestry_control', 'catkin_cmake_args': None, 'catkin_skip_building_tests': False, 'cmake_args': None, 'cmake_clean_cache': False, 'cmake_clean_first': False, 'cmake_force_configure': False, 'cmake_target': None, 'cmake_target_skip_unavailable': False, 'install_base': '/home/hsh/forestry_ws/install/forestry_control', 'merge_install': False, 'path': '/home/hsh/forestry_ws/src/forestry_control', 'symlink_install': False, 'test_result_base': None}
[1.435s] Level 5:colcon.colcon_core.verb:set package 'forestry_description' build argument 'cmake_args' from command line to 'None'
[1.435s] Level 5:colcon.colcon_core.verb:set package 'forestry_description' build argument 'cmake_target' from command line to 'None'
[1.435s] Level 5:colcon.colcon_core.verb:set package 'forestry_description' build argument 'cmake_target_skip_unavailable' from command line to 'False'
[1.435s] Level 5:colcon.colcon_core.verb:set package 'forestry_description' build argument 'cmake_clean_cache' from command line to 'False'
[1.435s] Level 5:colcon.colcon_core.verb:set package 'forestry_description' build argument 'cmake_clean_first' from command line to 'False'
[1.435s] Level 5:colcon.colcon_core.verb:set package 'forestry_description' build argument 'cmake_force_configure' from command line to 'False'
[1.435s] Level 5:colcon.colcon_core.verb:set package 'forestry_description' build argument 'ament_cmake_args' from command line to 'None'
[1.435s] Level 5:colcon.colcon_core.verb:set package 'forestry_description' build argument 'catkin_cmake_args' from command line to 'None'
[1.435s] Level 5:colcon.colcon_core.verb:set package 'forestry_description' build argument 'catkin_skip_building_tests' from command line to 'False'
[1.435s] DEBUG:colcon.colcon_core.verb:Building package 'forestry_description' with the following arguments: {'ament_cmake_args': None, 'build_base': '/home/hsh/forestry_ws/build/forestry_description', 'catkin_cmake_args': None, 'catkin_skip_building_tests': False, 'cmake_args': None, 'cmake_clean_cache': False, 'cmake_clean_first': False, 'cmake_force_configure': False, 'cmake_target': None, 'cmake_target_skip_unavailable': False, 'install_base': '/home/hsh/forestry_ws/install/forestry_description', 'merge_install': False, 'path': '/home/hsh/forestry_ws/src/forestry_description', 'symlink_install': False, 'test_result_base': None}
[1.435s] INFO:colcon.colcon_core.executor:Executing jobs using 'parallel' executor
[1.436s] DEBUG:colcon.colcon_parallel_executor.executor.parallel:run_until_complete
[1.436s] INFO:colcon.colcon_ros.task.ament_cmake.build:Building ROS package in '/home/hsh/forestry_ws/src/ecvt_controller/ecvt_controller' with build type 'ament_cmake'
[1.436s] INFO:colcon.colcon_cmake.task.cmake.build:Building CMake package in '/home/hsh/forestry_ws/src/ecvt_controller/ecvt_controller'
[1.462s] INFO:colcon.colcon_core.plugin_system:Skipping extension 'colcon_core.shell.bat': Not used on non-Windows systems
[1.462s] INFO:colcon.colcon_core.shell:Skip shell extension 'powershell' for command environment: Not usable outside of PowerShell
[1.463s] DEBUG:colcon.colcon_core.shell:Skip shell extension 'dsv' for command environment
[1.488s] INFO:colcon.colcon_ros.task.ament_cmake.build:Building ROS package in '/home/hsh/forestry_ws/src/forestry_control' with build type 'ament_cmake'
[1.489s] INFO:colcon.colcon_cmake.task.cmake.build:Building CMake package in '/home/hsh/forestry_ws/src/forestry_control'
[1.490s] INFO:colcon.colcon_core.shell:Skip shell extension 'powershell' for command environment: Not usable outside of PowerShell
[1.490s] DEBUG:colcon.colcon_core.shell:Skip shell extension 'dsv' for command environment
[1.498s] INFO:colcon.colcon_ros.task.catkin.build:Building ROS package in '/home/hsh/forestry_ws/src/forestry_description' with build type 'catkin'
[1.499s] INFO:colcon.colcon_cmake.task.cmake.build:Building CMake package in '/home/hsh/forestry_ws/src/forestry_description'
[1.499s] INFO:colcon.colcon_core.shell:Skip shell extension 'powershell' for command environment: Not usable outside of PowerShell
[1.499s] DEBUG:colcon.colcon_core.shell:Skip shell extension 'dsv' for command environment
[1.532s] DEBUG:colcon.colcon_core.event_handler.log_command:Invoking command in '/home/hsh/forestry_ws/build/ecvt_controller': CMAKE_PREFIX_PATH=/opt/ros/foxy:${CMAKE_PREFIX_PATH} /usr/bin/cmake /home/hsh/forestry_ws/src/ecvt_controller/ecvt_controller -DCMAKE_INSTALL_PREFIX=/home/hsh/forestry_ws/install/ecvt_controller
[1.565s] DEBUG:colcon.colcon_core.event_handler.log_command:Invoking command in '/home/hsh/forestry_ws/build/forestry_control': CMAKE_PREFIX_PATH=/opt/ros/foxy:${CMAKE_PREFIX_PATH} /usr/bin/cmake /home/hsh/forestry_ws/src/forestry_control -DCMAKE_INSTALL_PREFIX=/home/hsh/forestry_ws/install/forestry_control
[1.613s] DEBUG:colcon.colcon_core.event_handler.log_command:Invoking command in '/home/hsh/forestry_ws/build/forestry_description': /usr/bin/cmake /home/hsh/forestry_ws/src/forestry_description -DCATKIN_INSTALL_INTO_PREFIX_ROOT=0 -DCMAKE_INSTALL_PREFIX=/home/hsh/forestry_ws/install/forestry_description
[2.453s] DEBUG:colcon.colcon_core.event_handler.log_command:Invoked command in '/home/hsh/forestry_ws/build/forestry_description' returned '0': /usr/bin/cmake /home/hsh/forestry_ws/src/forestry_description -DCATKIN_INSTALL_INTO_PREFIX_ROOT=0 -DCMAKE_INSTALL_PREFIX=/home/hsh/forestry_ws/install/forestry_description
[2.457s] DEBUG:colcon.colcon_core.event_handler.log_command:Invoking command in '/home/hsh/forestry_ws/build/forestry_description': /usr/bin/cmake --build /home/hsh/forestry_ws/build/forestry_description -- -j20 -l20
[2.520s] DEBUG:colcon.colcon_core.event_handler.log_command:Invoked command in '/home/hsh/forestry_ws/build/forestry_description' returned '0': /usr/bin/cmake --build /home/hsh/forestry_ws/build/forestry_description -- -j20 -l20
[2.621s] DEBUG:colcon.colcon_core.event_handler.log_command:Invoking command in '/home/hsh/forestry_ws/build/forestry_description': /usr/bin/cmake --install /home/hsh/forestry_ws/build/forestry_description
[2.664s] DEBUG:colcon.colcon_core.event_handler.log_command:Invoked command in '/home/hsh/forestry_ws/build/forestry_description' returned '0': /usr/bin/cmake --install /home/hsh/forestry_ws/build/forestry_description
[2.685s] Level 1:colcon.colcon_core.shell:create_environment_hook('forestry_description', 'ros_package_path')
[2.686s] INFO:colcon.colcon_core.shell:Creating environment hook '/home/hsh/forestry_ws/install/forestry_description/share/forestry_description/hook/ros_package_path.ps1'
[2.710s] INFO:colcon.colcon_core.shell:Creating environment descriptor '/home/hsh/forestry_ws/install/forestry_description/share/forestry_description/hook/ros_package_path.dsv'
[2.725s] INFO:colcon.colcon_core.shell:Creating environment hook '/home/hsh/forestry_ws/install/forestry_description/share/forestry_description/hook/ros_package_path.sh'
[2.737s] Level 1:colcon.colcon_core.shell:create_environment_hook('forestry_description', 'pkg_config_path')
[2.737s] INFO:colcon.colcon_core.shell:Creating environment hook '/home/hsh/forestry_ws/install/forestry_description/share/forestry_description/hook/pkg_config_path.ps1'
[2.738s] INFO:colcon.colcon_core.shell:Creating environment descriptor '/home/hsh/forestry_ws/install/forestry_description/share/forestry_description/hook/pkg_config_path.dsv'
[2.739s] INFO:colcon.colcon_core.shell:Creating environment hook '/home/hsh/forestry_ws/install/forestry_description/share/forestry_description/hook/pkg_config_path.sh'
[2.748s] Level 1:colcon.colcon_core.shell:create_environment_hook('forestry_description', 'pkg_config_path_multiarch')
[2.749s] INFO:colcon.colcon_core.shell:Creating environment hook '/home/hsh/forestry_ws/install/forestry_description/share/forestry_description/hook/pkg_config_path_multiarch.ps1'
[2.751s] INFO:colcon.colcon_core.shell:Creating environment descriptor '/home/hsh/forestry_ws/install/forestry_description/share/forestry_description/hook/pkg_config_path_multiarch.dsv'
[2.751s] INFO:colcon.colcon_core.shell:Creating environment hook '/home/hsh/forestry_ws/install/forestry_description/share/forestry_description/hook/pkg_config_path_multiarch.sh'
[2.754s] Level 1:colcon.colcon_core.environment:create_environment_scripts_only(forestry_description)
[2.801s] Level 1:colcon.colcon_core.environment:checking '/home/hsh/forestry_ws/install/forestry_description' for CMake module files
[2.804s] Level 1:colcon.colcon_core.environment:checking '/home/hsh/forestry_ws/install/forestry_description' for CMake config files
[2.805s] Level 1:colcon.colcon_core.shell:create_environment_hook('forestry_description', 'cmake_prefix_path')
[2.806s] INFO:colcon.colcon_core.shell:Creating environment hook '/home/hsh/forestry_ws/install/forestry_description/share/forestry_description/hook/cmake_prefix_path.ps1'
[2.807s] INFO:colcon.colcon_core.shell:Creating environment descriptor '/home/hsh/forestry_ws/install/forestry_description/share/forestry_description/hook/cmake_prefix_path.dsv'
[2.808s] INFO:colcon.colcon_core.shell:Creating environment hook '/home/hsh/forestry_ws/install/forestry_description/share/forestry_description/hook/cmake_prefix_path.sh'
[2.809s] Level 1:colcon.colcon_core.environment:checking '/home/hsh/forestry_ws/install/forestry_description/bin'
[2.810s] Level 1:colcon.colcon_core.environment:checking '/home/hsh/forestry_ws/install/forestry_description/lib/pkgconfig/forestry_description.pc'
[2.810s] Level 1:colcon.colcon_core.environment:checking '/home/hsh/forestry_ws/install/forestry_description/lib/python3.8/site-packages'
[2.811s] Level 1:colcon.colcon_core.environment:checking '/home/hsh/forestry_ws/install/forestry_description/bin'
[2.812s] INFO:colcon.colcon_core.shell:Creating package script '/home/hsh/forestry_ws/install/forestry_description/share/forestry_description/package.ps1'
[2.814s] INFO:colcon.colcon_core.shell:Creating package descriptor '/home/hsh/forestry_ws/install/forestry_description/share/forestry_description/package.dsv'
[2.816s] INFO:colcon.colcon_core.shell:Creating package script '/home/hsh/forestry_ws/install/forestry_description/share/forestry_description/package.sh'
[2.817s] INFO:colcon.colcon_core.shell:Creating package script '/home/hsh/forestry_ws/install/forestry_description/share/forestry_description/package.bash'
[2.845s] INFO:colcon.colcon_core.shell:Creating package script '/home/hsh/forestry_ws/install/forestry_description/share/forestry_description/package.zsh'
[2.859s] Level 1:colcon.colcon_core.environment:create_file_with_runtime_dependencies(/home/hsh/forestry_ws/install/forestry_description/share/colcon-core/packages/forestry_description)
[4.375s] DEBUG:colcon.colcon_core.event_handler.log_command:Invoked command in '/home/hsh/forestry_ws/build/forestry_control' returned '0': CMAKE_PREFIX_PATH=/opt/ros/foxy:${CMAKE_PREFIX_PATH} /usr/bin/cmake /home/hsh/forestry_ws/src/forestry_control -DCMAKE_INSTALL_PREFIX=/home/hsh/forestry_ws/install/forestry_control
[4.377s] DEBUG:colcon.colcon_core.event_handler.log_command:Invoking command in '/home/hsh/forestry_ws/build/forestry_control': CMAKE_PREFIX_PATH=/opt/ros/foxy:${CMAKE_PREFIX_PATH} /usr/bin/cmake --build /home/hsh/forestry_ws/build/forestry_control -- -j20 -l20
[4.378s] DEBUG:colcon.colcon_core.event_handler.log_command:Invoked command in '/home/hsh/forestry_ws/build/ecvt_controller' returned '0': CMAKE_PREFIX_PATH=/opt/ros/foxy:${CMAKE_PREFIX_PATH} /usr/bin/cmake /home/hsh/forestry_ws/src/ecvt_controller/ecvt_controller -DCMAKE_INSTALL_PREFIX=/home/hsh/forestry_ws/install/ecvt_controller
[4.380s] DEBUG:colcon.colcon_core.event_handler.log_command:Invoking command in '/home/hsh/forestry_ws/build/ecvt_controller': CMAKE_PREFIX_PATH=/opt/ros/foxy:${CMAKE_PREFIX_PATH} /usr/bin/cmake --build /home/hsh/forestry_ws/build/ecvt_controller -- -j20 -l20
[4.445s] DEBUG:colcon.colcon_core.event_handler.log_command:Invoked command in '/home/hsh/forestry_ws/build/forestry_control' returned '0': CMAKE_PREFIX_PATH=/opt/ros/foxy:${CMAKE_PREFIX_PATH} /usr/bin/cmake --build /home/hsh/forestry_ws/build/forestry_control -- -j20 -l20
[4.447s] DEBUG:colcon.colcon_core.event_handler.log_command:Invoked command in '/home/hsh/forestry_ws/build/ecvt_controller' returned '0': CMAKE_PREFIX_PATH=/opt/ros/foxy:${CMAKE_PREFIX_PATH} /usr/bin/cmake --build /home/hsh/forestry_ws/build/ecvt_controller -- -j20 -l20
[4.457s] DEBUG:colcon.colcon_core.event_handler.log_command:Invoking command in '/home/hsh/forestry_ws/build/forestry_control': CMAKE_PREFIX_PATH=/opt/ros/foxy:${CMAKE_PREFIX_PATH} /usr/bin/cmake --install /home/hsh/forestry_ws/build/forestry_control
[4.461s] DEBUG:colcon.colcon_core.event_handler.log_command:Invoking command in '/home/hsh/forestry_ws/build/ecvt_controller': CMAKE_PREFIX_PATH=/opt/ros/foxy:${CMAKE_PREFIX_PATH} /usr/bin/cmake --install /home/hsh/forestry_ws/build/ecvt_controller
[4.469s] Level 1:colcon.colcon_core.environment:create_environment_scripts_only(forestry_control)
[4.469s] Level 1:colcon.colcon_core.environment:checking '/home/hsh/forestry_ws/install/forestry_control' for CMake module files
[4.469s] DEBUG:colcon.colcon_core.event_handler.log_command:Invoked command in '/home/hsh/forestry_ws/build/forestry_control' returned '0': CMAKE_PREFIX_PATH=/opt/ros/foxy:${CMAKE_PREFIX_PATH} /usr/bin/cmake --install /home/hsh/forestry_ws/build/forestry_control
[4.470s] Level 1:colcon.colcon_core.environment:checking '/home/hsh/forestry_ws/install/forestry_control' for CMake config files
[4.470s] Level 1:colcon.colcon_core.shell:create_environment_hook('forestry_control', 'cmake_prefix_path')
[4.470s] INFO:colcon.colcon_core.shell:Creating environment hook '/home/hsh/forestry_ws/install/forestry_control/share/forestry_control/hook/cmake_prefix_path.ps1'
[4.470s] INFO:colcon.colcon_core.shell:Creating environment descriptor '/home/hsh/forestry_ws/install/forestry_control/share/forestry_control/hook/cmake_prefix_path.dsv'
[4.471s] INFO:colcon.colcon_core.shell:Creating environment hook '/home/hsh/forestry_ws/install/forestry_control/share/forestry_control/hook/cmake_prefix_path.sh'
[4.471s] Level 1:colcon.colcon_core.environment:checking '/home/hsh/forestry_ws/install/forestry_control/lib'
[4.471s] Level 1:colcon.colcon_core.environment:checking '/home/hsh/forestry_ws/install/forestry_control/bin'
[4.471s] Level 1:colcon.colcon_core.environment:checking '/home/hsh/forestry_ws/install/forestry_control/lib/pkgconfig/forestry_control.pc'
[4.472s] Level 1:colcon.colcon_core.environment:checking '/home/hsh/forestry_ws/install/forestry_control/lib/python3.8/site-packages'
[4.472s] Level 1:colcon.colcon_core.environment:checking '/home/hsh/forestry_ws/install/forestry_control/bin'
[4.472s] INFO:colcon.colcon_core.shell:Creating package script '/home/hsh/forestry_ws/install/forestry_control/share/forestry_control/package.ps1'
[4.472s] INFO:colcon.colcon_core.shell:Creating package descriptor '/home/hsh/forestry_ws/install/forestry_control/share/forestry_control/package.dsv'
[4.472s] INFO:colcon.colcon_core.shell:Creating package script '/home/hsh/forestry_ws/install/forestry_control/share/forestry_control/package.sh'
[4.472s] INFO:colcon.colcon_core.shell:Creating package script '/home/hsh/forestry_ws/install/forestry_control/share/forestry_control/package.bash'
[4.472s] INFO:colcon.colcon_core.shell:Creating package script '/home/hsh/forestry_ws/install/forestry_control/share/forestry_control/package.zsh'
[4.473s] Level 1:colcon.colcon_core.environment:create_file_with_runtime_dependencies(/home/hsh/forestry_ws/install/forestry_control/share/colcon-core/packages/forestry_control)
[4.477s] Level 1:colcon.colcon_core.environment:create_environment_scripts_only(ecvt_controller)
[4.477s] Level 1:colcon.colcon_core.environment:checking '/home/hsh/forestry_ws/install/ecvt_controller' for CMake module files
[4.477s] DEBUG:colcon.colcon_core.event_handler.log_command:Invoked command in '/home/hsh/forestry_ws/build/ecvt_controller' returned '0': CMAKE_PREFIX_PATH=/opt/ros/foxy:${CMAKE_PREFIX_PATH} /usr/bin/cmake --install /home/hsh/forestry_ws/build/ecvt_controller
[4.478s] Level 1:colcon.colcon_core.environment:checking '/home/hsh/forestry_ws/install/ecvt_controller' for CMake config files
[4.478s] Level 1:colcon.colcon_core.shell:create_environment_hook('ecvt_controller', 'cmake_prefix_path')
[4.478s] INFO:colcon.colcon_core.shell:Creating environment hook '/home/hsh/forestry_ws/install/ecvt_controller/share/ecvt_controller/hook/cmake_prefix_path.ps1'
[4.478s] INFO:colcon.colcon_core.shell:Creating environment descriptor '/home/hsh/forestry_ws/install/ecvt_controller/share/ecvt_controller/hook/cmake_prefix_path.dsv'
[4.478s] INFO:colcon.colcon_core.shell:Creating environment hook '/home/hsh/forestry_ws/install/ecvt_controller/share/ecvt_controller/hook/cmake_prefix_path.sh'
[4.479s] Level 1:colcon.colcon_core.environment:checking '/home/hsh/forestry_ws/install/ecvt_controller/lib'
[4.479s] Level 1:colcon.colcon_core.environment:checking '/home/hsh/forestry_ws/install/ecvt_controller/bin'
[4.479s] Level 1:colcon.colcon_core.environment:checking '/home/hsh/forestry_ws/install/ecvt_controller/lib/pkgconfig/ecvt_controller.pc'
[4.479s] Level 1:colcon.colcon_core.environment:checking '/home/hsh/forestry_ws/install/ecvt_controller/lib/python3.8/site-packages'
[4.479s] Level 1:colcon.colcon_core.environment:checking '/home/hsh/forestry_ws/install/ecvt_controller/bin'
[4.479s] INFO:colcon.colcon_core.shell:Creating package script '/home/hsh/forestry_ws/install/ecvt_controller/share/ecvt_controller/package.ps1'
[4.479s] INFO:colcon.colcon_core.shell:Creating package descriptor '/home/hsh/forestry_ws/install/ecvt_controller/share/ecvt_controller/package.dsv'
[4.479s] INFO:colcon.colcon_core.shell:Creating package script '/home/hsh/forestry_ws/install/ecvt_controller/share/ecvt_controller/package.sh'
[4.480s] INFO:colcon.colcon_core.shell:Creating package script '/home/hsh/forestry_ws/install/ecvt_controller/share/ecvt_controller/package.bash'
[4.480s] INFO:colcon.colcon_core.shell:Creating package script '/home/hsh/forestry_ws/install/ecvt_controller/share/ecvt_controller/package.zsh'
[4.480s] Level 1:colcon.colcon_core.environment:create_file_with_runtime_dependencies(/home/hsh/forestry_ws/install/ecvt_controller/share/colcon-core/packages/ecvt_controller)
[4.485s] Level 1:colcon.colcon_core.environment:create_environment_scripts_only(forestry_control)
[4.485s] Level 1:colcon.colcon_core.environment:checking '/home/hsh/forestry_ws/install/forestry_control' for CMake module files
[4.485s] Level 1:colcon.colcon_core.environment:checking '/home/hsh/forestry_ws/install/forestry_control' for CMake config files
[4.485s] Level 1:colcon.colcon_core.shell:create_environment_hook('forestry_control', 'cmake_prefix_path')
[4.485s] INFO:colcon.colcon_core.shell:Creating environment hook '/home/hsh/forestry_ws/install/forestry_control/share/forestry_control/hook/cmake_prefix_path.ps1'
[4.486s] INFO:colcon.colcon_core.shell:Creating environment descriptor '/home/hsh/forestry_ws/install/forestry_control/share/forestry_control/hook/cmake_prefix_path.dsv'
[4.486s] INFO:colcon.colcon_core.shell:Creating environment hook '/home/hsh/forestry_ws/install/forestry_control/share/forestry_control/hook/cmake_prefix_path.sh'
[4.486s] Level 1:colcon.colcon_core.environment:checking '/home/hsh/forestry_ws/install/forestry_control/lib'
[4.486s] Level 1:colcon.colcon_core.environment:checking '/home/hsh/forestry_ws/install/forestry_control/bin'
[4.486s] Level 1:colcon.colcon_core.environment:checking '/home/hsh/forestry_ws/install/forestry_control/lib/pkgconfig/forestry_control.pc'
[4.486s] Level 1:colcon.colcon_core.environment:checking '/home/hsh/forestry_ws/install/forestry_control/lib/python3.8/site-packages'
[4.486s] Level 1:colcon.colcon_core.environment:checking '/home/hsh/forestry_ws/install/forestry_control/bin'
[4.487s] INFO:colcon.colcon_core.shell:Creating package script '/home/hsh/forestry_ws/install/forestry_control/share/forestry_control/package.ps1'
[4.487s] INFO:colcon.colcon_core.shell:Creating package descriptor '/home/hsh/forestry_ws/install/forestry_control/share/forestry_control/package.dsv'
[4.487s] INFO:colcon.colcon_core.shell:Creating package script '/home/hsh/forestry_ws/install/forestry_control/share/forestry_control/package.sh'
[4.488s] INFO:colcon.colcon_core.shell:Creating package script '/home/hsh/forestry_ws/install/forestry_control/share/forestry_control/package.bash'
[4.488s] INFO:colcon.colcon_core.shell:Creating package script '/home/hsh/forestry_ws/install/forestry_control/share/forestry_control/package.zsh'
[4.488s] Level 1:colcon.colcon_core.environment:create_file_with_runtime_dependencies(/home/hsh/forestry_ws/install/forestry_control/share/colcon-core/packages/forestry_control)
[4.492s] Level 1:colcon.colcon_core.environment:create_environment_scripts_only(ecvt_controller)
[4.492s] Level 1:colcon.colcon_core.environment:checking '/home/hsh/forestry_ws/install/ecvt_controller' for CMake module files
[4.492s] Level 1:colcon.colcon_core.environment:checking '/home/hsh/forestry_ws/install/ecvt_controller' for CMake config files
[4.492s] Level 1:colcon.colcon_core.shell:create_environment_hook('ecvt_controller', 'cmake_prefix_path')
[4.492s] INFO:colcon.colcon_core.shell:Creating environment hook '/home/hsh/forestry_ws/install/ecvt_controller/share/ecvt_controller/hook/cmake_prefix_path.ps1'
[4.493s] INFO:colcon.colcon_core.shell:Creating environment descriptor '/home/hsh/forestry_ws/install/ecvt_controller/share/ecvt_controller/hook/cmake_prefix_path.dsv'
[4.493s] INFO:colcon.colcon_core.shell:Creating environment hook '/home/hsh/forestry_ws/install/ecvt_controller/share/ecvt_controller/hook/cmake_prefix_path.sh'
[4.493s] Level 1:colcon.colcon_core.environment:checking '/home/hsh/forestry_ws/install/ecvt_controller/lib'
[4.493s] Level 1:colcon.colcon_core.environment:checking '/home/hsh/forestry_ws/install/ecvt_controller/bin'
[4.493s] Level 1:colcon.colcon_core.environment:checking '/home/hsh/forestry_ws/install/ecvt_controller/lib/pkgconfig/ecvt_controller.pc'
[4.493s] Level 1:colcon.colcon_core.environment:checking '/home/hsh/forestry_ws/install/ecvt_controller/lib/python3.8/site-packages'
[4.493s] Level 1:colcon.colcon_core.environment:checking '/home/hsh/forestry_ws/install/ecvt_controller/bin'
[4.493s] INFO:colcon.colcon_core.shell:Creating package script '/home/hsh/forestry_ws/install/ecvt_controller/share/ecvt_controller/package.ps1'
[4.494s] INFO:colcon.colcon_core.shell:Creating package descriptor '/home/hsh/forestry_ws/install/ecvt_controller/share/ecvt_controller/package.dsv'
[4.494s] INFO:colcon.colcon_core.shell:Creating package script '/home/hsh/forestry_ws/install/ecvt_controller/share/ecvt_controller/package.sh'
[4.494s] INFO:colcon.colcon_core.shell:Creating package script '/home/hsh/forestry_ws/install/ecvt_controller/share/ecvt_controller/package.bash'
[4.494s] INFO:colcon.colcon_core.shell:Creating package script '/home/hsh/forestry_ws/install/ecvt_controller/share/ecvt_controller/package.zsh'
[4.494s] Level 1:colcon.colcon_core.environment:create_file_with_runtime_dependencies(/home/hsh/forestry_ws/install/ecvt_controller/share/colcon-core/packages/ecvt_controller)
[4.494s] DEBUG:colcon.colcon_parallel_executor.executor.parallel:closing loop
[4.495s] DEBUG:colcon.colcon_parallel_executor.executor.parallel:loop closed
[4.495s] DEBUG:colcon.colcon_parallel_executor.executor.parallel:run_until_complete finished with '0'
[4.495s] DEBUG:colcon.colcon_core.event_reactor:joining thread
[4.516s] INFO:colcon.colcon_core.plugin_system:Skipping extension 'colcon_notification.desktop_notification.terminal_notifier': Not used on non-Darwin systems
[4.516s] INFO:colcon.colcon_core.plugin_system:Skipping extension 'colcon_notification.desktop_notification.win32': Not used on non-Windows systems
[4.516s] INFO:colcon.colcon_notification.desktop_notification:Sending desktop notification using 'notify2'
[4.541s] DEBUG:colcon.colcon_core.event_reactor:joined thread
[4.542s] INFO:colcon.colcon_core.shell:Creating prefix script '/home/hsh/forestry_ws/install/local_setup.ps1'
[4.550s] INFO:colcon.colcon_core.shell:Creating prefix util module '/home/hsh/forestry_ws/install/_local_setup_util_ps1.py'
[4.580s] INFO:colcon.colcon_core.shell:Creating prefix chain script '/home/hsh/forestry_ws/install/setup.ps1'
[4.594s] INFO:colcon.colcon_core.shell:Creating prefix script '/home/hsh/forestry_ws/install/local_setup.sh'
[4.595s] INFO:colcon.colcon_core.shell:Creating prefix util module '/home/hsh/forestry_ws/install/_local_setup_util_sh.py'
[4.596s] INFO:colcon.colcon_core.shell:Creating prefix chain script '/home/hsh/forestry_ws/install/setup.sh'
[4.599s] INFO:colcon.colcon_core.shell:Creating prefix script '/home/hsh/forestry_ws/install/local_setup.bash'
[4.601s] INFO:colcon.colcon_core.shell:Creating prefix chain script '/home/hsh/forestry_ws/install/setup.bash'
[4.603s] INFO:colcon.colcon_core.shell:Creating prefix script '/home/hsh/forestry_ws/install/local_setup.zsh'
[4.605s] INFO:colcon.colcon_core.shell:Creating prefix chain script '/home/hsh/forestry_ws/install/setup.zsh'
