-- Install configuration: ""
-- Up-to-date: /home/hsh/forestry_ws/install/forestry_description/share/forestry_description/launch/config
-- Up-to-date: /home/hsh/forestry_ws/install/forestry_description/share/forestry_description/launch/config/joint_names_Assy_Concept_whole.yaml
-- Up-to-date: /home/hsh/forestry_ws/install/forestry_description/share/forestry_description/launch/launch
-- Up-to-date: /home/hsh/forestry_ws/install/forestry_description/share/forestry_description/launch/launch/gazebo.launch
-- Up-to-date: /home/hsh/forestry_ws/install/forestry_description/share/forestry_description/launch/launch/spawn_robot_launch.py
-- Up-to-date: /home/hsh/forestry_ws/install/forestry_description/share/forestry_description/launch/launch/display.launch
-- Up-to-date: /home/hsh/forestry_ws/install/forestry_description/share/forestry_description/launch/launch/__pycache__
-- Up-to-date: /home/hsh/forestry_ws/install/forestry_description/share/forestry_description/launch/launch/__pycache__/spawn_robot_launch.cpython-38.pyc
-- Up-to-date: /home/hsh/forestry_ws/install/forestry_description/share/forestry_description/launch/meshes
-- Up-to-date: /home/hsh/forestry_ws/install/forestry_description/share/forestry_description/launch/meshes/RR4.STL
-- Up-to-date: /home/hsh/forestry_ws/install/forestry_description/share/forestry_description/launch/meshes/FR4.STL
-- Up-to-date: /home/hsh/forestry_ws/install/forestry_description/share/forestry_description/launch/meshes/RL2.STL
-- Up-to-date: /home/hsh/forestry_ws/install/forestry_description/share/forestry_description/launch/meshes/FL2.STL
-- Up-to-date: /home/hsh/forestry_ws/install/forestry_description/share/forestry_description/launch/meshes/RL4_2.STL
-- Up-to-date: /home/hsh/forestry_ws/install/forestry_description/share/forestry_description/launch/meshes/RLB3.STL
-- Up-to-date: /home/hsh/forestry_ws/install/forestry_description/share/forestry_description/launch/meshes/RRB0.STL
-- Up-to-date: /home/hsh/forestry_ws/install/forestry_description/share/forestry_description/launch/meshes/RL3.STL
-- Up-to-date: /home/hsh/forestry_ws/install/forestry_description/share/forestry_description/launch/meshes/FLB3.STL
-- Up-to-date: /home/hsh/forestry_ws/install/forestry_description/share/forestry_description/launch/meshes/RLB1.STL
-- Up-to-date: /home/hsh/forestry_ws/install/forestry_description/share/forestry_description/launch/meshes/FRB2.STL
-- Up-to-date: /home/hsh/forestry_ws/install/forestry_description/share/forestry_description/launch/meshes/FL1.STL
-- Up-to-date: /home/hsh/forestry_ws/install/forestry_description/share/forestry_description/launch/meshes/FL4_1.STL
-- Up-to-date: /home/hsh/forestry_ws/install/forestry_description/share/forestry_description/launch/meshes/RL4_1.STL
-- Up-to-date: /home/hsh/forestry_ws/install/forestry_description/share/forestry_description/launch/meshes/tool_Link.STL
-- Up-to-date: /home/hsh/forestry_ws/install/forestry_description/share/forestry_description/launch/meshes/FL5.STL
-- Up-to-date: /home/hsh/forestry_ws/install/forestry_description/share/forestry_description/launch/meshes/FRB0.STL
-- Up-to-date: /home/hsh/forestry_ws/install/forestry_description/share/forestry_description/launch/meshes/RL4.STL
-- Up-to-date: /home/hsh/forestry_ws/install/forestry_description/share/forestry_description/launch/meshes/FL4.STL
-- Up-to-date: /home/hsh/forestry_ws/install/forestry_description/share/forestry_description/launch/meshes/d_joint2_Link.STL
-- Up-to-date: /home/hsh/forestry_ws/install/forestry_description/share/forestry_description/launch/meshes/FLB1.STL
-- Up-to-date: /home/hsh/forestry_ws/install/forestry_description/share/forestry_description/launch/meshes/boom_Link.STL
-- Up-to-date: /home/hsh/forestry_ws/install/forestry_description/share/forestry_description/launch/meshes/RLB2.STL
-- Up-to-date: /home/hsh/forestry_ws/install/forestry_description/share/forestry_description/launch/meshes/FRB1.STL
-- Up-to-date: /home/hsh/forestry_ws/install/forestry_description/share/forestry_description/launch/meshes/s_boom_Link.STL
-- Up-to-date: /home/hsh/forestry_ws/install/forestry_description/share/forestry_description/launch/meshes/s_arm_Link.STL
-- Up-to-date: /home/hsh/forestry_ws/install/forestry_description/share/forestry_description/launch/meshes/RR1.STL
-- Up-to-date: /home/hsh/forestry_ws/install/forestry_description/share/forestry_description/launch/meshes/FLB2.STL
-- Up-to-date: /home/hsh/forestry_ws/install/forestry_description/share/forestry_description/launch/meshes/RR2.STL
-- Up-to-date: /home/hsh/forestry_ws/install/forestry_description/share/forestry_description/launch/meshes/FRB3.STL
-- Up-to-date: /home/hsh/forestry_ws/install/forestry_description/share/forestry_description/launch/meshes/FR5.STL
-- Up-to-date: /home/hsh/forestry_ws/install/forestry_description/share/forestry_description/launch/meshes/FL4_2.STL
-- Up-to-date: /home/hsh/forestry_ws/install/forestry_description/share/forestry_description/launch/meshes/FR3.STL
-- Up-to-date: /home/hsh/forestry_ws/install/forestry_description/share/forestry_description/launch/meshes/RRB1.STL
-- Up-to-date: /home/hsh/forestry_ws/install/forestry_description/share/forestry_description/launch/meshes/d_joint1_Link.STL
-- Up-to-date: /home/hsh/forestry_ws/install/forestry_description/share/forestry_description/launch/meshes/RLB0.STL
-- Up-to-date: /home/hsh/forestry_ws/install/forestry_description/share/forestry_description/launch/meshes/FL3.STL
-- Up-to-date: /home/hsh/forestry_ws/install/forestry_description/share/forestry_description/launch/meshes/turntable_Link.STL
-- Up-to-date: /home/hsh/forestry_ws/install/forestry_description/share/forestry_description/launch/meshes/tool_s_Link.STL
-- Up-to-date: /home/hsh/forestry_ws/install/forestry_description/share/forestry_description/launch/meshes/RRB2.STL
-- Up-to-date: /home/hsh/forestry_ws/install/forestry_description/share/forestry_description/launch/meshes/RR4_2.STL
-- Up-to-date: /home/hsh/forestry_ws/install/forestry_description/share/forestry_description/launch/meshes/RR4_1.STL
-- Up-to-date: /home/hsh/forestry_ws/install/forestry_description/share/forestry_description/launch/meshes/base_link.STL
-- Up-to-date: /home/hsh/forestry_ws/install/forestry_description/share/forestry_description/launch/meshes/FR4_1.STL
-- Up-to-date: /home/hsh/forestry_ws/install/forestry_description/share/forestry_description/launch/meshes/RRB3.STL
-- Up-to-date: /home/hsh/forestry_ws/install/forestry_description/share/forestry_description/launch/meshes/FR1.STL
-- Up-to-date: /home/hsh/forestry_ws/install/forestry_description/share/forestry_description/launch/meshes/RR3.STL
-- Up-to-date: /home/hsh/forestry_ws/install/forestry_description/share/forestry_description/launch/meshes/RL5.STL
-- Up-to-date: /home/hsh/forestry_ws/install/forestry_description/share/forestry_description/launch/meshes/base_Link_boom.STL
-- Up-to-date: /home/hsh/forestry_ws/install/forestry_description/share/forestry_description/launch/meshes/FR4_2.STL
-- Up-to-date: /home/hsh/forestry_ws/install/forestry_description/share/forestry_description/launch/meshes/FLB0.STL
-- Up-to-date: /home/hsh/forestry_ws/install/forestry_description/share/forestry_description/launch/meshes/RR5.STL
-- Up-to-date: /home/hsh/forestry_ws/install/forestry_description/share/forestry_description/launch/meshes/FR2.STL
-- Up-to-date: /home/hsh/forestry_ws/install/forestry_description/share/forestry_description/launch/meshes/RL1.STL
-- Up-to-date: /home/hsh/forestry_ws/install/forestry_description/share/forestry_description/launch/urdf
-- Up-to-date: /home/hsh/forestry_ws/install/forestry_description/share/forestry_description/launch/urdf/forestry_description.urdf
-- Up-to-date: /home/hsh/forestry_ws/install/forestry_description/share/forestry_description/launch/urdf/forestry_descriptoin.csv
-- Up-to-date: /home/hsh/forestry_ws/install/forestry_description/share/ament_index/resource_index/package_run_dependencies/forestry_description
-- Up-to-date: /home/hsh/forestry_ws/install/forestry_description/share/ament_index/resource_index/parent_prefix_path/forestry_description
-- Up-to-date: /home/hsh/forestry_ws/install/forestry_description/share/forestry_description/environment/ament_prefix_path.sh
-- Up-to-date: /home/hsh/forestry_ws/install/forestry_description/share/forestry_description/environment/ament_prefix_path.dsv
-- Up-to-date: /home/hsh/forestry_ws/install/forestry_description/share/forestry_description/environment/path.sh
-- Up-to-date: /home/hsh/forestry_ws/install/forestry_description/share/forestry_description/environment/path.dsv
-- Up-to-date: /home/hsh/forestry_ws/install/forestry_description/share/forestry_description/local_setup.bash
-- Up-to-date: /home/hsh/forestry_ws/install/forestry_description/share/forestry_description/local_setup.sh
-- Up-to-date: /home/hsh/forestry_ws/install/forestry_description/share/forestry_description/local_setup.zsh
-- Up-to-date: /home/hsh/forestry_ws/install/forestry_description/share/forestry_description/local_setup.dsv
-- Installing: /home/hsh/forestry_ws/install/forestry_description/share/forestry_description/package.dsv
-- Up-to-date: /home/hsh/forestry_ws/install/forestry_description/share/ament_index/resource_index/packages/forestry_description
-- Up-to-date: /home/hsh/forestry_ws/install/forestry_description/share/forestry_description/cmake/forestry_descriptionConfig.cmake
-- Up-to-date: /home/hsh/forestry_ws/install/forestry_description/share/forestry_description/cmake/forestry_descriptionConfig-version.cmake
-- Up-to-date: /home/hsh/forestry_ws/install/forestry_description/share/forestry_description/package.xml
