[0.008s] Invoking command in '/home/hsh/forestry_ws/build/forestry_description': /usr/bin/cmake /home/hsh/forestry_ws/src/forestry_description -DCATKIN_INSTALL_INTO_PREFIX_ROOT=0 -DCATKIN_SYMLINK_INSTALL=ON -DCMAKE_INSTALL_PREFIX=/home/hsh/forestry_ws/install/forestry_description
[0.036s] -- The C compiler identification is GNU 9.4.0
[0.066s] -- The CXX compiler identification is GNU 9.4.0
[0.069s] -- Check for working C compiler: /usr/bin/cc
[0.112s] -- Check for working C compiler: /usr/bin/cc -- works
[0.112s] -- Detecting C compiler ABI info
[0.151s] -- Detecting C compiler ABI info - done
[0.157s] -- Detecting C compile features
[0.158s] -- Detecting C compile features - done
[0.159s] -- Check for working CXX compiler: /usr/bin/c++
[0.202s] -- Check for working CXX compiler: /usr/bin/c++ -- works
[0.202s] -- Detecting CXX compiler ABI info
[0.250s] -- Detecting CXX compiler ABI info - done
[0.256s] -- Detecting CXX compile features
[0.256s] -- Detecting CXX compile features - done
[0.257s] -- Found ament_cmake: 0.9.12 (/opt/ros/foxy/share/ament_cmake/cmake)
[0.271s] -- Found PythonInterp: /usr/bin/python3 (found suitable version "3.8.10", minimum required is "3") 
[0.271s] -- Using PYTHON_EXECUTABLE: /usr/bin/python3
[0.407s] -- Configuring done
[0.407s] -- Generating done
[0.408s] CMake Warning:
[0.408s]   Manually-specified variables were not used by the project:
[0.408s] 
[0.408s]     CATKIN_INSTALL_INTO_PREFIX_ROOT
[0.408s]     CATKIN_SYMLINK_INSTALL
[0.408s] 
[0.408s] 
[0.408s] -- Build files have been written to: /home/hsh/forestry_ws/build/forestry_description
[0.410s] Invoked command in '/home/hsh/forestry_ws/build/forestry_description' returned '0': /usr/bin/cmake /home/hsh/forestry_ws/src/forestry_description -DCATKIN_INSTALL_INTO_PREFIX_ROOT=0 -DCATKIN_SYMLINK_INSTALL=ON -DCMAKE_INSTALL_PREFIX=/home/hsh/forestry_ws/install/forestry_description
[0.412s] Invoking command in '/home/hsh/forestry_ws/build/forestry_description': /usr/bin/cmake --build /home/hsh/forestry_ws/build/forestry_description -- -j20 -l20
[0.433s] Invoked command in '/home/hsh/forestry_ws/build/forestry_description' returned '0': /usr/bin/cmake --build /home/hsh/forestry_ws/build/forestry_description -- -j20 -l20
[0.464s] Invoking command in '/home/hsh/forestry_ws/build/forestry_description': /usr/bin/cmake --install /home/hsh/forestry_ws/build/forestry_description
[0.469s] -- Install configuration: ""
[0.469s] -- Installing: /home/hsh/forestry_ws/install/forestry_description/share/forestry_description/launch/config
[0.469s] -- Installing: /home/hsh/forestry_ws/install/forestry_description/share/forestry_description/launch/config/joint_names_Assy_Concept_whole.yaml
[0.469s] -- Installing: /home/hsh/forestry_ws/install/forestry_description/share/forestry_description/launch/launch
[0.469s] -- Installing: /home/hsh/forestry_ws/install/forestry_description/share/forestry_description/launch/launch/gazebo.launch
[0.469s] -- Installing: /home/hsh/forestry_ws/install/forestry_description/share/forestry_description/launch/launch/spawn_robot_launch.py
[0.469s] -- Installing: /home/hsh/forestry_ws/install/forestry_description/share/forestry_description/launch/launch/display.launch
[0.469s] -- Installing: /home/hsh/forestry_ws/install/forestry_description/share/forestry_description/launch/launch/__pycache__
[0.469s] -- Installing: /home/hsh/forestry_ws/install/forestry_description/share/forestry_description/launch/launch/__pycache__/spawn_robot_launch.cpython-38.pyc
[0.469s] -- Installing: /home/hsh/forestry_ws/install/forestry_description/share/forestry_description/launch/meshes
[0.469s] -- Installing: /home/hsh/forestry_ws/install/forestry_description/share/forestry_description/launch/meshes/RR4.STL
[0.469s] -- Installing: /home/hsh/forestry_ws/install/forestry_description/share/forestry_description/launch/meshes/FR4.STL
[0.469s] -- Installing: /home/hsh/forestry_ws/install/forestry_description/share/forestry_description/launch/meshes/RL2.STL
[0.469s] -- Installing: /home/hsh/forestry_ws/install/forestry_description/share/forestry_description/launch/meshes/FL2.STL
[0.469s] -- Installing: /home/hsh/forestry_ws/install/forestry_description/share/forestry_description/launch/meshes/RL4_2.STL
[0.469s] -- Installing: /home/hsh/forestry_ws/install/forestry_description/share/forestry_description/launch/meshes/RLB3.STL
[0.469s] -- Installing: /home/hsh/forestry_ws/install/forestry_description/share/forestry_description/launch/meshes/RRB0.STL
[0.470s] -- Installing: /home/hsh/forestry_ws/install/forestry_description/share/forestry_description/launch/meshes/RL3.STL
[0.470s] -- Installing: /home/hsh/forestry_ws/install/forestry_description/share/forestry_description/launch/meshes/FLB3.STL
[0.470s] -- Installing: /home/hsh/forestry_ws/install/forestry_description/share/forestry_description/launch/meshes/RLB1.STL
[0.470s] -- Installing: /home/hsh/forestry_ws/install/forestry_description/share/forestry_description/launch/meshes/FRB2.STL
[0.470s] -- Installing: /home/hsh/forestry_ws/install/forestry_description/share/forestry_description/launch/meshes/FL1.STL
[0.470s] -- Installing: /home/hsh/forestry_ws/install/forestry_description/share/forestry_description/launch/meshes/FL4_1.STL
[0.470s] -- Installing: /home/hsh/forestry_ws/install/forestry_description/share/forestry_description/launch/meshes/RL4_1.STL
[0.470s] -- Installing: /home/hsh/forestry_ws/install/forestry_description/share/forestry_description/launch/meshes/tool_Link.STL
[0.470s] -- Installing: /home/hsh/forestry_ws/install/forestry_description/share/forestry_description/launch/meshes/FL5.STL
[0.472s] -- Installing: /home/hsh/forestry_ws/install/forestry_description/share/forestry_description/launch/meshes/FRB0.STL
[0.472s] -- Installing: /home/hsh/forestry_ws/install/forestry_description/share/forestry_description/launch/meshes/RL4.STL
[0.473s] -- Installing: /home/hsh/forestry_ws/install/forestry_description/share/forestry_description/launch/meshes/FL4.STL
[0.473s] -- Installing: /home/hsh/forestry_ws/install/forestry_description/share/forestry_description/launch/meshes/d_joint2_Link.STL
[0.473s] -- Installing: /home/hsh/forestry_ws/install/forestry_description/share/forestry_description/launch/meshes/FLB1.STL
[0.473s] -- Installing: /home/hsh/forestry_ws/install/forestry_description/share/forestry_description/launch/meshes/boom_Link.STL
[0.475s] -- Installing: /home/hsh/forestry_ws/install/forestry_description/share/forestry_description/launch/meshes/RLB2.STL
[0.475s] -- Installing: /home/hsh/forestry_ws/install/forestry_description/share/forestry_description/launch/meshes/FRB1.STL
[0.475s] -- Installing: /home/hsh/forestry_ws/install/forestry_description/share/forestry_description/launch/meshes/s_boom_Link.STL
[0.475s] -- Installing: /home/hsh/forestry_ws/install/forestry_description/share/forestry_description/launch/meshes/s_arm_Link.STL
[0.475s] -- Installing: /home/hsh/forestry_ws/install/forestry_description/share/forestry_description/launch/meshes/RR1.STL
[0.475s] -- Installing: /home/hsh/forestry_ws/install/forestry_description/share/forestry_description/launch/meshes/FLB2.STL
[0.475s] -- Installing: /home/hsh/forestry_ws/install/forestry_description/share/forestry_description/launch/meshes/RR2.STL
[0.475s] -- Installing: /home/hsh/forestry_ws/install/forestry_description/share/forestry_description/launch/meshes/FRB3.STL
[0.475s] -- Installing: /home/hsh/forestry_ws/install/forestry_description/share/forestry_description/launch/meshes/FR5.STL
[0.477s] -- Installing: /home/hsh/forestry_ws/install/forestry_description/share/forestry_description/launch/meshes/FL4_2.STL
[0.478s] -- Installing: /home/hsh/forestry_ws/install/forestry_description/share/forestry_description/launch/meshes/FR3.STL
[0.478s] -- Installing: /home/hsh/forestry_ws/install/forestry_description/share/forestry_description/launch/meshes/RRB1.STL
[0.478s] -- Installing: /home/hsh/forestry_ws/install/forestry_description/share/forestry_description/launch/meshes/d_joint1_Link.STL
[0.478s] -- Installing: /home/hsh/forestry_ws/install/forestry_description/share/forestry_description/launch/meshes/RLB0.STL
[0.478s] -- Installing: /home/hsh/forestry_ws/install/forestry_description/share/forestry_description/launch/meshes/FL3.STL
[0.478s] -- Installing: /home/hsh/forestry_ws/install/forestry_description/share/forestry_description/launch/meshes/turntable_Link.STL
[0.479s] -- Installing: /home/hsh/forestry_ws/install/forestry_description/share/forestry_description/launch/meshes/tool_s_Link.STL
[0.479s] -- Installing: /home/hsh/forestry_ws/install/forestry_description/share/forestry_description/launch/meshes/RRB2.STL
[0.479s] -- Installing: /home/hsh/forestry_ws/install/forestry_description/share/forestry_description/launch/meshes/RR4_2.STL
[0.479s] -- Installing: /home/hsh/forestry_ws/install/forestry_description/share/forestry_description/launch/meshes/RR4_1.STL
[0.479s] -- Installing: /home/hsh/forestry_ws/install/forestry_description/share/forestry_description/launch/meshes/base_link.STL
[0.481s] -- Installing: /home/hsh/forestry_ws/install/forestry_description/share/forestry_description/launch/meshes/FR4_1.STL
[0.481s] -- Installing: /home/hsh/forestry_ws/install/forestry_description/share/forestry_description/launch/meshes/RRB3.STL
[0.481s] -- Installing: /home/hsh/forestry_ws/install/forestry_description/share/forestry_description/launch/meshes/FR1.STL
[0.481s] -- Installing: /home/hsh/forestry_ws/install/forestry_description/share/forestry_description/launch/meshes/RR3.STL
[0.481s] -- Installing: /home/hsh/forestry_ws/install/forestry_description/share/forestry_description/launch/meshes/RL5.STL
[0.483s] -- Installing: /home/hsh/forestry_ws/install/forestry_description/share/forestry_description/launch/meshes/base_Link_boom.STL
[0.484s] -- Installing: /home/hsh/forestry_ws/install/forestry_description/share/forestry_description/launch/meshes/FR4_2.STL
[0.485s] -- Installing: /home/hsh/forestry_ws/install/forestry_description/share/forestry_description/launch/meshes/FLB0.STL
[0.485s] -- Installing: /home/hsh/forestry_ws/install/forestry_description/share/forestry_description/launch/meshes/RR5.STL
[0.486s] -- Installing: /home/hsh/forestry_ws/install/forestry_description/share/forestry_description/launch/meshes/FR2.STL
[0.487s] -- Installing: /home/hsh/forestry_ws/install/forestry_description/share/forestry_description/launch/meshes/RL1.STL
[0.487s] -- Installing: /home/hsh/forestry_ws/install/forestry_description/share/forestry_description/launch/urdf
[0.487s] -- Installing: /home/hsh/forestry_ws/install/forestry_description/share/forestry_description/launch/urdf/forestry_description.urdf
[0.487s] -- Installing: /home/hsh/forestry_ws/install/forestry_description/share/forestry_description/launch/urdf/forestry_descriptoin.csv
[0.487s] -- Installing: /home/hsh/forestry_ws/install/forestry_description/share/ament_index/resource_index/package_run_dependencies/forestry_description
[0.487s] -- Installing: /home/hsh/forestry_ws/install/forestry_description/share/ament_index/resource_index/parent_prefix_path/forestry_description
[0.487s] -- Installing: /home/hsh/forestry_ws/install/forestry_description/share/forestry_description/environment/ament_prefix_path.sh
[0.487s] -- Installing: /home/hsh/forestry_ws/install/forestry_description/share/forestry_description/environment/ament_prefix_path.dsv
[0.487s] -- Installing: /home/hsh/forestry_ws/install/forestry_description/share/forestry_description/environment/path.sh
[0.487s] -- Installing: /home/hsh/forestry_ws/install/forestry_description/share/forestry_description/environment/path.dsv
[0.487s] -- Installing: /home/hsh/forestry_ws/install/forestry_description/share/forestry_description/local_setup.bash
[0.487s] -- Installing: /home/hsh/forestry_ws/install/forestry_description/share/forestry_description/local_setup.sh
[0.487s] -- Installing: /home/hsh/forestry_ws/install/forestry_description/share/forestry_description/local_setup.zsh
[0.487s] -- Installing: /home/hsh/forestry_ws/install/forestry_description/share/forestry_description/local_setup.dsv
[0.487s] -- Installing: /home/hsh/forestry_ws/install/forestry_description/share/forestry_description/package.dsv
[0.487s] -- Installing: /home/hsh/forestry_ws/install/forestry_description/share/ament_index/resource_index/packages/forestry_description
[0.488s] -- Installing: /home/hsh/forestry_ws/install/forestry_description/share/forestry_description/cmake/forestry_descriptionConfig.cmake
[0.488s] -- Installing: /home/hsh/forestry_ws/install/forestry_description/share/forestry_description/cmake/forestry_descriptionConfig-version.cmake
[0.488s] -- Installing: /home/hsh/forestry_ws/install/forestry_description/share/forestry_description/package.xml
[0.490s] Invoked command in '/home/hsh/forestry_ws/build/forestry_description' returned '0': /usr/bin/cmake --install /home/hsh/forestry_ws/build/forestry_description
