[0.012s] Invoking command in '/home/hsh/forestry_ws/build/forestry_description': /usr/bin/cmake --build /home/hsh/forestry_ws/build/forestry_description -- -j20 -l20
[0.031s] Invoked command in '/home/hsh/forestry_ws/build/forestry_description' returned '0': /usr/bin/cmake --build /home/hsh/forestry_ws/build/forestry_description -- -j20 -l20
[0.060s] Invoking command in '/home/hsh/forestry_ws/build/forestry_description': /usr/bin/cmake --install /home/hsh/forestry_ws/build/forestry_description
[0.065s] -- Install configuration: ""
[0.065s] -- Up-to-date: /home/hsh/forestry_ws/install/forestry_description/share/forestry_description/launch/config
[0.065s] -- Up-to-date: /home/hsh/forestry_ws/install/forestry_description/share/forestry_description/launch/config/joint_names_Assy_Concept_whole.yaml
[0.066s] -- Up-to-date: /home/hsh/forestry_ws/install/forestry_description/share/forestry_description/launch/launch
[0.066s] -- Up-to-date: /home/hsh/forestry_ws/install/forestry_description/share/forestry_description/launch/launch/gazebo.launch
[0.066s] -- Up-to-date: /home/hsh/forestry_ws/install/forestry_description/share/forestry_description/launch/launch/spawn_robot_launch.py
[0.066s] -- Up-to-date: /home/hsh/forestry_ws/install/forestry_description/share/forestry_description/launch/launch/display.launch
[0.066s] -- Up-to-date: /home/hsh/forestry_ws/install/forestry_description/share/forestry_description/launch/launch/__pycache__
[0.066s] -- Up-to-date: /home/hsh/forestry_ws/install/forestry_description/share/forestry_description/launch/launch/__pycache__/spawn_robot_launch.cpython-38.pyc
[0.066s] -- Up-to-date: /home/hsh/forestry_ws/install/forestry_description/share/forestry_description/launch/meshes
[0.066s] -- Up-to-date: /home/hsh/forestry_ws/install/forestry_description/share/forestry_description/launch/meshes/RR4.STL
[0.066s] -- Up-to-date: /home/hsh/forestry_ws/install/forestry_description/share/forestry_description/launch/meshes/FR4.STL
[0.066s] -- Up-to-date: /home/hsh/forestry_ws/install/forestry_description/share/forestry_description/launch/meshes/RL2.STL
[0.067s] -- Up-to-date: /home/hsh/forestry_ws/install/forestry_description/share/forestry_description/launch/meshes/FL2.STL
[0.068s] -- Up-to-date: /home/hsh/forestry_ws/install/forestry_description/share/forestry_description/launch/meshes/RL4_2.STL
[0.068s] -- Up-to-date: /home/hsh/forestry_ws/install/forestry_description/share/forestry_description/launch/meshes/RLB3.STL
[0.068s] -- Up-to-date: /home/hsh/forestry_ws/install/forestry_description/share/forestry_description/launch/meshes/RRB0.STL
[0.068s] -- Up-to-date: /home/hsh/forestry_ws/install/forestry_description/share/forestry_description/launch/meshes/RL3.STL
[0.068s] -- Up-to-date: /home/hsh/forestry_ws/install/forestry_description/share/forestry_description/launch/meshes/FLB3.STL
[0.068s] -- Up-to-date: /home/hsh/forestry_ws/install/forestry_description/share/forestry_description/launch/meshes/RLB1.STL
[0.068s] -- Up-to-date: /home/hsh/forestry_ws/install/forestry_description/share/forestry_description/launch/meshes/FRB2.STL
[0.068s] -- Up-to-date: /home/hsh/forestry_ws/install/forestry_description/share/forestry_description/launch/meshes/FL1.STL
[0.068s] -- Up-to-date: /home/hsh/forestry_ws/install/forestry_description/share/forestry_description/launch/meshes/FL4_1.STL
[0.068s] -- Up-to-date: /home/hsh/forestry_ws/install/forestry_description/share/forestry_description/launch/meshes/RL4_1.STL
[0.068s] -- Up-to-date: /home/hsh/forestry_ws/install/forestry_description/share/forestry_description/launch/meshes/tool_Link.STL
[0.068s] -- Up-to-date: /home/hsh/forestry_ws/install/forestry_description/share/forestry_description/launch/meshes/FL5.STL
[0.068s] -- Up-to-date: /home/hsh/forestry_ws/install/forestry_description/share/forestry_description/launch/meshes/FRB0.STL
[0.069s] -- Up-to-date: /home/hsh/forestry_ws/install/forestry_description/share/forestry_description/launch/meshes/RL4.STL
[0.069s] -- Up-to-date: /home/hsh/forestry_ws/install/forestry_description/share/forestry_description/launch/meshes/FL4.STL
[0.069s] -- Up-to-date: /home/hsh/forestry_ws/install/forestry_description/share/forestry_description/launch/meshes/d_joint2_Link.STL
[0.069s] -- Up-to-date: /home/hsh/forestry_ws/install/forestry_description/share/forestry_description/launch/meshes/FLB1.STL
[0.069s] -- Up-to-date: /home/hsh/forestry_ws/install/forestry_description/share/forestry_description/launch/meshes/boom_Link.STL
[0.069s] -- Up-to-date: /home/hsh/forestry_ws/install/forestry_description/share/forestry_description/launch/meshes/RLB2.STL
[0.069s] -- Up-to-date: /home/hsh/forestry_ws/install/forestry_description/share/forestry_description/launch/meshes/FRB1.STL
[0.069s] -- Up-to-date: /home/hsh/forestry_ws/install/forestry_description/share/forestry_description/launch/meshes/s_boom_Link.STL
[0.069s] -- Up-to-date: /home/hsh/forestry_ws/install/forestry_description/share/forestry_description/launch/meshes/s_arm_Link.STL
[0.069s] -- Up-to-date: /home/hsh/forestry_ws/install/forestry_description/share/forestry_description/launch/meshes/RR1.STL
[0.069s] -- Up-to-date: /home/hsh/forestry_ws/install/forestry_description/share/forestry_description/launch/meshes/FLB2.STL
[0.069s] -- Up-to-date: /home/hsh/forestry_ws/install/forestry_description/share/forestry_description/launch/meshes/RR2.STL
[0.069s] -- Up-to-date: /home/hsh/forestry_ws/install/forestry_description/share/forestry_description/launch/meshes/FRB3.STL
[0.069s] -- Up-to-date: /home/hsh/forestry_ws/install/forestry_description/share/forestry_description/launch/meshes/FR5.STL
[0.069s] -- Up-to-date: /home/hsh/forestry_ws/install/forestry_description/share/forestry_description/launch/meshes/FL4_2.STL
[0.069s] -- Up-to-date: /home/hsh/forestry_ws/install/forestry_description/share/forestry_description/launch/meshes/FR3.STL
[0.069s] -- Up-to-date: /home/hsh/forestry_ws/install/forestry_description/share/forestry_description/launch/meshes/RRB1.STL
[0.069s] -- Up-to-date: /home/hsh/forestry_ws/install/forestry_description/share/forestry_description/launch/meshes/d_joint1_Link.STL
[0.069s] -- Up-to-date: /home/hsh/forestry_ws/install/forestry_description/share/forestry_description/launch/meshes/RLB0.STL
[0.069s] -- Up-to-date: /home/hsh/forestry_ws/install/forestry_description/share/forestry_description/launch/meshes/FL3.STL
[0.069s] -- Up-to-date: /home/hsh/forestry_ws/install/forestry_description/share/forestry_description/launch/meshes/turntable_Link.STL
[0.069s] -- Up-to-date: /home/hsh/forestry_ws/install/forestry_description/share/forestry_description/launch/meshes/tool_s_Link.STL
[0.069s] -- Up-to-date: /home/hsh/forestry_ws/install/forestry_description/share/forestry_description/launch/meshes/RRB2.STL
[0.069s] -- Up-to-date: /home/hsh/forestry_ws/install/forestry_description/share/forestry_description/launch/meshes/RR4_2.STL
[0.069s] -- Up-to-date: /home/hsh/forestry_ws/install/forestry_description/share/forestry_description/launch/meshes/RR4_1.STL
[0.069s] -- Up-to-date: /home/hsh/forestry_ws/install/forestry_description/share/forestry_description/launch/meshes/base_link.STL
[0.069s] -- Up-to-date: /home/hsh/forestry_ws/install/forestry_description/share/forestry_description/launch/meshes/FR4_1.STL
[0.069s] -- Up-to-date: /home/hsh/forestry_ws/install/forestry_description/share/forestry_description/launch/meshes/RRB3.STL
[0.069s] -- Up-to-date: /home/hsh/forestry_ws/install/forestry_description/share/forestry_description/launch/meshes/FR1.STL
[0.069s] -- Up-to-date: /home/hsh/forestry_ws/install/forestry_description/share/forestry_description/launch/meshes/RR3.STL
[0.069s] -- Up-to-date: /home/hsh/forestry_ws/install/forestry_description/share/forestry_description/launch/meshes/RL5.STL
[0.069s] -- Up-to-date: /home/hsh/forestry_ws/install/forestry_description/share/forestry_description/launch/meshes/base_Link_boom.STL
[0.069s] -- Up-to-date: /home/hsh/forestry_ws/install/forestry_description/share/forestry_description/launch/meshes/FR4_2.STL
[0.069s] -- Up-to-date: /home/hsh/forestry_ws/install/forestry_description/share/forestry_description/launch/meshes/FLB0.STL
[0.069s] -- Up-to-date: /home/hsh/forestry_ws/install/forestry_description/share/forestry_description/launch/meshes/RR5.STL
[0.069s] -- Up-to-date: /home/hsh/forestry_ws/install/forestry_description/share/forestry_description/launch/meshes/FR2.STL
[0.070s] -- Up-to-date: /home/hsh/forestry_ws/install/forestry_description/share/forestry_description/launch/meshes/RL1.STL
[0.070s] -- Up-to-date: /home/hsh/forestry_ws/install/forestry_description/share/forestry_description/launch/urdf
[0.070s] -- Up-to-date: /home/hsh/forestry_ws/install/forestry_description/share/forestry_description/launch/urdf/forestry_description.urdf
[0.070s] -- Up-to-date: /home/hsh/forestry_ws/install/forestry_description/share/forestry_description/launch/urdf/forestry_descriptoin.csv
[0.070s] -- Up-to-date: /home/hsh/forestry_ws/install/forestry_description/share/ament_index/resource_index/package_run_dependencies/forestry_description
[0.070s] -- Up-to-date: /home/hsh/forestry_ws/install/forestry_description/share/ament_index/resource_index/parent_prefix_path/forestry_description
[0.070s] -- Up-to-date: /home/hsh/forestry_ws/install/forestry_description/share/forestry_description/environment/ament_prefix_path.sh
[0.070s] -- Up-to-date: /home/hsh/forestry_ws/install/forestry_description/share/forestry_description/environment/ament_prefix_path.dsv
[0.070s] -- Up-to-date: /home/hsh/forestry_ws/install/forestry_description/share/forestry_description/environment/path.sh
[0.070s] -- Up-to-date: /home/hsh/forestry_ws/install/forestry_description/share/forestry_description/environment/path.dsv
[0.070s] -- Up-to-date: /home/hsh/forestry_ws/install/forestry_description/share/forestry_description/local_setup.bash
[0.070s] -- Up-to-date: /home/hsh/forestry_ws/install/forestry_description/share/forestry_description/local_setup.sh
[0.070s] -- Up-to-date: /home/hsh/forestry_ws/install/forestry_description/share/forestry_description/local_setup.zsh
[0.070s] -- Up-to-date: /home/hsh/forestry_ws/install/forestry_description/share/forestry_description/local_setup.dsv
[0.070s] -- Installing: /home/hsh/forestry_ws/install/forestry_description/share/forestry_description/package.dsv
[0.070s] -- Up-to-date: /home/hsh/forestry_ws/install/forestry_description/share/ament_index/resource_index/packages/forestry_description
[0.070s] -- Up-to-date: /home/hsh/forestry_ws/install/forestry_description/share/forestry_description/cmake/forestry_descriptionConfig.cmake
[0.070s] -- Up-to-date: /home/hsh/forestry_ws/install/forestry_description/share/forestry_description/cmake/forestry_descriptionConfig-version.cmake
[0.070s] -- Up-to-date: /home/hsh/forestry_ws/install/forestry_description/share/forestry_description/package.xml
[0.070s] Invoked command in '/home/hsh/forestry_ws/build/forestry_description' returned '0': /usr/bin/cmake --install /home/hsh/forestry_ws/build/forestry_description
