[100%] Built target ecvt_effort_controller
-- Install configuration: ""
-- Execute custom install script
-- Up-to-date symlink: /home/hsh/forestry_ws/install/ecvt_controller/share/ecvt_controller//launch/e_ecvt_gazebo_v2.launch.py
-- Up-to-date symlink: /home/hsh/forestry_ws/install/ecvt_controller/share/ecvt_controller//config/e_ecvt_controller_v2 copy.yaml
-- Up-to-date symlink: /home/hsh/forestry_ws/install/ecvt_controller/share/ecvt_controller//config/e_ecvt_controller_v2.yaml
-- Up-to-date symlink: /home/hsh/forestry_ws/install/ecvt_controller/share/ecvt_controller//urdf/e_ecvt_v2.xacro copy.urdf
-- Up-to-date symlink: /home/hsh/forestry_ws/install/ecvt_controller/share/ecvt_controller//urdf/e_ecvt_v2.xacro tree_joints.urdf
-- Up-to-date symlink: /home/hsh/forestry_ws/install/ecvt_controller/share/ecvt_controller//urdf/e_ecvt_v2.xacro.urdf
-- Up-to-date symlink: /home/hsh/forestry_ws/install/ecvt_controller/lib/ecvt_controller/ecvt_effort_controller
-- Up-to-date symlink: /home/hsh/forestry_ws/install/ecvt_controller/share/ament_index/resource_index/package_run_dependencies/ecvt_controller
-- Up-to-date symlink: /home/hsh/forestry_ws/install/ecvt_controller/share/ament_index/resource_index/parent_prefix_path/ecvt_controller
-- Up-to-date symlink: /home/hsh/forestry_ws/install/ecvt_controller/share/ecvt_controller/environment/ament_prefix_path.sh
-- Up-to-date symlink: /home/hsh/forestry_ws/install/ecvt_controller/share/ecvt_controller/environment/ament_prefix_path.dsv
-- Up-to-date symlink: /home/hsh/forestry_ws/install/ecvt_controller/share/ecvt_controller/environment/path.sh
-- Up-to-date symlink: /home/hsh/forestry_ws/install/ecvt_controller/share/ecvt_controller/environment/path.dsv
-- Up-to-date symlink: /home/hsh/forestry_ws/install/ecvt_controller/share/ecvt_controller/local_setup.bash
-- Up-to-date symlink: /home/hsh/forestry_ws/install/ecvt_controller/share/ecvt_controller/local_setup.sh
-- Up-to-date symlink: /home/hsh/forestry_ws/install/ecvt_controller/share/ecvt_controller/local_setup.zsh
-- Up-to-date symlink: /home/hsh/forestry_ws/install/ecvt_controller/share/ecvt_controller/local_setup.dsv
-- Symlinking: /home/hsh/forestry_ws/install/ecvt_controller/share/ecvt_controller/package.dsv
-- Up-to-date symlink: /home/hsh/forestry_ws/install/ecvt_controller/share/ament_index/resource_index/packages/ecvt_controller
-- Up-to-date symlink: /home/hsh/forestry_ws/install/ecvt_controller/share/ecvt_controller/cmake/ecvt_controllerConfig.cmake
-- Up-to-date symlink: /home/hsh/forestry_ws/install/ecvt_controller/share/ecvt_controller/cmake/ecvt_controllerConfig-version.cmake
-- Up-to-date symlink: /home/hsh/forestry_ws/install/ecvt_controller/share/ecvt_controller/package.xml
