-- Found ament_cmake: 0.9.12 (/opt/ros/foxy/share/ament_cmake/cmake)
-- Using PYTHON_EXECUTABLE: /usr/bin/python3
-- Override CMake install command with custom implementation using symlinks instead of copying resources
-- Found rclcpp: 2.4.3 (/opt/ros/foxy/share/rclcpp/cmake)
-- Using all available rosidl_typesupport_c: rosidl_typesupport_fastrtps_c;rosidl_typesupport_introspection_c
-- Found rosidl_adapter: 1.3.1 (/opt/ros/foxy/share/rosidl_adapter/cmake)
-- Using all available rosidl_typesupport_cpp: rosidl_typesupport_fastrtps_cpp;rosidl_typesupport_introspection_cpp
-- Found rmw_implementation_cmake: 1.0.4 (/opt/ros/foxy/share/rmw_implementation_cmake/cmake)
-- Using RMW implementation 'rmw_fastrtps_cpp' as default
-- Found sensor_msgs: 2.0.5 (/opt/ros/foxy/share/sensor_msgs/cmake)
-- Found urdf: 2.4.0 (/opt/ros/foxy/share/urdf/cmake)
-- Found kdl_parser: 2.4.1 (/opt/ros/foxy/share/kdl_parser/cmake)
-- Found eigen3_cmake_module: 0.1.1 (/opt/ros/foxy/share/eigen3_cmake_module/cmake)
-- Found ament_lint_auto: 0.9.8 (/opt/ros/foxy/share/ament_lint_auto/cmake)
-- Added test 'copyright' to check source files copyright and LICENSE
-- Added test 'cppcheck' to perform static code analysis on C / C++ code
-- Configured cppcheck include dirs: /home/hsh/forestry_ws/src/forestry_control/include
-- Configured cppcheck exclude dirs and/or files: 
-- Added test 'cpplint' to check C / C++ code against the Google style
-- Configured cpplint exclude dirs and/or files: 
-- Added test 'lint_cmake' to check CMake code style
-- Added test 'uncrustify' to check C / C++ code style
-- Configured uncrustify additional arguments: 
-- Added test 'xmllint' to check XML markup files
-- Configuring done
-- Generating done
-- Build files have been written to: /home/hsh/forestry_ws/build/forestry_control
[100%] Built target forestry_dynamics
-- Install configuration: ""
-- Execute custom install script
-- Up-to-date symlink: /home/hsh/forestry_ws/install/forestry_control/lib/forestry_control/forestry_dynamics
-- Up-to-date symlink: /home/hsh/forestry_ws/install/forestry_control/share/ament_index/resource_index/package_run_dependencies/forestry_control
-- Up-to-date symlink: /home/hsh/forestry_ws/install/forestry_control/share/ament_index/resource_index/parent_prefix_path/forestry_control
-- Up-to-date symlink: /home/hsh/forestry_ws/install/forestry_control/share/forestry_control/environment/ament_prefix_path.sh
-- Up-to-date symlink: /home/hsh/forestry_ws/install/forestry_control/share/forestry_control/environment/ament_prefix_path.dsv
-- Up-to-date symlink: /home/hsh/forestry_ws/install/forestry_control/share/forestry_control/environment/path.sh
-- Up-to-date symlink: /home/hsh/forestry_ws/install/forestry_control/share/forestry_control/environment/path.dsv
-- Up-to-date symlink: /home/hsh/forestry_ws/install/forestry_control/share/forestry_control/local_setup.bash
-- Up-to-date symlink: /home/hsh/forestry_ws/install/forestry_control/share/forestry_control/local_setup.sh
-- Up-to-date symlink: /home/hsh/forestry_ws/install/forestry_control/share/forestry_control/local_setup.zsh
-- Up-to-date symlink: /home/hsh/forestry_ws/install/forestry_control/share/forestry_control/local_setup.dsv
-- Symlinking: /home/hsh/forestry_ws/install/forestry_control/share/forestry_control/package.dsv
-- Up-to-date symlink: /home/hsh/forestry_ws/install/forestry_control/share/ament_index/resource_index/packages/forestry_control
-- Up-to-date symlink: /home/hsh/forestry_ws/install/forestry_control/share/forestry_control/cmake/forestry_controlConfig.cmake
-- Up-to-date symlink: /home/hsh/forestry_ws/install/forestry_control/share/forestry_control/cmake/forestry_controlConfig-version.cmake
-- Up-to-date symlink: /home/hsh/forestry_ws/install/forestry_control/share/forestry_control/package.xml
