[0.074s] Invoking command in '/home/hsh/forestry_ws/build/forestry_control': CMAKE_PREFIX_PATH=/opt/ros/foxy:${CMAKE_PREFIX_PATH} /usr/bin/cmake /home/hsh/forestry_ws/src/forestry_control -DCMAKE_INSTALL_PREFIX=/home/hsh/forestry_ws/install/forestry_control
[0.324s] -- Found ament_cmake: 0.9.12 (/opt/ros/foxy/share/ament_cmake/cmake)
[0.401s] -- Using PYTHON_EXECUTABLE: /usr/bin/python3
[0.549s] -- Override CMake install command with custom implementation using symlinks instead of copying resources
[0.839s] -- Found rclcpp: 2.4.3 (/opt/ros/foxy/share/rclcpp/cmake)
[1.311s] -- Using all available rosidl_typesupport_c: rosidl_typesupport_fastrtps_c;rosidl_typesupport_introspection_c
[1.367s] -- Found rosidl_adapter: 1.3.1 (/opt/ros/foxy/share/rosidl_adapter/cmake)
[1.810s] -- Using all available rosidl_typesupport_cpp: rosidl_typesupport_fastrtps_cpp;rosidl_typesupport_introspection_cpp
[1.931s] -- Found rmw_implementation_cmake: 1.0.4 (/opt/ros/foxy/share/rmw_implementation_cmake/cmake)
[1.942s] -- Using RMW implementation 'rmw_fastrtps_cpp' as default
[2.224s] -- Found sensor_msgs: 2.0.5 (/opt/ros/foxy/share/sensor_msgs/cmake)
[2.352s] -- Found urdf: 2.4.0 (/opt/ros/foxy/share/urdf/cmake)
[2.461s] -- Found kdl_parser: 2.4.1 (/opt/ros/foxy/share/kdl_parser/cmake)
[2.507s] -- Found eigen3_cmake_module: 0.1.1 (/opt/ros/foxy/share/eigen3_cmake_module/cmake)
[2.609s] -- Found ament_lint_auto: 0.9.8 (/opt/ros/foxy/share/ament_lint_auto/cmake)
[2.778s] -- Added test 'copyright' to check source files copyright and LICENSE
[2.778s] -- Added test 'cppcheck' to perform static code analysis on C / C++ code
[2.778s] -- Configured cppcheck include dirs: /home/hsh/forestry_ws/src/forestry_control/include
[2.778s] -- Configured cppcheck exclude dirs and/or files: 
[2.778s] -- Added test 'cpplint' to check C / C++ code against the Google style
[2.779s] -- Configured cpplint exclude dirs and/or files: 
[2.779s] -- Added test 'lint_cmake' to check CMake code style
[2.779s] -- Added test 'uncrustify' to check C / C++ code style
[2.779s] -- Configured uncrustify additional arguments: 
[2.779s] -- Added test 'xmllint' to check XML markup files
[2.781s] -- Configuring done
[2.878s] -- Generating done
[2.879s] -- Build files have been written to: /home/hsh/forestry_ws/build/forestry_control
[2.884s] Invoked command in '/home/hsh/forestry_ws/build/forestry_control' returned '0': CMAKE_PREFIX_PATH=/opt/ros/foxy:${CMAKE_PREFIX_PATH} /usr/bin/cmake /home/hsh/forestry_ws/src/forestry_control -DCMAKE_INSTALL_PREFIX=/home/hsh/forestry_ws/install/forestry_control
[2.886s] Invoking command in '/home/hsh/forestry_ws/build/forestry_control': CMAKE_PREFIX_PATH=/opt/ros/foxy:${CMAKE_PREFIX_PATH} /usr/bin/cmake --build /home/hsh/forestry_ws/build/forestry_control -- -j20 -l20
[2.947s] [100%] Built target forestry_dynamics
[2.953s] Invoked command in '/home/hsh/forestry_ws/build/forestry_control' returned '0': CMAKE_PREFIX_PATH=/opt/ros/foxy:${CMAKE_PREFIX_PATH} /usr/bin/cmake --build /home/hsh/forestry_ws/build/forestry_control -- -j20 -l20
[2.966s] Invoking command in '/home/hsh/forestry_ws/build/forestry_control': CMAKE_PREFIX_PATH=/opt/ros/foxy:${CMAKE_PREFIX_PATH} /usr/bin/cmake --install /home/hsh/forestry_ws/build/forestry_control
[2.970s] -- Install configuration: ""
[2.970s] -- Execute custom install script
[2.971s] -- Up-to-date symlink: /home/hsh/forestry_ws/install/forestry_control/lib/forestry_control/forestry_dynamics
[2.971s] -- Up-to-date symlink: /home/hsh/forestry_ws/install/forestry_control/share/ament_index/resource_index/package_run_dependencies/forestry_control
[2.971s] -- Up-to-date symlink: /home/hsh/forestry_ws/install/forestry_control/share/ament_index/resource_index/parent_prefix_path/forestry_control
[2.971s] -- Up-to-date symlink: /home/hsh/forestry_ws/install/forestry_control/share/forestry_control/environment/ament_prefix_path.sh
[2.971s] -- Up-to-date symlink: /home/hsh/forestry_ws/install/forestry_control/share/forestry_control/environment/ament_prefix_path.dsv
[2.971s] -- Up-to-date symlink: /home/hsh/forestry_ws/install/forestry_control/share/forestry_control/environment/path.sh
[2.971s] -- Up-to-date symlink: /home/hsh/forestry_ws/install/forestry_control/share/forestry_control/environment/path.dsv
[2.971s] -- Up-to-date symlink: /home/hsh/forestry_ws/install/forestry_control/share/forestry_control/local_setup.bash
[2.972s] -- Up-to-date symlink: /home/hsh/forestry_ws/install/forestry_control/share/forestry_control/local_setup.sh
[2.972s] -- Up-to-date symlink: /home/hsh/forestry_ws/install/forestry_control/share/forestry_control/local_setup.zsh
[2.972s] -- Up-to-date symlink: /home/hsh/forestry_ws/install/forestry_control/share/forestry_control/local_setup.dsv
[2.972s] -- Symlinking: /home/hsh/forestry_ws/install/forestry_control/share/forestry_control/package.dsv
[2.977s] -- Up-to-date symlink: /home/hsh/forestry_ws/install/forestry_control/share/ament_index/resource_index/packages/forestry_control
[2.977s] -- Up-to-date symlink: /home/hsh/forestry_ws/install/forestry_control/share/forestry_control/cmake/forestry_controlConfig.cmake
[2.977s] -- Up-to-date symlink: /home/hsh/forestry_ws/install/forestry_control/share/forestry_control/cmake/forestry_controlConfig-version.cmake
[2.977s] -- Up-to-date symlink: /home/hsh/forestry_ws/install/forestry_control/share/forestry_control/package.xml
[2.978s] Invoked command in '/home/hsh/forestry_ws/build/forestry_control' returned '0': CMAKE_PREFIX_PATH=/opt/ros/foxy:${CMAKE_PREFIX_PATH} /usr/bin/cmake --install /home/hsh/forestry_ws/build/forestry_control
