-- Found ament_cmake: 0.9.12 (/opt/ros/foxy/share/ament_cmake/cmake)
-- Using PYTHON_EXECUTABLE: /usr/bin/python3
-- Override CMake install command with custom implementation using symlinks instead of copying resources
-- Found rclcpp: 2.4.3 (/opt/ros/foxy/share/rclcpp/cmake)
-- Using all available rosidl_typesupport_c: rosidl_typesupport_fastrtps_c;rosidl_typesupport_introspection_c
-- Found rosidl_adapter: 1.3.1 (/opt/ros/foxy/share/rosidl_adapter/cmake)
-- Using all available rosidl_typesupport_cpp: rosidl_typesupport_fastrtps_cpp;rosidl_typesupport_introspection_cpp
-- Found rmw_implementation_cmake: 1.0.4 (/opt/ros/foxy/share/rmw_implementation_cmake/cmake)
-- Using RMW implementation 'rmw_fastrtps_cpp' as default
-- Found geometry_msgs: 2.0.5 (/opt/ros/foxy/share/geometry_msgs/cmake)
-- Found rclcpp_action: 2.4.3 (/opt/ros/foxy/share/rclcpp_action/cmake)
-- Found ament_lint_auto: 0.9.8 (/opt/ros/foxy/share/ament_lint_auto/cmake)
-- Added test 'cppcheck' to perform static code analysis on C / C++ code
-- Configured cppcheck include dirs: 
-- Configured cppcheck exclude dirs and/or files: 
-- Added test 'flake8' to check Python code syntax and style conventions
-- Added test 'lint_cmake' to check CMake code style
-- Added test 'pep257' to check Python code against some of the style conventions in PEP 257
-- Added test 'uncrustify' to check C / C++ code style
-- Configured uncrustify additional arguments: 
-- Added test 'xmllint' to check XML markup files
-- Configuring done
-- Generating done
-- Build files have been written to: /home/hsh/forestry_ws/build/ecvt_controller
[100%] Built target ecvt_effort_controller
-- Install configuration: ""
-- Execute custom install script
-- Up-to-date symlink: /home/hsh/forestry_ws/install/ecvt_controller/share/ecvt_controller//launch/e_ecvt_gazebo_v2.launch.py
-- Up-to-date symlink: /home/hsh/forestry_ws/install/ecvt_controller/share/ecvt_controller//config/e_ecvt_controller_v2.yaml
-- Symlinking: /home/hsh/forestry_ws/install/ecvt_controller/share/ecvt_controller//urdf/e_ecvt_v2.xacro copy.urdf
-- Up-to-date symlink: /home/hsh/forestry_ws/install/ecvt_controller/share/ecvt_controller//urdf/e_ecvt_v2.xacro.urdf
-- Up-to-date symlink: /home/hsh/forestry_ws/install/ecvt_controller/lib/ecvt_controller/ecvt_effort_controller
-- Up-to-date symlink: /home/hsh/forestry_ws/install/ecvt_controller/share/ament_index/resource_index/package_run_dependencies/ecvt_controller
-- Up-to-date symlink: /home/hsh/forestry_ws/install/ecvt_controller/share/ament_index/resource_index/parent_prefix_path/ecvt_controller
-- Up-to-date symlink: /home/hsh/forestry_ws/install/ecvt_controller/share/ecvt_controller/environment/ament_prefix_path.sh
-- Up-to-date symlink: /home/hsh/forestry_ws/install/ecvt_controller/share/ecvt_controller/environment/ament_prefix_path.dsv
-- Up-to-date symlink: /home/hsh/forestry_ws/install/ecvt_controller/share/ecvt_controller/environment/path.sh
-- Up-to-date symlink: /home/hsh/forestry_ws/install/ecvt_controller/share/ecvt_controller/environment/path.dsv
-- Up-to-date symlink: /home/hsh/forestry_ws/install/ecvt_controller/share/ecvt_controller/local_setup.bash
-- Up-to-date symlink: /home/hsh/forestry_ws/install/ecvt_controller/share/ecvt_controller/local_setup.sh
-- Up-to-date symlink: /home/hsh/forestry_ws/install/ecvt_controller/share/ecvt_controller/local_setup.zsh
-- Up-to-date symlink: /home/hsh/forestry_ws/install/ecvt_controller/share/ecvt_controller/local_setup.dsv
-- Symlinking: /home/hsh/forestry_ws/install/ecvt_controller/share/ecvt_controller/package.dsv
-- Up-to-date symlink: /home/hsh/forestry_ws/install/ecvt_controller/share/ament_index/resource_index/packages/ecvt_controller
-- Up-to-date symlink: /home/hsh/forestry_ws/install/ecvt_controller/share/ecvt_controller/cmake/ecvt_controllerConfig.cmake
-- Up-to-date symlink: /home/hsh/forestry_ws/install/ecvt_controller/share/ecvt_controller/cmake/ecvt_controllerConfig-version.cmake
-- Up-to-date symlink: /home/hsh/forestry_ws/install/ecvt_controller/share/ecvt_controller/package.xml
