[0.095s] Invoking command in '/home/hsh/forestry_ws/build/ecvt_controller': CMAKE_PREFIX_PATH=/opt/ros/foxy:${CMAKE_PREFIX_PATH} /usr/bin/cmake /home/hsh/forestry_ws/src/ecvt_controller/ecvt_controller -DCMAKE_INSTALL_PREFIX=/home/hsh/forestry_ws/install/ecvt_controller
[0.378s] -- Found ament_cmake: 0.9.12 (/opt/ros/foxy/share/ament_cmake/cmake)
[0.456s] -- Using PYTHON_EXECUTABLE: /usr/bin/python3
[0.604s] -- Override CMake install command with custom implementation using symlinks instead of copying resources
[0.893s] -- Found rclcpp: 2.4.3 (/opt/ros/foxy/share/rclcpp/cmake)
[1.367s] -- Using all available rosidl_typesupport_c: rosidl_typesupport_fastrtps_c;rosidl_typesupport_introspection_c
[1.423s] -- Found rosidl_adapter: 1.3.1 (/opt/ros/foxy/share/rosidl_adapter/cmake)
[1.865s] -- Using all available rosidl_typesupport_cpp: rosidl_typesupport_fastrtps_cpp;rosidl_typesupport_introspection_cpp
[1.985s] -- Found rmw_implementation_cmake: 1.0.4 (/opt/ros/foxy/share/rmw_implementation_cmake/cmake)
[1.996s] -- Using RMW implementation 'rmw_fastrtps_cpp' as default
[2.269s] -- Found geometry_msgs: 2.0.5 (/opt/ros/foxy/share/geometry_msgs/cmake)
[2.333s] -- Found rclcpp_action: 2.4.3 (/opt/ros/foxy/share/rclcpp_action/cmake)
[2.562s] -- Found ament_lint_auto: 0.9.8 (/opt/ros/foxy/share/ament_lint_auto/cmake)
[2.831s] -- Added test 'cppcheck' to perform static code analysis on C / C++ code
[2.831s] -- Configured cppcheck include dirs: 
[2.831s] -- Configured cppcheck exclude dirs and/or files: 
[2.832s] -- Added test 'flake8' to check Python code syntax and style conventions
[2.832s] -- Added test 'lint_cmake' to check CMake code style
[2.832s] -- Added test 'pep257' to check Python code against some of the style conventions in PEP 257
[2.833s] -- Added test 'uncrustify' to check C / C++ code style
[2.833s] -- Configured uncrustify additional arguments: 
[2.833s] -- Added test 'xmllint' to check XML markup files
[2.835s] -- Configuring done
[2.932s] -- Generating done
[2.933s] -- Build files have been written to: /home/hsh/forestry_ws/build/ecvt_controller
[2.941s] Invoked command in '/home/hsh/forestry_ws/build/ecvt_controller' returned '0': CMAKE_PREFIX_PATH=/opt/ros/foxy:${CMAKE_PREFIX_PATH} /usr/bin/cmake /home/hsh/forestry_ws/src/ecvt_controller/ecvt_controller -DCMAKE_INSTALL_PREFIX=/home/hsh/forestry_ws/install/ecvt_controller
[2.943s] Invoking command in '/home/hsh/forestry_ws/build/ecvt_controller': CMAKE_PREFIX_PATH=/opt/ros/foxy:${CMAKE_PREFIX_PATH} /usr/bin/cmake --build /home/hsh/forestry_ws/build/ecvt_controller -- -j20 -l20
[3.005s] [100%] Built target ecvt_effort_controller
[3.011s] Invoked command in '/home/hsh/forestry_ws/build/ecvt_controller' returned '0': CMAKE_PREFIX_PATH=/opt/ros/foxy:${CMAKE_PREFIX_PATH} /usr/bin/cmake --build /home/hsh/forestry_ws/build/ecvt_controller -- -j20 -l20
[3.024s] Invoking command in '/home/hsh/forestry_ws/build/ecvt_controller': CMAKE_PREFIX_PATH=/opt/ros/foxy:${CMAKE_PREFIX_PATH} /usr/bin/cmake --install /home/hsh/forestry_ws/build/ecvt_controller
[3.028s] -- Install configuration: ""
[3.028s] -- Execute custom install script
[3.028s] -- Up-to-date symlink: /home/hsh/forestry_ws/install/ecvt_controller/share/ecvt_controller//launch/e_ecvt_gazebo_v2.launch.py
[3.028s] -- Up-to-date symlink: /home/hsh/forestry_ws/install/ecvt_controller/share/ecvt_controller//config/e_ecvt_controller_v2.yaml
[3.029s] -- Symlinking: /home/hsh/forestry_ws/install/ecvt_controller/share/ecvt_controller//urdf/e_ecvt_v2.xacro copy.urdf
[3.033s] -- Up-to-date symlink: /home/hsh/forestry_ws/install/ecvt_controller/share/ecvt_controller//urdf/e_ecvt_v2.xacro.urdf
[3.034s] -- Up-to-date symlink: /home/hsh/forestry_ws/install/ecvt_controller/lib/ecvt_controller/ecvt_effort_controller
[3.034s] -- Up-to-date symlink: /home/hsh/forestry_ws/install/ecvt_controller/share/ament_index/resource_index/package_run_dependencies/ecvt_controller
[3.034s] -- Up-to-date symlink: /home/hsh/forestry_ws/install/ecvt_controller/share/ament_index/resource_index/parent_prefix_path/ecvt_controller
[3.034s] -- Up-to-date symlink: /home/hsh/forestry_ws/install/ecvt_controller/share/ecvt_controller/environment/ament_prefix_path.sh
[3.034s] -- Up-to-date symlink: /home/hsh/forestry_ws/install/ecvt_controller/share/ecvt_controller/environment/ament_prefix_path.dsv
[3.034s] -- Up-to-date symlink: /home/hsh/forestry_ws/install/ecvt_controller/share/ecvt_controller/environment/path.sh
[3.034s] -- Up-to-date symlink: /home/hsh/forestry_ws/install/ecvt_controller/share/ecvt_controller/environment/path.dsv
[3.034s] -- Up-to-date symlink: /home/hsh/forestry_ws/install/ecvt_controller/share/ecvt_controller/local_setup.bash
[3.034s] -- Up-to-date symlink: /home/hsh/forestry_ws/install/ecvt_controller/share/ecvt_controller/local_setup.sh
[3.034s] -- Up-to-date symlink: /home/hsh/forestry_ws/install/ecvt_controller/share/ecvt_controller/local_setup.zsh
[3.035s] -- Up-to-date symlink: /home/hsh/forestry_ws/install/ecvt_controller/share/ecvt_controller/local_setup.dsv
[3.035s] -- Symlinking: /home/hsh/forestry_ws/install/ecvt_controller/share/ecvt_controller/package.dsv
[3.039s] -- Up-to-date symlink: /home/hsh/forestry_ws/install/ecvt_controller/share/ament_index/resource_index/packages/ecvt_controller
[3.039s] -- Up-to-date symlink: /home/hsh/forestry_ws/install/ecvt_controller/share/ecvt_controller/cmake/ecvt_controllerConfig.cmake
[3.040s] -- Up-to-date symlink: /home/hsh/forestry_ws/install/ecvt_controller/share/ecvt_controller/cmake/ecvt_controllerConfig-version.cmake
[3.040s] -- Up-to-date symlink: /home/hsh/forestry_ws/install/ecvt_controller/share/ecvt_controller/package.xml
[3.041s] Invoked command in '/home/hsh/forestry_ws/build/ecvt_controller' returned '0': CMAKE_PREFIX_PATH=/opt/ros/foxy:${CMAKE_PREFIX_PATH} /usr/bin/cmake --install /home/hsh/forestry_ws/build/ecvt_controller
