[0.012s] Invoking command in '/home/hsh/forestry_ws/build/ecvt_controller': CMAKE_PREFIX_PATH=/opt/ros/foxy:${CMAKE_PREFIX_PATH} /usr/bin/cmake --build /home/hsh/forestry_ws/build/ecvt_controller -- -j20 -l20
[0.036s] [35m[1mScanning dependencies of target ecvt_effort_controller[0m
[0.051s] [ 50%] [32mBuilding CXX object CMakeFiles/ecvt_effort_controller.dir/cpp/ecvt_effort.cpp.o[0m
[1.547s] [100%] [32m[1mLinking CXX executable ecvt_effort_controller[0m
[1.625s] [100%] Built target ecvt_effort_controller
[1.633s] Invoked command in '/home/hsh/forestry_ws/build/ecvt_controller' returned '0': CMAKE_PREFIX_PATH=/opt/ros/foxy:${CMAKE_PREFIX_PATH} /usr/bin/cmake --build /home/hsh/forestry_ws/build/ecvt_controller -- -j20 -l20
[1.647s] Invoking command in '/home/hsh/forestry_ws/build/ecvt_controller': CMAKE_PREFIX_PATH=/opt/ros/foxy:${CMAKE_PREFIX_PATH} /usr/bin/cmake --install /home/hsh/forestry_ws/build/ecvt_controller
[1.652s] -- Install configuration: ""
[1.652s] -- Execute custom install script
[1.652s] -- Up-to-date symlink: /home/hsh/forestry_ws/install/ecvt_controller/share/ecvt_controller//launch/e_ecvt_gazebo_v2.launch.py
[1.653s] -- Up-to-date symlink: /home/hsh/forestry_ws/install/ecvt_controller/share/ecvt_controller//config/e_ecvt_controller_v2 copy.yaml
[1.653s] -- Up-to-date symlink: /home/hsh/forestry_ws/install/ecvt_controller/share/ecvt_controller//config/e_ecvt_controller_v2.yaml
[1.653s] -- Up-to-date symlink: /home/hsh/forestry_ws/install/ecvt_controller/share/ecvt_controller//urdf/e_ecvt_v2.xacro copy.urdf
[1.653s] -- Up-to-date symlink: /home/hsh/forestry_ws/install/ecvt_controller/share/ecvt_controller//urdf/e_ecvt_v2.xacro tree_joints.urdf
[1.653s] -- Up-to-date symlink: /home/hsh/forestry_ws/install/ecvt_controller/share/ecvt_controller//urdf/e_ecvt_v2.xacro.urdf
[1.653s] -- Up-to-date symlink: /home/hsh/forestry_ws/install/ecvt_controller/lib/ecvt_controller/ecvt_effort_controller
[1.653s] -- Up-to-date symlink: /home/hsh/forestry_ws/install/ecvt_controller/share/ament_index/resource_index/package_run_dependencies/ecvt_controller
[1.653s] -- Up-to-date symlink: /home/hsh/forestry_ws/install/ecvt_controller/share/ament_index/resource_index/parent_prefix_path/ecvt_controller
[1.653s] -- Up-to-date symlink: /home/hsh/forestry_ws/install/ecvt_controller/share/ecvt_controller/environment/ament_prefix_path.sh
[1.654s] -- Up-to-date symlink: /home/hsh/forestry_ws/install/ecvt_controller/share/ecvt_controller/environment/ament_prefix_path.dsv
[1.654s] -- Up-to-date symlink: /home/hsh/forestry_ws/install/ecvt_controller/share/ecvt_controller/environment/path.sh
[1.654s] -- Up-to-date symlink: /home/hsh/forestry_ws/install/ecvt_controller/share/ecvt_controller/environment/path.dsv
[1.654s] -- Up-to-date symlink: /home/hsh/forestry_ws/install/ecvt_controller/share/ecvt_controller/local_setup.bash
[1.654s] -- Up-to-date symlink: /home/hsh/forestry_ws/install/ecvt_controller/share/ecvt_controller/local_setup.sh
[1.654s] -- Up-to-date symlink: /home/hsh/forestry_ws/install/ecvt_controller/share/ecvt_controller/local_setup.zsh
[1.654s] -- Up-to-date symlink: /home/hsh/forestry_ws/install/ecvt_controller/share/ecvt_controller/local_setup.dsv
[1.654s] -- Symlinking: /home/hsh/forestry_ws/install/ecvt_controller/share/ecvt_controller/package.dsv
[1.659s] -- Up-to-date symlink: /home/hsh/forestry_ws/install/ecvt_controller/share/ament_index/resource_index/packages/ecvt_controller
[1.659s] -- Up-to-date symlink: /home/hsh/forestry_ws/install/ecvt_controller/share/ecvt_controller/cmake/ecvt_controllerConfig.cmake
[1.659s] -- Up-to-date symlink: /home/hsh/forestry_ws/install/ecvt_controller/share/ecvt_controller/cmake/ecvt_controllerConfig-version.cmake
[1.659s] -- Up-to-date symlink: /home/hsh/forestry_ws/install/ecvt_controller/share/ecvt_controller/package.xml
[1.660s] Invoked command in '/home/hsh/forestry_ws/build/ecvt_controller' returned '0': CMAKE_PREFIX_PATH=/opt/ros/foxy:${CMAKE_PREFIX_PATH} /usr/bin/cmake --install /home/hsh/forestry_ws/build/ecvt_controller
