[0.012s] Invoking command in '/home/hsh/forestry_ws/build/ecvt_controller': CMAKE_PREFIX_PATH=/opt/ros/foxy:${CMAKE_PREFIX_PATH} /usr/bin/cmake /home/hsh/forestry_ws/src/ecvt_controller/ecvt_controller -DAMENT_CMAKE_SYMLINK_INSTALL=1 -DCMAKE_INSTALL_PREFIX=/home/hsh/forestry_ws/install/ecvt_controller
[0.076s] -- Found ament_cmake: 0.9.12 (/opt/ros/foxy/share/ament_cmake/cmake)
[0.076s] -- Using PYTHON_EXECUTABLE: /usr/bin/python3
[0.127s] -- Override CMake install command with custom implementation using symlinks instead of copying resources
[0.424s] -- Found rclcpp: 2.4.3 (/opt/ros/foxy/share/rclcpp/cmake)
[0.445s] -- Using all available rosidl_typesupport_c: rosidl_typesupport_fastrtps_c;rosidl_typesupport_introspection_c
[0.447s] -- Found rosidl_adapter: 1.3.1 (/opt/ros/foxy/share/rosidl_adapter/cmake)
[0.518s] -- Using all available rosidl_typesupport_cpp: rosidl_typesupport_fastrtps_cpp;rosidl_typesupport_introspection_cpp
[0.546s] -- Found rmw_implementation_cmake: 1.0.4 (/opt/ros/foxy/share/rmw_implementation_cmake/cmake)
[0.546s] -- Using RMW implementation 'rmw_fastrtps_cpp' as default
[0.624s] -- Found geometry_msgs: 2.0.5 (/opt/ros/foxy/share/geometry_msgs/cmake)
[0.642s] -- Found rclcpp_action: 2.4.3 (/opt/ros/foxy/share/rclcpp_action/cmake)
[0.682s] -- Found ament_lint_auto: 0.9.8 (/opt/ros/foxy/share/ament_lint_auto/cmake)
[0.717s] -- Added test 'cppcheck' to perform static code analysis on C / C++ code
[0.717s] -- Configured cppcheck include dirs: 
[0.717s] -- Configured cppcheck exclude dirs and/or files: 
[0.717s] -- Added test 'flake8' to check Python code syntax and style conventions
[0.718s] -- Added test 'lint_cmake' to check CMake code style
[0.718s] -- Added test 'pep257' to check Python code against some of the style conventions in PEP 257
[0.718s] -- Added test 'uncrustify' to check C / C++ code style
[0.719s] -- Configured uncrustify additional arguments: 
[0.719s] -- Added test 'xmllint' to check XML markup files
[0.720s] -- Configuring done
[0.726s] -- Generating done
[0.727s] -- Build files have been written to: /home/hsh/forestry_ws/build/ecvt_controller
[0.732s] Invoked command in '/home/hsh/forestry_ws/build/ecvt_controller' returned '0': CMAKE_PREFIX_PATH=/opt/ros/foxy:${CMAKE_PREFIX_PATH} /usr/bin/cmake /home/hsh/forestry_ws/src/ecvt_controller/ecvt_controller -DAMENT_CMAKE_SYMLINK_INSTALL=1 -DCMAKE_INSTALL_PREFIX=/home/hsh/forestry_ws/install/ecvt_controller
[0.733s] Invoking command in '/home/hsh/forestry_ws/build/ecvt_controller': CMAKE_PREFIX_PATH=/opt/ros/foxy:${CMAKE_PREFIX_PATH} /usr/bin/cmake --build /home/hsh/forestry_ws/build/ecvt_controller -- -j20 -l20
[0.770s] [ 50%] [32m[1mLinking CXX executable ecvt_effort_controller[0m
[0.856s] [100%] Built target ecvt_effort_controller
[0.863s] Invoked command in '/home/hsh/forestry_ws/build/ecvt_controller' returned '0': CMAKE_PREFIX_PATH=/opt/ros/foxy:${CMAKE_PREFIX_PATH} /usr/bin/cmake --build /home/hsh/forestry_ws/build/ecvt_controller -- -j20 -l20
[0.880s] Invoking command in '/home/hsh/forestry_ws/build/ecvt_controller': CMAKE_PREFIX_PATH=/opt/ros/foxy:${CMAKE_PREFIX_PATH} /usr/bin/cmake --install /home/hsh/forestry_ws/build/ecvt_controller
[0.888s] -- Install configuration: ""
[0.889s] -- Execute custom install script
[0.889s] -- Symlinking: /home/hsh/forestry_ws/install/ecvt_controller/share/ecvt_controller//launch/e_ecvt_gazebo_v2.launch.py
[0.898s] -- Symlinking: /home/hsh/forestry_ws/install/ecvt_controller/share/ecvt_controller//config/e_ecvt_controller_v2.yaml
[0.911s] -- Symlinking: /home/hsh/forestry_ws/install/ecvt_controller/share/ecvt_controller//urdf/e_ecvt_v2.xacro.urdf
[0.919s] -- Symlinking: /home/hsh/forestry_ws/install/ecvt_controller/lib/ecvt_controller/ecvt_effort_controller
[0.930s] -- Symlinking: /home/hsh/forestry_ws/install/ecvt_controller/share/ament_index/resource_index/package_run_dependencies/ecvt_controller
[0.939s] -- Symlinking: /home/hsh/forestry_ws/install/ecvt_controller/share/ament_index/resource_index/parent_prefix_path/ecvt_controller
[0.945s] -- Symlinking: /home/hsh/forestry_ws/install/ecvt_controller/share/ecvt_controller/environment/ament_prefix_path.sh
[0.950s] -- Symlinking: /home/hsh/forestry_ws/install/ecvt_controller/share/ecvt_controller/environment/ament_prefix_path.dsv
[0.955s] -- Symlinking: /home/hsh/forestry_ws/install/ecvt_controller/share/ecvt_controller/environment/path.sh
[0.960s] -- Symlinking: /home/hsh/forestry_ws/install/ecvt_controller/share/ecvt_controller/environment/path.dsv
[0.964s] -- Symlinking: /home/hsh/forestry_ws/install/ecvt_controller/share/ecvt_controller/local_setup.bash
[0.969s] -- Symlinking: /home/hsh/forestry_ws/install/ecvt_controller/share/ecvt_controller/local_setup.sh
[0.974s] -- Symlinking: /home/hsh/forestry_ws/install/ecvt_controller/share/ecvt_controller/local_setup.zsh
[0.978s] -- Symlinking: /home/hsh/forestry_ws/install/ecvt_controller/share/ecvt_controller/local_setup.dsv
[0.983s] -- Symlinking: /home/hsh/forestry_ws/install/ecvt_controller/share/ecvt_controller/package.dsv
[0.988s] -- Symlinking: /home/hsh/forestry_ws/install/ecvt_controller/share/ament_index/resource_index/packages/ecvt_controller
[0.993s] -- Symlinking: /home/hsh/forestry_ws/install/ecvt_controller/share/ecvt_controller/cmake/ecvt_controllerConfig.cmake
[0.997s] -- Symlinking: /home/hsh/forestry_ws/install/ecvt_controller/share/ecvt_controller/cmake/ecvt_controllerConfig-version.cmake
[1.003s] -- Symlinking: /home/hsh/forestry_ws/install/ecvt_controller/share/ecvt_controller/package.xml
[1.009s] Invoked command in '/home/hsh/forestry_ws/build/ecvt_controller' returned '0': CMAKE_PREFIX_PATH=/opt/ros/foxy:${CMAKE_PREFIX_PATH} /usr/bin/cmake --install /home/hsh/forestry_ws/build/ecvt_controller
