[0.117s] DEBUG:colcon:Command line arguments: ['/usr/bin/colcon', 'build']
[0.117s] DEBUG:colcon:Parsed command line arguments: Namespace(allow_overriding=[], ament_cmake_args=None, base_paths=['.'], build_base='build', catkin_cmake_args=None, catkin_skip_building_tests=False, cmake_args=None, cmake_clean_cache=False, cmake_clean_first=False, cmake_force_configure=False, cmake_target=None, cmake_target_skip_unavailable=False, continue_on_error=False, event_handlers=None, executor='parallel', ignore_user_meta=False, install_base='install', log_base=None, log_level=None, main=<bound method BuildVerb.main of <colcon_core.verb.build.BuildVerb object at 0x7fa6a4f566a0>>, merge_install=False, metas=['./colcon.meta'], mixin=None, mixin_files=None, mixin_verb=('build',), packages_above=None, packages_above_and_dependencies=None, packages_above_depth=None, packages_end=None, packages_ignore=None, packages_ignore_regex=None, packages_select=None, packages_select_build_failed=False, packages_select_by_dep=None, packages_select_regex=None, packages_select_test_failures=False, packages_skip=None, packages_skip_build_finished=False, packages_skip_by_dep=None, packages_skip_regex=None, packages_skip_test_passed=False, packages_skip_up_to=None, packages_start=None, packages_up_to=None, packages_up_to_regex=None, parallel_workers=20, paths=None, symlink_install=False, test_result_base=None, verb_extension=<colcon_core.verb.build.BuildVerb object at 0x7fa6a4f566a0>, verb_name='build', verb_parser=<colcon_mixin.mixin.mixin_argument.MixinArgumentDecorator object at 0x7fa6a4ee3070>)
[0.205s] Level 1:colcon.colcon_core.package_discovery:discover_packages(colcon_meta) check parameters
[0.205s] Level 1:colcon.colcon_core.package_discovery:discover_packages(recursive) check parameters
[0.205s] Level 1:colcon.colcon_core.package_discovery:discover_packages(ignore) check parameters
[0.205s] Level 1:colcon.colcon_core.package_discovery:discover_packages(path) check parameters
[0.205s] Level 1:colcon.colcon_core.package_discovery:discover_packages(colcon_meta) discover
[0.205s] Level 1:colcon.colcon_core.package_discovery:discover_packages(recursive) discover
[0.206s] INFO:colcon.colcon_core.package_discovery:Crawling recursively for packages in '/home/hsh/forestry_ws'
[0.206s] Level 1:colcon.colcon_core.package_identification:_identify(.) by extensions ['ignore', 'ignore_ament_install']
[0.206s] Level 1:colcon.colcon_core.package_identification:_identify(.) by extension 'ignore'
[0.206s] Level 1:colcon.colcon_core.package_identification:_identify(.) by extension 'ignore_ament_install'
[0.206s] Level 1:colcon.colcon_core.package_identification:_identify(.) by extensions ['colcon_pkg']
[0.206s] Level 1:colcon.colcon_core.package_identification:_identify(.) by extension 'colcon_pkg'
[0.206s] Level 1:colcon.colcon_core.package_identification:_identify(.) by extensions ['colcon_meta']
[0.206s] Level 1:colcon.colcon_core.package_identification:_identify(.) by extension 'colcon_meta'
[0.206s] Level 1:colcon.colcon_core.package_identification:_identify(.) by extensions ['ros']
[0.206s] Level 1:colcon.colcon_core.package_identification:_identify(.) by extension 'ros'
[0.212s] Level 1:colcon.colcon_core.package_identification:_identify(.) by extensions ['cmake', 'python']
[0.212s] Level 1:colcon.colcon_core.package_identification:_identify(.) by extension 'cmake'
[0.212s] Level 1:colcon.colcon_core.package_identification:_identify(.) by extension 'python'
[0.212s] Level 1:colcon.colcon_core.package_identification:_identify(.) by extensions ['python_setup_py']
[0.212s] Level 1:colcon.colcon_core.package_identification:_identify(.) by extension 'python_setup_py'
[0.212s] Level 1:colcon.colcon_core.package_identification:_identify(build) by extensions ['ignore', 'ignore_ament_install']
[0.212s] Level 1:colcon.colcon_core.package_identification:_identify(build) by extension 'ignore'
[0.212s] Level 1:colcon.colcon_core.package_identification:_identify(build) ignored
[0.212s] Level 1:colcon.colcon_core.package_identification:_identify(install) by extensions ['ignore', 'ignore_ament_install']
[0.212s] Level 1:colcon.colcon_core.package_identification:_identify(install) by extension 'ignore'
[0.212s] Level 1:colcon.colcon_core.package_identification:_identify(install) ignored
[0.212s] Level 1:colcon.colcon_core.package_identification:_identify(log) by extensions ['ignore', 'ignore_ament_install']
[0.212s] Level 1:colcon.colcon_core.package_identification:_identify(log) by extension 'ignore'
[0.213s] Level 1:colcon.colcon_core.package_identification:_identify(log) ignored
[0.213s] Level 1:colcon.colcon_core.package_identification:_identify(src) by extensions ['ignore', 'ignore_ament_install']
[0.213s] Level 1:colcon.colcon_core.package_identification:_identify(src) by extension 'ignore'
[0.213s] Level 1:colcon.colcon_core.package_identification:_identify(src) by extension 'ignore_ament_install'
[0.213s] Level 1:colcon.colcon_core.package_identification:_identify(src) by extensions ['colcon_pkg']
[0.213s] Level 1:colcon.colcon_core.package_identification:_identify(src) by extension 'colcon_pkg'
[0.213s] Level 1:colcon.colcon_core.package_identification:_identify(src) by extensions ['colcon_meta']
[0.213s] Level 1:colcon.colcon_core.package_identification:_identify(src) by extension 'colcon_meta'
[0.213s] Level 1:colcon.colcon_core.package_identification:_identify(src) by extensions ['ros']
[0.213s] Level 1:colcon.colcon_core.package_identification:_identify(src) by extension 'ros'
[0.213s] Level 1:colcon.colcon_core.package_identification:_identify(src) by extensions ['cmake', 'python']
[0.213s] Level 1:colcon.colcon_core.package_identification:_identify(src) by extension 'cmake'
[0.213s] Level 1:colcon.colcon_core.package_identification:_identify(src) by extension 'python'
[0.213s] Level 1:colcon.colcon_core.package_identification:_identify(src) by extensions ['python_setup_py']
[0.213s] Level 1:colcon.colcon_core.package_identification:_identify(src) by extension 'python_setup_py'
[0.213s] Level 1:colcon.colcon_core.package_identification:_identify(src/ecvt_controller) by extensions ['ignore', 'ignore_ament_install']
[0.213s] Level 1:colcon.colcon_core.package_identification:_identify(src/ecvt_controller) by extension 'ignore'
[0.213s] Level 1:colcon.colcon_core.package_identification:_identify(src/ecvt_controller) by extension 'ignore_ament_install'
[0.213s] Level 1:colcon.colcon_core.package_identification:_identify(src/ecvt_controller) by extensions ['colcon_pkg']
[0.213s] Level 1:colcon.colcon_core.package_identification:_identify(src/ecvt_controller) by extension 'colcon_pkg'
[0.213s] Level 1:colcon.colcon_core.package_identification:_identify(src/ecvt_controller) by extensions ['colcon_meta']
[0.213s] Level 1:colcon.colcon_core.package_identification:_identify(src/ecvt_controller) by extension 'colcon_meta'
[0.213s] Level 1:colcon.colcon_core.package_identification:_identify(src/ecvt_controller) by extensions ['ros']
[0.213s] Level 1:colcon.colcon_core.package_identification:_identify(src/ecvt_controller) by extension 'ros'
[0.213s] Level 1:colcon.colcon_core.package_identification:_identify(src/ecvt_controller) by extensions ['cmake', 'python']
[0.213s] Level 1:colcon.colcon_core.package_identification:_identify(src/ecvt_controller) by extension 'cmake'
[0.213s] Level 1:colcon.colcon_core.package_identification:_identify(src/ecvt_controller) by extension 'python'
[0.213s] Level 1:colcon.colcon_core.package_identification:_identify(src/ecvt_controller) by extensions ['python_setup_py']
[0.213s] Level 1:colcon.colcon_core.package_identification:_identify(src/ecvt_controller) by extension 'python_setup_py'
[0.213s] Level 1:colcon.colcon_core.package_identification:_identify(src/ecvt_controller/ecvt_controller) by extensions ['ignore', 'ignore_ament_install']
[0.213s] Level 1:colcon.colcon_core.package_identification:_identify(src/ecvt_controller/ecvt_controller) by extension 'ignore'
[0.213s] Level 1:colcon.colcon_core.package_identification:_identify(src/ecvt_controller/ecvt_controller) by extension 'ignore_ament_install'
[0.213s] Level 1:colcon.colcon_core.package_identification:_identify(src/ecvt_controller/ecvt_controller) by extensions ['colcon_pkg']
[0.213s] Level 1:colcon.colcon_core.package_identification:_identify(src/ecvt_controller/ecvt_controller) by extension 'colcon_pkg'
[0.213s] Level 1:colcon.colcon_core.package_identification:_identify(src/ecvt_controller/ecvt_controller) by extensions ['colcon_meta']
[0.213s] Level 1:colcon.colcon_core.package_identification:_identify(src/ecvt_controller/ecvt_controller) by extension 'colcon_meta'
[0.213s] Level 1:colcon.colcon_core.package_identification:_identify(src/ecvt_controller/ecvt_controller) by extensions ['ros']
[0.213s] Level 1:colcon.colcon_core.package_identification:_identify(src/ecvt_controller/ecvt_controller) by extension 'ros'
[0.215s] DEBUG:colcon.colcon_core.package_identification:Package 'src/ecvt_controller/ecvt_controller' with type 'ros.ament_cmake' and name 'ecvt_controller'
[0.215s] Level 1:colcon.colcon_core.package_identification:_identify(src/forestry_control) by extensions ['ignore', 'ignore_ament_install']
[0.215s] Level 1:colcon.colcon_core.package_identification:_identify(src/forestry_control) by extension 'ignore'
[0.215s] Level 1:colcon.colcon_core.package_identification:_identify(src/forestry_control) by extension 'ignore_ament_install'
[0.215s] Level 1:colcon.colcon_core.package_identification:_identify(src/forestry_control) by extensions ['colcon_pkg']
[0.215s] Level 1:colcon.colcon_core.package_identification:_identify(src/forestry_control) by extension 'colcon_pkg'
[0.215s] Level 1:colcon.colcon_core.package_identification:_identify(src/forestry_control) by extensions ['colcon_meta']
[0.215s] Level 1:colcon.colcon_core.package_identification:_identify(src/forestry_control) by extension 'colcon_meta'
[0.215s] Level 1:colcon.colcon_core.package_identification:_identify(src/forestry_control) by extensions ['ros']
[0.215s] Level 1:colcon.colcon_core.package_identification:_identify(src/forestry_control) by extension 'ros'
[0.216s] DEBUG:colcon.colcon_core.package_identification:Package 'src/forestry_control' with type 'ros.ament_cmake' and name 'forestry_control'
[0.216s] Level 1:colcon.colcon_core.package_identification:_identify(src/forestry_description) by extensions ['ignore', 'ignore_ament_install']
[0.216s] Level 1:colcon.colcon_core.package_identification:_identify(src/forestry_description) by extension 'ignore'
[0.216s] Level 1:colcon.colcon_core.package_identification:_identify(src/forestry_description) by extension 'ignore_ament_install'
[0.216s] Level 1:colcon.colcon_core.package_identification:_identify(src/forestry_description) by extensions ['colcon_pkg']
[0.216s] Level 1:colcon.colcon_core.package_identification:_identify(src/forestry_description) by extension 'colcon_pkg'
[0.216s] Level 1:colcon.colcon_core.package_identification:_identify(src/forestry_description) by extensions ['colcon_meta']
[0.216s] Level 1:colcon.colcon_core.package_identification:_identify(src/forestry_description) by extension 'colcon_meta'
[0.216s] Level 1:colcon.colcon_core.package_identification:_identify(src/forestry_description) by extensions ['ros']
[0.216s] Level 1:colcon.colcon_core.package_identification:_identify(src/forestry_description) by extension 'ros'
[0.216s] DEBUG:colcon.colcon_core.package_identification:Package 'src/forestry_description' with type 'ros.catkin' and name 'forestry_description'
[0.216s] Level 1:colcon.colcon_core.package_discovery:discover_packages(recursive) using defaults
[0.216s] Level 1:colcon.colcon_core.package_discovery:discover_packages(ignore) discover
[0.216s] Level 1:colcon.colcon_core.package_discovery:discover_packages(ignore) using defaults
[0.216s] Level 1:colcon.colcon_core.package_discovery:discover_packages(path) discover
[0.216s] Level 1:colcon.colcon_core.package_discovery:discover_packages(path) using defaults
[0.233s] Level 1:colcon.colcon_core.package_discovery:discover_packages(prefix_path) check parameters
[0.233s] Level 1:colcon.colcon_core.package_discovery:discover_packages(prefix_path) discover
[0.234s] DEBUG:colcon.colcon_installed_package_information.package_discovery:Found 3 installed packages in /home/hsh/forestry_ws/install
[0.234s] DEBUG:colcon.colcon_installed_package_information.package_discovery:Found 336 installed packages in /opt/ros/foxy
[0.235s] DEBUG:colcon.colcon_installed_package_information.package_discovery:Found 3 installed packages in /opt/ros/noetic
[0.235s] Level 1:colcon.colcon_core.package_discovery:discover_packages(prefix_path) using defaults
[0.266s] Level 5:colcon.colcon_core.verb:set package 'ecvt_controller' build argument 'cmake_args' from command line to 'None'
[0.266s] Level 5:colcon.colcon_core.verb:set package 'ecvt_controller' build argument 'cmake_target' from command line to 'None'
[0.266s] Level 5:colcon.colcon_core.verb:set package 'ecvt_controller' build argument 'cmake_target_skip_unavailable' from command line to 'False'
[0.266s] Level 5:colcon.colcon_core.verb:set package 'ecvt_controller' build argument 'cmake_clean_cache' from command line to 'False'
[0.266s] Level 5:colcon.colcon_core.verb:set package 'ecvt_controller' build argument 'cmake_clean_first' from command line to 'False'
[0.266s] Level 5:colcon.colcon_core.verb:set package 'ecvt_controller' build argument 'cmake_force_configure' from command line to 'False'
[0.266s] Level 5:colcon.colcon_core.verb:set package 'ecvt_controller' build argument 'ament_cmake_args' from command line to 'None'
[0.266s] Level 5:colcon.colcon_core.verb:set package 'ecvt_controller' build argument 'catkin_cmake_args' from command line to 'None'
[0.266s] Level 5:colcon.colcon_core.verb:set package 'ecvt_controller' build argument 'catkin_skip_building_tests' from command line to 'False'
[0.266s] DEBUG:colcon.colcon_core.verb:Building package 'ecvt_controller' with the following arguments: {'ament_cmake_args': None, 'build_base': '/home/hsh/forestry_ws/build/ecvt_controller', 'catkin_cmake_args': None, 'catkin_skip_building_tests': False, 'cmake_args': None, 'cmake_clean_cache': False, 'cmake_clean_first': False, 'cmake_force_configure': False, 'cmake_target': None, 'cmake_target_skip_unavailable': False, 'install_base': '/home/hsh/forestry_ws/install/ecvt_controller', 'merge_install': False, 'path': '/home/hsh/forestry_ws/src/ecvt_controller/ecvt_controller', 'symlink_install': False, 'test_result_base': None}
[0.266s] Level 5:colcon.colcon_core.verb:set package 'forestry_control' build argument 'cmake_args' from command line to 'None'
[0.266s] Level 5:colcon.colcon_core.verb:set package 'forestry_control' build argument 'cmake_target' from command line to 'None'
[0.266s] Level 5:colcon.colcon_core.verb:set package 'forestry_control' build argument 'cmake_target_skip_unavailable' from command line to 'False'
[0.266s] Level 5:colcon.colcon_core.verb:set package 'forestry_control' build argument 'cmake_clean_cache' from command line to 'False'
[0.266s] Level 5:colcon.colcon_core.verb:set package 'forestry_control' build argument 'cmake_clean_first' from command line to 'False'
[0.266s] Level 5:colcon.colcon_core.verb:set package 'forestry_control' build argument 'cmake_force_configure' from command line to 'False'
[0.266s] Level 5:colcon.colcon_core.verb:set package 'forestry_control' build argument 'ament_cmake_args' from command line to 'None'
[0.266s] Level 5:colcon.colcon_core.verb:set package 'forestry_control' build argument 'catkin_cmake_args' from command line to 'None'
[0.266s] Level 5:colcon.colcon_core.verb:set package 'forestry_control' build argument 'catkin_skip_building_tests' from command line to 'False'
[0.266s] DEBUG:colcon.colcon_core.verb:Building package 'forestry_control' with the following arguments: {'ament_cmake_args': None, 'build_base': '/home/hsh/forestry_ws/build/forestry_control', 'catkin_cmake_args': None, 'catkin_skip_building_tests': False, 'cmake_args': None, 'cmake_clean_cache': False, 'cmake_clean_first': False, 'cmake_force_configure': False, 'cmake_target': None, 'cmake_target_skip_unavailable': False, 'install_base': '/home/hsh/forestry_ws/install/forestry_control', 'merge_install': False, 'path': '/home/hsh/forestry_ws/src/forestry_control', 'symlink_install': False, 'test_result_base': None}
[0.267s] Level 5:colcon.colcon_core.verb:set package 'forestry_description' build argument 'cmake_args' from command line to 'None'
[0.267s] Level 5:colcon.colcon_core.verb:set package 'forestry_description' build argument 'cmake_target' from command line to 'None'
[0.267s] Level 5:colcon.colcon_core.verb:set package 'forestry_description' build argument 'cmake_target_skip_unavailable' from command line to 'False'
[0.267s] Level 5:colcon.colcon_core.verb:set package 'forestry_description' build argument 'cmake_clean_cache' from command line to 'False'
[0.267s] Level 5:colcon.colcon_core.verb:set package 'forestry_description' build argument 'cmake_clean_first' from command line to 'False'
[0.267s] Level 5:colcon.colcon_core.verb:set package 'forestry_description' build argument 'cmake_force_configure' from command line to 'False'
[0.267s] Level 5:colcon.colcon_core.verb:set package 'forestry_description' build argument 'ament_cmake_args' from command line to 'None'
[0.267s] Level 5:colcon.colcon_core.verb:set package 'forestry_description' build argument 'catkin_cmake_args' from command line to 'None'
[0.267s] Level 5:colcon.colcon_core.verb:set package 'forestry_description' build argument 'catkin_skip_building_tests' from command line to 'False'
[0.267s] DEBUG:colcon.colcon_core.verb:Building package 'forestry_description' with the following arguments: {'ament_cmake_args': None, 'build_base': '/home/hsh/forestry_ws/build/forestry_description', 'catkin_cmake_args': None, 'catkin_skip_building_tests': False, 'cmake_args': None, 'cmake_clean_cache': False, 'cmake_clean_first': False, 'cmake_force_configure': False, 'cmake_target': None, 'cmake_target_skip_unavailable': False, 'install_base': '/home/hsh/forestry_ws/install/forestry_description', 'merge_install': False, 'path': '/home/hsh/forestry_ws/src/forestry_description', 'symlink_install': False, 'test_result_base': None}
[0.267s] INFO:colcon.colcon_core.executor:Executing jobs using 'parallel' executor
[0.267s] DEBUG:colcon.colcon_parallel_executor.executor.parallel:run_until_complete
[0.268s] INFO:colcon.colcon_ros.task.ament_cmake.build:Building ROS package in '/home/hsh/forestry_ws/src/ecvt_controller/ecvt_controller' with build type 'ament_cmake'
[0.268s] INFO:colcon.colcon_cmake.task.cmake.build:Building CMake package in '/home/hsh/forestry_ws/src/ecvt_controller/ecvt_controller'
[0.269s] INFO:colcon.colcon_core.plugin_system:Skipping extension 'colcon_core.shell.bat': Not used on non-Windows systems
[0.269s] INFO:colcon.colcon_core.shell:Skip shell extension 'powershell' for command environment: Not usable outside of PowerShell
[0.269s] DEBUG:colcon.colcon_core.shell:Skip shell extension 'dsv' for command environment
[0.272s] INFO:colcon.colcon_ros.task.ament_cmake.build:Building ROS package in '/home/hsh/forestry_ws/src/forestry_control' with build type 'ament_cmake'
[0.272s] INFO:colcon.colcon_cmake.task.cmake.build:Building CMake package in '/home/hsh/forestry_ws/src/forestry_control'
[0.272s] INFO:colcon.colcon_core.shell:Skip shell extension 'powershell' for command environment: Not usable outside of PowerShell
[0.272s] DEBUG:colcon.colcon_core.shell:Skip shell extension 'dsv' for command environment
[0.274s] INFO:colcon.colcon_ros.task.catkin.build:Building ROS package in '/home/hsh/forestry_ws/src/forestry_description' with build type 'catkin'
[0.275s] INFO:colcon.colcon_cmake.task.cmake.build:Building CMake package in '/home/hsh/forestry_ws/src/forestry_description'
[0.275s] INFO:colcon.colcon_core.shell:Skip shell extension 'powershell' for command environment: Not usable outside of PowerShell
[0.275s] DEBUG:colcon.colcon_core.shell:Skip shell extension 'dsv' for command environment
[0.280s] DEBUG:colcon.colcon_core.event_handler.log_command:Invoking command in '/home/hsh/forestry_ws/build/ecvt_controller': CMAKE_PREFIX_PATH=/opt/ros/foxy:${CMAKE_PREFIX_PATH} /usr/bin/cmake --build /home/hsh/forestry_ws/build/ecvt_controller -- -j20 -l20
[0.283s] DEBUG:colcon.colcon_core.event_handler.log_command:Invoking command in '/home/hsh/forestry_ws/build/forestry_control': CMAKE_PREFIX_PATH=/opt/ros/foxy:${CMAKE_PREFIX_PATH} /usr/bin/cmake --build /home/hsh/forestry_ws/build/forestry_control -- -j20 -l20
[0.287s] DEBUG:colcon.colcon_core.event_handler.log_command:Invoking command in '/home/hsh/forestry_ws/build/forestry_description': /usr/bin/cmake --build /home/hsh/forestry_ws/build/forestry_description -- -j20 -l20
[0.307s] DEBUG:colcon.colcon_core.event_handler.log_command:Invoked command in '/home/hsh/forestry_ws/build/forestry_description' returned '0': /usr/bin/cmake --build /home/hsh/forestry_ws/build/forestry_description -- -j20 -l20
[0.320s] DEBUG:colcon.colcon_core.event_handler.log_command:Invoked command in '/home/hsh/forestry_ws/build/ecvt_controller' returned '0': CMAKE_PREFIX_PATH=/opt/ros/foxy:${CMAKE_PREFIX_PATH} /usr/bin/cmake --build /home/hsh/forestry_ws/build/ecvt_controller -- -j20 -l20
[0.322s] DEBUG:colcon.colcon_core.event_handler.log_command:Invoked command in '/home/hsh/forestry_ws/build/forestry_control' returned '0': CMAKE_PREFIX_PATH=/opt/ros/foxy:${CMAKE_PREFIX_PATH} /usr/bin/cmake --build /home/hsh/forestry_ws/build/forestry_control -- -j20 -l20
[0.336s] DEBUG:colcon.colcon_core.event_handler.log_command:Invoking command in '/home/hsh/forestry_ws/build/forestry_description': /usr/bin/cmake --install /home/hsh/forestry_ws/build/forestry_description
[0.338s] DEBUG:colcon.colcon_core.event_handler.log_command:Invoking command in '/home/hsh/forestry_ws/build/ecvt_controller': CMAKE_PREFIX_PATH=/opt/ros/foxy:${CMAKE_PREFIX_PATH} /usr/bin/cmake --install /home/hsh/forestry_ws/build/ecvt_controller
[0.339s] DEBUG:colcon.colcon_core.event_handler.log_command:Invoking command in '/home/hsh/forestry_ws/build/forestry_control': CMAKE_PREFIX_PATH=/opt/ros/foxy:${CMAKE_PREFIX_PATH} /usr/bin/cmake --install /home/hsh/forestry_ws/build/forestry_control
[0.346s] DEBUG:colcon.colcon_core.event_handler.log_command:Invoked command in '/home/hsh/forestry_ws/build/forestry_description' returned '0': /usr/bin/cmake --install /home/hsh/forestry_ws/build/forestry_description
[0.351s] Level 1:colcon.colcon_core.environment:create_environment_scripts_only(ecvt_controller)
[0.351s] DEBUG:colcon.colcon_core.event_handler.log_command:Invoked command in '/home/hsh/forestry_ws/build/ecvt_controller' returned '0': CMAKE_PREFIX_PATH=/opt/ros/foxy:${CMAKE_PREFIX_PATH} /usr/bin/cmake --install /home/hsh/forestry_ws/build/ecvt_controller
[0.352s] Level 1:colcon.colcon_core.environment:checking '/home/hsh/forestry_ws/install/ecvt_controller' for CMake module files
[0.353s] Level 1:colcon.colcon_core.environment:checking '/home/hsh/forestry_ws/install/ecvt_controller' for CMake config files
[0.353s] Level 1:colcon.colcon_core.shell:create_environment_hook('ecvt_controller', 'cmake_prefix_path')
[0.353s] INFO:colcon.colcon_core.shell:Creating environment hook '/home/hsh/forestry_ws/install/ecvt_controller/share/ecvt_controller/hook/cmake_prefix_path.ps1'
[0.353s] INFO:colcon.colcon_core.shell:Creating environment descriptor '/home/hsh/forestry_ws/install/ecvt_controller/share/ecvt_controller/hook/cmake_prefix_path.dsv'
[0.354s] INFO:colcon.colcon_core.shell:Creating environment hook '/home/hsh/forestry_ws/install/ecvt_controller/share/ecvt_controller/hook/cmake_prefix_path.sh'
[0.354s] Level 1:colcon.colcon_core.environment:checking '/home/hsh/forestry_ws/install/ecvt_controller/lib'
[0.354s] Level 1:colcon.colcon_core.environment:checking '/home/hsh/forestry_ws/install/ecvt_controller/bin'
[0.354s] Level 1:colcon.colcon_core.environment:checking '/home/hsh/forestry_ws/install/ecvt_controller/lib/pkgconfig/ecvt_controller.pc'
[0.354s] Level 1:colcon.colcon_core.environment:checking '/home/hsh/forestry_ws/install/ecvt_controller/lib/python3.8/site-packages'
[0.354s] Level 1:colcon.colcon_core.environment:checking '/home/hsh/forestry_ws/install/ecvt_controller/bin'
[0.355s] INFO:colcon.colcon_core.shell:Creating package script '/home/hsh/forestry_ws/install/ecvt_controller/share/ecvt_controller/package.ps1'
[0.355s] INFO:colcon.colcon_core.shell:Creating package descriptor '/home/hsh/forestry_ws/install/ecvt_controller/share/ecvt_controller/package.dsv'
[0.355s] INFO:colcon.colcon_core.shell:Creating package script '/home/hsh/forestry_ws/install/ecvt_controller/share/ecvt_controller/package.sh'
[0.356s] INFO:colcon.colcon_core.shell:Creating package script '/home/hsh/forestry_ws/install/ecvt_controller/share/ecvt_controller/package.bash'
[0.356s] INFO:colcon.colcon_core.shell:Creating package script '/home/hsh/forestry_ws/install/ecvt_controller/share/ecvt_controller/package.zsh'
[0.356s] Level 1:colcon.colcon_core.environment:create_file_with_runtime_dependencies(/home/hsh/forestry_ws/install/ecvt_controller/share/colcon-core/packages/ecvt_controller)
[0.358s] Level 1:colcon.colcon_core.environment:create_environment_scripts_only(forestry_control)
[0.358s] Level 1:colcon.colcon_core.environment:checking '/home/hsh/forestry_ws/install/forestry_control' for CMake module files
[0.358s] DEBUG:colcon.colcon_core.event_handler.log_command:Invoked command in '/home/hsh/forestry_ws/build/forestry_control' returned '0': CMAKE_PREFIX_PATH=/opt/ros/foxy:${CMAKE_PREFIX_PATH} /usr/bin/cmake --install /home/hsh/forestry_ws/build/forestry_control
[0.359s] Level 1:colcon.colcon_core.environment:checking '/home/hsh/forestry_ws/install/forestry_control' for CMake config files
[0.359s] Level 1:colcon.colcon_core.shell:create_environment_hook('forestry_control', 'cmake_prefix_path')
[0.359s] INFO:colcon.colcon_core.shell:Creating environment hook '/home/hsh/forestry_ws/install/forestry_control/share/forestry_control/hook/cmake_prefix_path.ps1'
[0.359s] INFO:colcon.colcon_core.shell:Creating environment descriptor '/home/hsh/forestry_ws/install/forestry_control/share/forestry_control/hook/cmake_prefix_path.dsv'
[0.359s] INFO:colcon.colcon_core.shell:Creating environment hook '/home/hsh/forestry_ws/install/forestry_control/share/forestry_control/hook/cmake_prefix_path.sh'
[0.359s] Level 1:colcon.colcon_core.environment:checking '/home/hsh/forestry_ws/install/forestry_control/lib'
[0.359s] Level 1:colcon.colcon_core.environment:checking '/home/hsh/forestry_ws/install/forestry_control/bin'
[0.359s] Level 1:colcon.colcon_core.environment:checking '/home/hsh/forestry_ws/install/forestry_control/lib/pkgconfig/forestry_control.pc'
[0.360s] Level 1:colcon.colcon_core.environment:checking '/home/hsh/forestry_ws/install/forestry_control/lib/python3.8/site-packages'
[0.360s] Level 1:colcon.colcon_core.environment:checking '/home/hsh/forestry_ws/install/forestry_control/bin'
[0.360s] INFO:colcon.colcon_core.shell:Creating package script '/home/hsh/forestry_ws/install/forestry_control/share/forestry_control/package.ps1'
[0.360s] INFO:colcon.colcon_core.shell:Creating package descriptor '/home/hsh/forestry_ws/install/forestry_control/share/forestry_control/package.dsv'
[0.360s] INFO:colcon.colcon_core.shell:Creating package script '/home/hsh/forestry_ws/install/forestry_control/share/forestry_control/package.sh'
[0.360s] INFO:colcon.colcon_core.shell:Creating package script '/home/hsh/forestry_ws/install/forestry_control/share/forestry_control/package.bash'
[0.360s] INFO:colcon.colcon_core.shell:Creating package script '/home/hsh/forestry_ws/install/forestry_control/share/forestry_control/package.zsh'
[0.361s] Level 1:colcon.colcon_core.environment:create_file_with_runtime_dependencies(/home/hsh/forestry_ws/install/forestry_control/share/colcon-core/packages/forestry_control)
[0.362s] Level 1:colcon.colcon_core.shell:create_environment_hook('forestry_description', 'ros_package_path')
[0.362s] INFO:colcon.colcon_core.shell:Creating environment hook '/home/hsh/forestry_ws/install/forestry_description/share/forestry_description/hook/ros_package_path.ps1'
[0.362s] INFO:colcon.colcon_core.shell:Creating environment descriptor '/home/hsh/forestry_ws/install/forestry_description/share/forestry_description/hook/ros_package_path.dsv'
[0.363s] INFO:colcon.colcon_core.shell:Creating environment hook '/home/hsh/forestry_ws/install/forestry_description/share/forestry_description/hook/ros_package_path.sh'
[0.363s] Level 1:colcon.colcon_core.shell:create_environment_hook('forestry_description', 'pkg_config_path')
[0.363s] INFO:colcon.colcon_core.shell:Creating environment hook '/home/hsh/forestry_ws/install/forestry_description/share/forestry_description/hook/pkg_config_path.ps1'
[0.363s] INFO:colcon.colcon_core.shell:Creating environment descriptor '/home/hsh/forestry_ws/install/forestry_description/share/forestry_description/hook/pkg_config_path.dsv'
[0.363s] INFO:colcon.colcon_core.shell:Creating environment hook '/home/hsh/forestry_ws/install/forestry_description/share/forestry_description/hook/pkg_config_path.sh'
[0.365s] Level 1:colcon.colcon_core.shell:create_environment_hook('forestry_description', 'pkg_config_path_multiarch')
[0.365s] INFO:colcon.colcon_core.shell:Creating environment hook '/home/hsh/forestry_ws/install/forestry_description/share/forestry_description/hook/pkg_config_path_multiarch.ps1'
[0.366s] INFO:colcon.colcon_core.shell:Creating environment descriptor '/home/hsh/forestry_ws/install/forestry_description/share/forestry_description/hook/pkg_config_path_multiarch.dsv'
[0.366s] INFO:colcon.colcon_core.shell:Creating environment hook '/home/hsh/forestry_ws/install/forestry_description/share/forestry_description/hook/pkg_config_path_multiarch.sh'
[0.367s] Level 1:colcon.colcon_core.environment:create_environment_scripts_only(forestry_description)
[0.368s] Level 1:colcon.colcon_core.environment:checking '/home/hsh/forestry_ws/install/forestry_description' for CMake module files
[0.368s] Level 1:colcon.colcon_core.environment:checking '/home/hsh/forestry_ws/install/forestry_description' for CMake config files
[0.368s] Level 1:colcon.colcon_core.shell:create_environment_hook('forestry_description', 'cmake_prefix_path')
[0.368s] INFO:colcon.colcon_core.shell:Creating environment hook '/home/hsh/forestry_ws/install/forestry_description/share/forestry_description/hook/cmake_prefix_path.ps1'
[0.368s] INFO:colcon.colcon_core.shell:Creating environment descriptor '/home/hsh/forestry_ws/install/forestry_description/share/forestry_description/hook/cmake_prefix_path.dsv'
[0.369s] INFO:colcon.colcon_core.shell:Creating environment hook '/home/hsh/forestry_ws/install/forestry_description/share/forestry_description/hook/cmake_prefix_path.sh'
[0.369s] Level 1:colcon.colcon_core.environment:checking '/home/hsh/forestry_ws/install/forestry_description/bin'
[0.369s] Level 1:colcon.colcon_core.environment:checking '/home/hsh/forestry_ws/install/forestry_description/lib/pkgconfig/forestry_description.pc'
[0.369s] Level 1:colcon.colcon_core.environment:checking '/home/hsh/forestry_ws/install/forestry_description/lib/python3.8/site-packages'
[0.369s] Level 1:colcon.colcon_core.environment:checking '/home/hsh/forestry_ws/install/forestry_description/bin'
[0.369s] INFO:colcon.colcon_core.shell:Creating package script '/home/hsh/forestry_ws/install/forestry_description/share/forestry_description/package.ps1'
[0.370s] INFO:colcon.colcon_core.shell:Creating package descriptor '/home/hsh/forestry_ws/install/forestry_description/share/forestry_description/package.dsv'
[0.370s] INFO:colcon.colcon_core.shell:Creating package script '/home/hsh/forestry_ws/install/forestry_description/share/forestry_description/package.sh'
[0.370s] INFO:colcon.colcon_core.shell:Creating package script '/home/hsh/forestry_ws/install/forestry_description/share/forestry_description/package.bash'
[0.370s] INFO:colcon.colcon_core.shell:Creating package script '/home/hsh/forestry_ws/install/forestry_description/share/forestry_description/package.zsh'
[0.370s] Level 1:colcon.colcon_core.environment:create_file_with_runtime_dependencies(/home/hsh/forestry_ws/install/forestry_description/share/colcon-core/packages/forestry_description)
[0.371s] Level 1:colcon.colcon_core.environment:create_environment_scripts_only(ecvt_controller)
[0.371s] Level 1:colcon.colcon_core.environment:checking '/home/hsh/forestry_ws/install/ecvt_controller' for CMake module files
[0.372s] Level 1:colcon.colcon_core.environment:checking '/home/hsh/forestry_ws/install/ecvt_controller' for CMake config files
[0.372s] Level 1:colcon.colcon_core.shell:create_environment_hook('ecvt_controller', 'cmake_prefix_path')
[0.372s] INFO:colcon.colcon_core.shell:Creating environment hook '/home/hsh/forestry_ws/install/ecvt_controller/share/ecvt_controller/hook/cmake_prefix_path.ps1'
[0.372s] INFO:colcon.colcon_core.shell:Creating environment descriptor '/home/hsh/forestry_ws/install/ecvt_controller/share/ecvt_controller/hook/cmake_prefix_path.dsv'
[0.372s] INFO:colcon.colcon_core.shell:Creating environment hook '/home/hsh/forestry_ws/install/ecvt_controller/share/ecvt_controller/hook/cmake_prefix_path.sh'
[0.372s] Level 1:colcon.colcon_core.environment:checking '/home/hsh/forestry_ws/install/ecvt_controller/lib'
[0.372s] Level 1:colcon.colcon_core.environment:checking '/home/hsh/forestry_ws/install/ecvt_controller/bin'
[0.372s] Level 1:colcon.colcon_core.environment:checking '/home/hsh/forestry_ws/install/ecvt_controller/lib/pkgconfig/ecvt_controller.pc'
[0.373s] Level 1:colcon.colcon_core.environment:checking '/home/hsh/forestry_ws/install/ecvt_controller/lib/python3.8/site-packages'
[0.373s] Level 1:colcon.colcon_core.environment:checking '/home/hsh/forestry_ws/install/ecvt_controller/bin'
[0.373s] INFO:colcon.colcon_core.shell:Creating package script '/home/hsh/forestry_ws/install/ecvt_controller/share/ecvt_controller/package.ps1'
[0.373s] INFO:colcon.colcon_core.shell:Creating package descriptor '/home/hsh/forestry_ws/install/ecvt_controller/share/ecvt_controller/package.dsv'
[0.373s] INFO:colcon.colcon_core.shell:Creating package script '/home/hsh/forestry_ws/install/ecvt_controller/share/ecvt_controller/package.sh'
[0.373s] INFO:colcon.colcon_core.shell:Creating package script '/home/hsh/forestry_ws/install/ecvt_controller/share/ecvt_controller/package.bash'
[0.373s] INFO:colcon.colcon_core.shell:Creating package script '/home/hsh/forestry_ws/install/ecvt_controller/share/ecvt_controller/package.zsh'
[0.374s] Level 1:colcon.colcon_core.environment:create_file_with_runtime_dependencies(/home/hsh/forestry_ws/install/ecvt_controller/share/colcon-core/packages/ecvt_controller)
[0.374s] Level 1:colcon.colcon_core.environment:create_environment_scripts_only(forestry_control)
[0.374s] Level 1:colcon.colcon_core.environment:checking '/home/hsh/forestry_ws/install/forestry_control' for CMake module files
[0.374s] Level 1:colcon.colcon_core.environment:checking '/home/hsh/forestry_ws/install/forestry_control' for CMake config files
[0.375s] Level 1:colcon.colcon_core.shell:create_environment_hook('forestry_control', 'cmake_prefix_path')
[0.375s] INFO:colcon.colcon_core.shell:Creating environment hook '/home/hsh/forestry_ws/install/forestry_control/share/forestry_control/hook/cmake_prefix_path.ps1'
[0.375s] INFO:colcon.colcon_core.shell:Creating environment descriptor '/home/hsh/forestry_ws/install/forestry_control/share/forestry_control/hook/cmake_prefix_path.dsv'
[0.375s] INFO:colcon.colcon_core.shell:Creating environment hook '/home/hsh/forestry_ws/install/forestry_control/share/forestry_control/hook/cmake_prefix_path.sh'
[0.375s] Level 1:colcon.colcon_core.environment:checking '/home/hsh/forestry_ws/install/forestry_control/lib'
[0.375s] Level 1:colcon.colcon_core.environment:checking '/home/hsh/forestry_ws/install/forestry_control/bin'
[0.375s] Level 1:colcon.colcon_core.environment:checking '/home/hsh/forestry_ws/install/forestry_control/lib/pkgconfig/forestry_control.pc'
[0.375s] Level 1:colcon.colcon_core.environment:checking '/home/hsh/forestry_ws/install/forestry_control/lib/python3.8/site-packages'
[0.375s] Level 1:colcon.colcon_core.environment:checking '/home/hsh/forestry_ws/install/forestry_control/bin'
[0.376s] INFO:colcon.colcon_core.shell:Creating package script '/home/hsh/forestry_ws/install/forestry_control/share/forestry_control/package.ps1'
[0.376s] INFO:colcon.colcon_core.shell:Creating package descriptor '/home/hsh/forestry_ws/install/forestry_control/share/forestry_control/package.dsv'
[0.376s] INFO:colcon.colcon_core.shell:Creating package script '/home/hsh/forestry_ws/install/forestry_control/share/forestry_control/package.sh'
[0.376s] INFO:colcon.colcon_core.shell:Creating package script '/home/hsh/forestry_ws/install/forestry_control/share/forestry_control/package.bash'
[0.376s] INFO:colcon.colcon_core.shell:Creating package script '/home/hsh/forestry_ws/install/forestry_control/share/forestry_control/package.zsh'
[0.376s] Level 1:colcon.colcon_core.environment:create_file_with_runtime_dependencies(/home/hsh/forestry_ws/install/forestry_control/share/colcon-core/packages/forestry_control)
[0.377s] DEBUG:colcon.colcon_parallel_executor.executor.parallel:closing loop
[0.377s] DEBUG:colcon.colcon_parallel_executor.executor.parallel:loop closed
[0.377s] DEBUG:colcon.colcon_parallel_executor.executor.parallel:run_until_complete finished with '0'
[0.377s] DEBUG:colcon.colcon_core.event_reactor:joining thread
[0.380s] INFO:colcon.colcon_core.plugin_system:Skipping extension 'colcon_notification.desktop_notification.terminal_notifier': Not used on non-Darwin systems
[0.380s] INFO:colcon.colcon_core.plugin_system:Skipping extension 'colcon_notification.desktop_notification.win32': Not used on non-Windows systems
[0.380s] INFO:colcon.colcon_notification.desktop_notification:Sending desktop notification using 'notify2'
[0.385s] DEBUG:colcon.colcon_core.event_reactor:joined thread
[0.385s] INFO:colcon.colcon_core.shell:Creating prefix script '/home/hsh/forestry_ws/install/local_setup.ps1'
[0.385s] INFO:colcon.colcon_core.shell:Creating prefix util module '/home/hsh/forestry_ws/install/_local_setup_util_ps1.py'
[0.386s] INFO:colcon.colcon_core.shell:Creating prefix chain script '/home/hsh/forestry_ws/install/setup.ps1'
[0.386s] INFO:colcon.colcon_core.shell:Creating prefix script '/home/hsh/forestry_ws/install/local_setup.sh'
[0.387s] INFO:colcon.colcon_core.shell:Creating prefix util module '/home/hsh/forestry_ws/install/_local_setup_util_sh.py'
[0.387s] INFO:colcon.colcon_core.shell:Creating prefix chain script '/home/hsh/forestry_ws/install/setup.sh'
[0.387s] INFO:colcon.colcon_core.shell:Creating prefix script '/home/hsh/forestry_ws/install/local_setup.bash'
[0.387s] INFO:colcon.colcon_core.shell:Creating prefix chain script '/home/hsh/forestry_ws/install/setup.bash'
[0.388s] INFO:colcon.colcon_core.shell:Creating prefix script '/home/hsh/forestry_ws/install/local_setup.zsh'
[0.388s] INFO:colcon.colcon_core.shell:Creating prefix chain script '/home/hsh/forestry_ws/install/setup.zsh'
